22:18:41 INFO Epoch: 1, 	 Iter: 50/188, 	 Loss: 1.59332574, 	 Acc: 27.500 , 	 lr: 0.001000
22:18:42 INFO Epoch: 1, 	 Iter: 100/188, 	 Loss: 1.60856451, 	 Acc: 25.062 , 	 lr: 0.001000
22:18:42 INFO Epoch: 1, 	 Iter: 150/188, 	 Loss: 1.61415137, 	 Acc: 23.688 , 	 lr: 0.001000
22:18:43 INFO Epoch: 1, 	 Valid, Loss: 1.62386067, 	 Acc: 19.800 , 	 Best Acc: 19.800
22:18:43 DEBUG Loaded backend agg version v2.2.
22:18:43 DEBUG findfont: Matching sans\-serif:style=normal:variant=normal:weight=normal:stretch=normal:size=10.0.
22:18:43 DEBUG findfont: score(FontEntry(fname='/home/lidongting/miniconda3/envs/NLP/lib/python3.11/site-packages/matplotlib/mpl-data/fonts/ttf/STIXSizFiveSymReg.ttf', name='STIXSizeFiveSym', style='normal', variant='normal', weight=400, stretch='normal', size='scalable')) = 10.05
22:18:43 DEBUG findfont: score(FontEntry(fname='/home/lidongting/miniconda3/envs/NLP/lib/python3.11/site-packages/matplotlib/mpl-data/fonts/ttf/DejaVuSerif.ttf', name='DejaVu Serif', style='normal', variant='normal', weight=400, stretch='normal', size='scalable')) = 10.05
22:18:43 DEBUG findfont: score(FontEntry(fname='/home/lidongting/miniconda3/envs/NLP/lib/python3.11/site-packages/matplotlib/mpl-data/fonts/ttf/STIXSizTwoSymReg.ttf', name='STIXSizeTwoSym', style='normal', variant='normal', weight=400, stretch='normal', size='scalable')) = 10.05
22:18:43 DEBUG findfont: score(FontEntry(fname='/home/lidongting/miniconda3/envs/NLP/lib/python3.11/site-packages/matplotlib/mpl-data/fonts/ttf/STIXSizThreeSymBol.ttf', name='STIXSizeThreeSym', style='normal', variant='normal', weight=700, stretch='normal', size='scalable')) = 10.335
22:18:43 DEBUG findfont: score(FontEntry(fname='/home/lidongting/miniconda3/envs/NLP/lib/python3.11/site-packages/matplotlib/mpl-data/fonts/ttf/DejaVuSans-Bold.ttf', name='DejaVu Sans', style='normal', variant='normal', weight=700, stretch='normal', size='scalable')) = 0.33499999999999996
22:18:43 DEBUG findfont: score(FontEntry(fname='/home/lidongting/miniconda3/envs/NLP/lib/python3.11/site-packages/matplotlib/mpl-data/fonts/ttf/STIXGeneral.ttf', name='STIXGeneral', style='normal', variant='normal', weight=400, stretch='normal', size='scalable')) = 10.05
22:18:43 DEBUG findfont: score(FontEntry(fname='/home/lidongting/miniconda3/envs/NLP/lib/python3.11/site-packages/matplotlib/mpl-data/fonts/ttf/DejaVuSans-Oblique.ttf', name='DejaVu Sans', style='oblique', variant='normal', weight=400, stretch='normal', size='scalable')) = 1.05
22:18:43 DEBUG findfont: score(FontEntry(fname='/home/lidongting/miniconda3/envs/NLP/lib/python3.11/site-packages/matplotlib/mpl-data/fonts/ttf/STIXSizOneSymReg.ttf', name='STIXSizeOneSym', style='normal', variant='normal', weight=400, stretch='normal', size='scalable')) = 10.05
22:18:43 DEBUG findfont: score(FontEntry(fname='/home/lidongting/miniconda3/envs/NLP/lib/python3.11/site-packages/matplotlib/mpl-data/fonts/ttf/cmtt10.ttf', name='cmtt10', style='normal', variant='normal', weight=400, stretch='normal', size='scalable')) = 10.05
22:18:43 DEBUG findfont: score(FontEntry(fname='/home/lidongting/miniconda3/envs/NLP/lib/python3.11/site-packages/matplotlib/mpl-data/fonts/ttf/DejaVuSans-BoldOblique.ttf', name='DejaVu Sans', style='oblique', variant='normal', weight=700, stretch='normal', size='scalable')) = 1.335
22:18:43 DEBUG findfont: score(FontEntry(fname='/home/lidongting/miniconda3/envs/NLP/lib/python3.11/site-packages/matplotlib/mpl-data/fonts/ttf/DejaVuSerif-Bold.ttf', name='DejaVu Serif', style='normal', variant='normal', weight=700, stretch='normal', size='scalable')) = 10.335
22:18:43 DEBUG findfont: score(FontEntry(fname='/home/lidongting/miniconda3/envs/NLP/lib/python3.11/site-packages/matplotlib/mpl-data/fonts/ttf/cmb10.ttf', name='cmb10', style='normal', variant='normal', weight=400, stretch='normal', size='scalable')) = 10.05
22:18:43 DEBUG findfont: score(FontEntry(fname='/home/lidongting/miniconda3/envs/NLP/lib/python3.11/site-packages/matplotlib/mpl-data/fonts/ttf/STIXSizFourSymBol.ttf', name='STIXSizeFourSym', style='normal', variant='normal', weight=700, stretch='normal', size='scalable')) = 10.335
22:18:43 DEBUG findfont: score(FontEntry(fname='/home/lidongting/miniconda3/envs/NLP/lib/python3.11/site-packages/matplotlib/mpl-data/fonts/ttf/DejaVuSans.ttf', name='DejaVu Sans', style='normal', variant='normal', weight=400, stretch='normal', size='scalable')) = 0.05
22:18:43 DEBUG findfont: score(FontEntry(fname='/home/lidongting/miniconda3/envs/NLP/lib/python3.11/site-packages/matplotlib/mpl-data/fonts/ttf/cmss10.ttf', name='cmss10', style='normal', variant='normal', weight=400, stretch='normal', size='scalable')) = 10.05
22:18:43 DEBUG findfont: score(FontEntry(fname='/home/lidongting/miniconda3/envs/NLP/lib/python3.11/site-packages/matplotlib/mpl-data/fonts/ttf/DejaVuSansDisplay.ttf', name='DejaVu Sans Display', style='normal', variant='normal', weight=400, stretch='normal', size='scalable')) = 10.05
22:18:43 DEBUG findfont: score(FontEntry(fname='/home/lidongting/miniconda3/envs/NLP/lib/python3.11/site-packages/matplotlib/mpl-data/fonts/ttf/DejaVuSansMono.ttf', name='DejaVu Sans Mono', style='normal', variant='normal', weight=400, stretch='normal', size='scalable')) = 10.05
22:18:43 DEBUG findfont: score(FontEntry(fname='/home/lidongting/miniconda3/envs/NLP/lib/python3.11/site-packages/matplotlib/mpl-data/fonts/ttf/STIXGeneralItalic.ttf', name='STIXGeneral', style='italic', variant='normal', weight=400, stretch='normal', size='scalable')) = 11.05
22:18:43 DEBUG findfont: score(FontEntry(fname='/home/lidongting/miniconda3/envs/NLP/lib/python3.11/site-packages/matplotlib/mpl-data/fonts/ttf/STIXNonUniBol.ttf', name='STIXNonUnicode', style='normal', variant='normal', weight=700, stretch='normal', size='scalable')) = 10.335
22:18:43 DEBUG findfont: score(FontEntry(fname='/home/lidongting/miniconda3/envs/NLP/lib/python3.11/site-packages/matplotlib/mpl-data/fonts/ttf/cmr10.ttf', name='cmr10', style='normal', variant='normal', weight=400, stretch='normal', size='scalable')) = 10.05
22:18:43 DEBUG findfont: score(FontEntry(fname='/home/lidongting/miniconda3/envs/NLP/lib/python3.11/site-packages/matplotlib/mpl-data/fonts/ttf/STIXSizThreeSymReg.ttf', name='STIXSizeThreeSym', style='normal', variant='normal', weight=400, stretch='normal', size='scalable')) = 10.05
22:18:43 DEBUG findfont: score(FontEntry(fname='/home/lidongting/miniconda3/envs/NLP/lib/python3.11/site-packages/matplotlib/mpl-data/fonts/ttf/DejaVuSansMono-Bold.ttf', name='DejaVu Sans Mono', style='normal', variant='normal', weight=700, stretch='normal', size='scalable')) = 10.335
22:18:43 DEBUG findfont: score(FontEntry(fname='/home/lidongting/miniconda3/envs/NLP/lib/python3.11/site-packages/matplotlib/mpl-data/fonts/ttf/STIXSizTwoSymBol.ttf', name='STIXSizeTwoSym', style='normal', variant='normal', weight=700, stretch='normal', size='scalable')) = 10.335
22:18:43 DEBUG findfont: score(FontEntry(fname='/home/lidongting/miniconda3/envs/NLP/lib/python3.11/site-packages/matplotlib/mpl-data/fonts/ttf/STIXNonUniBolIta.ttf', name='STIXNonUnicode', style='italic', variant='normal', weight=700, stretch='normal', size='scalable')) = 11.335
22:18:43 DEBUG findfont: score(FontEntry(fname='/home/lidongting/miniconda3/envs/NLP/lib/python3.11/site-packages/matplotlib/mpl-data/fonts/ttf/DejaVuSerif-BoldItalic.ttf', name='DejaVu Serif', style='italic', variant='normal', weight=700, stretch='normal', size='scalable')) = 11.335
22:18:43 DEBUG findfont: score(FontEntry(fname='/home/lidongting/miniconda3/envs/NLP/lib/python3.11/site-packages/matplotlib/mpl-data/fonts/ttf/STIXGeneralBol.ttf', name='STIXGeneral', style='normal', variant='normal', weight=700, stretch='normal', size='scalable')) = 10.335
22:18:43 DEBUG findfont: score(FontEntry(fname='/home/lidongting/miniconda3/envs/NLP/lib/python3.11/site-packages/matplotlib/mpl-data/fonts/ttf/DejaVuSerifDisplay.ttf', name='DejaVu Serif Display', style='normal', variant='normal', weight=400, stretch='normal', size='scalable')) = 10.05
22:18:43 DEBUG findfont: score(FontEntry(fname='/home/lidongting/miniconda3/envs/NLP/lib/python3.11/site-packages/matplotlib/mpl-data/fonts/ttf/STIXSizOneSymBol.ttf', name='STIXSizeOneSym', style='normal', variant='normal', weight=700, stretch='normal', size='scalable')) = 10.335
22:18:43 DEBUG findfont: score(FontEntry(fname='/home/lidongting/miniconda3/envs/NLP/lib/python3.11/site-packages/matplotlib/mpl-data/fonts/ttf/STIXSizFourSymReg.ttf', name='STIXSizeFourSym', style='normal', variant='normal', weight=400, stretch='normal', size='scalable')) = 10.05
22:18:43 DEBUG findfont: score(FontEntry(fname='/home/lidongting/miniconda3/envs/NLP/lib/python3.11/site-packages/matplotlib/mpl-data/fonts/ttf/DejaVuSansMono-BoldOblique.ttf', name='DejaVu Sans Mono', style='oblique', variant='normal', weight=700, stretch='normal', size='scalable')) = 11.335
22:18:43 DEBUG findfont: score(FontEntry(fname='/home/lidongting/miniconda3/envs/NLP/lib/python3.11/site-packages/matplotlib/mpl-data/fonts/ttf/STIXNonUni.ttf', name='STIXNonUnicode', style='normal', variant='normal', weight=400, stretch='normal', size='scalable')) = 10.05
22:18:43 DEBUG findfont: score(FontEntry(fname='/home/lidongting/miniconda3/envs/NLP/lib/python3.11/site-packages/matplotlib/mpl-data/fonts/ttf/STIXGeneralBolIta.ttf', name='STIXGeneral', style='italic', variant='normal', weight=700, stretch='normal', size='scalable')) = 11.335
22:18:43 DEBUG findfont: score(FontEntry(fname='/home/lidongting/miniconda3/envs/NLP/lib/python3.11/site-packages/matplotlib/mpl-data/fonts/ttf/cmsy10.ttf', name='cmsy10', style='normal', variant='normal', weight=400, stretch='normal', size='scalable')) = 10.05
22:18:43 DEBUG findfont: score(FontEntry(fname='/home/lidongting/miniconda3/envs/NLP/lib/python3.11/site-packages/matplotlib/mpl-data/fonts/ttf/cmmi10.ttf', name='cmmi10', style='normal', variant='normal', weight=400, stretch='normal', size='scalable')) = 10.05
22:18:43 DEBUG findfont: score(FontEntry(fname='/home/lidongting/miniconda3/envs/NLP/lib/python3.11/site-packages/matplotlib/mpl-data/fonts/ttf/STIXNonUniIta.ttf', name='STIXNonUnicode', style='italic', variant='normal', weight=400, stretch='normal', size='scalable')) = 11.05
22:18:43 DEBUG findfont: score(FontEntry(fname='/home/lidongting/miniconda3/envs/NLP/lib/python3.11/site-packages/matplotlib/mpl-data/fonts/ttf/DejaVuSerif-Italic.ttf', name='DejaVu Serif', style='italic', variant='normal', weight=400, stretch='normal', size='scalable')) = 11.05
22:18:43 DEBUG findfont: score(FontEntry(fname='/home/lidongting/miniconda3/envs/NLP/lib/python3.11/site-packages/matplotlib/mpl-data/fonts/ttf/DejaVuSansMono-Oblique.ttf', name='DejaVu Sans Mono', style='oblique', variant='normal', weight=400, stretch='normal', size='scalable')) = 11.05
22:18:43 DEBUG findfont: score(FontEntry(fname='/home/lidongting/miniconda3/envs/NLP/lib/python3.11/site-packages/matplotlib/mpl-data/fonts/ttf/cmex10.ttf', name='cmex10', style='normal', variant='normal', weight=400, stretch='normal', size='scalable')) = 10.05
22:18:43 DEBUG findfont: score(FontEntry(fname='/usr/share/fonts/truetype/liberation2/LiberationSerif-BoldItalic.ttf', name='Liberation Serif', style='italic', variant='normal', weight=700, stretch='normal', size='scalable')) = 11.335
22:18:43 DEBUG findfont: score(FontEntry(fname='/usr/share/fonts/truetype/lyx/msbm10.ttf', name='msbm10', style='normal', variant='normal', weight=400, stretch='normal', size='scalable')) = 10.05
22:18:43 DEBUG findfont: score(FontEntry(fname='/usr/share/fonts/opentype/urw-base35/StandardSymbolsPS.otf', name='Standard Symbols PS', style='normal', variant='normal', weight=400, stretch='normal', size='scalable')) = 10.05
22:18:43 DEBUG findfont: score(FontEntry(fname='/usr/share/fonts/truetype/Navilu/Navilu.ttf', name='Navilu', style='normal', variant='normal', weight=400, stretch='normal', size='scalable')) = 10.05
22:18:43 DEBUG findfont: score(FontEntry(fname='/usr/share/fonts/truetype/dejavu/DejaVuSans.ttf', name='DejaVu Sans', style='normal', variant='normal', weight=400, stretch='normal', size='scalable')) = 0.05
22:18:43 DEBUG findfont: score(FontEntry(fname='/usr/share/fonts/truetype/liberation/LiberationMono-BoldItalic.ttf', name='Liberation Mono', style='italic', variant='normal', weight=700, stretch='normal', size='scalable')) = 11.335
22:18:43 DEBUG findfont: score(FontEntry(fname='/usr/share/fonts/truetype/fonts-orya-extra/utkal.ttf', name='ori1Uni', style='normal', variant='normal', weight=500, stretch='normal', size='scalable')) = 10.145
22:18:43 DEBUG findfont: score(FontEntry(fname='/usr/share/fonts/truetype/tlwg/Kinnari-Bold.ttf', name='Kinnari', style='normal', variant='normal', weight=700, stretch='normal', size='scalable')) = 10.335
22:18:43 DEBUG findfont: score(FontEntry(fname='/usr/share/fonts/truetype/tlwg/Sawasdee.ttf', name='Sawasdee', style='normal', variant='normal', weight=400, stretch='normal', size='scalable')) = 10.05
22:18:43 DEBUG findfont: score(FontEntry(fname='/usr/share/fonts/truetype/tlwg/TlwgTypist-Bold.ttf', name='Tlwg Typist', style='normal', variant='normal', weight=700, stretch='normal', size='scalable')) = 10.335
22:18:43 DEBUG findfont: score(FontEntry(fname='/usr/share/fonts/truetype/tlwg/Umpush-LightOblique.ttf', name='Umpush', style='oblique', variant='normal', weight=300, stretch='normal', size='scalable')) = 11.145
22:18:43 DEBUG findfont: score(FontEntry(fname='/usr/share/fonts/truetype/fonts-deva-extra/chandas1-2.ttf', name='Chandas', style='normal', variant='normal', weight=400, stretch='normal', size='scalable')) = 10.05
22:18:43 DEBUG findfont: score(FontEntry(fname='/usr/share/fonts/truetype/dejavu/DejaVuSans-BoldOblique.ttf', name='DejaVu Sans', style='oblique', variant='normal', weight=700, stretch='normal', size='scalable')) = 1.335
22:18:43 DEBUG findfont: score(FontEntry(fname='/usr/share/fonts/truetype/kacst/KacstTitle.ttf', name='KacstTitle', style='normal', variant='normal', weight=500, stretch='normal', size='scalable')) = 10.145
22:18:43 DEBUG findfont: score(FontEntry(fname='/usr/share/fonts/truetype/fonts-deva-extra/kalimati.ttf', name='Kalimati', style='normal', variant='normal', weight=400, stretch='normal', size='scalable')) = 10.05
22:18:43 DEBUG findfont: score(FontEntry(fname='/usr/share/fonts/truetype/tlwg/Kinnari.ttf', name='Kinnari', style='normal', variant='normal', weight=400, stretch='normal', size='scalable')) = 10.05
22:18:43 DEBUG findfont: score(FontEntry(fname='/usr/share/fonts/truetype/tlwg/Loma-BoldOblique.ttf', name='Loma', style='oblique', variant='normal', weight=700, stretch='normal', size='scalable')) = 11.335
22:18:43 DEBUG findfont: score(FontEntry(fname='/usr/share/fonts/truetype/dejavu/DejaVuSerifCondensed-BoldItalic.ttf', name='DejaVu Serif', style='italic', variant='normal', weight=700, stretch='condensed', size='scalable')) = 11.535
22:18:43 DEBUG findfont: score(FontEntry(fname='/usr/share/fonts/opentype/urw-base35/URWGothic-BookOblique.otf', name='URW Gothic', style='oblique', variant='normal', weight=400, stretch='normal', size='scalable')) = 11.05
22:18:43 DEBUG findfont: score(FontEntry(fname='/usr/share/fonts/truetype/lyx/cmr10.ttf', name='cmr10', style='normal', variant='normal', weight=400, stretch='normal', size='scalable')) = 10.05
22:18:43 DEBUG findfont: score(FontEntry(fname='/usr/share/fonts/opentype/malayalam/Manjari-Bold.otf', name='Manjari', style='normal', variant='normal', weight=700, stretch='normal', size='scalable')) = 10.335
22:18:43 DEBUG findfont: score(FontEntry(fname='/usr/share/fonts/truetype/tlwg/Umpush-Oblique.ttf', name='Umpush', style='oblique', variant='normal', weight=400, stretch='normal', size='scalable')) = 11.05
22:18:43 DEBUG findfont: score(FontEntry(fname='/usr/share/fonts/truetype/tlwg/Loma-Bold.ttf', name='Loma', style='normal', variant='normal', weight=700, stretch='normal', size='scalable')) = 10.335
22:18:43 DEBUG findfont: score(FontEntry(fname='/usr/share/fonts/opentype/urw-base35/NimbusSansNarrow-Bold.otf', name='Nimbus Sans Narrow', style='normal', variant='normal', weight=700, stretch='condensed', size='scalable')) = 10.535
22:18:43 DEBUG findfont: score(FontEntry(fname='/usr/share/fonts/truetype/liberation/LiberationSerif-Italic.ttf', name='Liberation Serif', style='italic', variant='normal', weight=400, stretch='normal', size='scalable')) = 11.05
22:18:43 DEBUG findfont: score(FontEntry(fname='/usr/share/fonts/truetype/ttf-bitstream-vera/VeraMoBI.ttf', name='Bitstream Vera Sans Mono', style='oblique', variant='normal', weight=700, stretch='normal', size='scalable')) = 11.335
22:18:43 DEBUG findfont: score(FontEntry(fname='/usr/share/fonts/truetype/liberation/LiberationMono-Italic.ttf', name='Liberation Mono', style='italic', variant='normal', weight=400, stretch='normal', size='scalable')) = 11.05
22:18:43 DEBUG findfont: score(FontEntry(fname='/usr/share/fonts/truetype/dejavu/DejaVuSerifCondensed-Bold.ttf', name='DejaVu Serif', style='normal', variant='normal', weight=700, stretch='condensed', size='scalable')) = 10.535
22:18:43 DEBUG findfont: score(FontEntry(fname='/usr/share/fonts/truetype/dejavu/DejaVuSerifCondensed-Italic.ttf', name='DejaVu Serif', style='italic', variant='normal', weight=400, stretch='condensed', size='scalable')) = 11.25
22:18:43 DEBUG findfont: score(FontEntry(fname='/usr/share/fonts/opentype/urw-base35/NimbusRoman-Bold.otf', name='Nimbus Roman', style='normal', variant='normal', weight=700, stretch='normal', size='scalable')) = 10.335
22:18:43 DEBUG findfont: score(FontEntry(fname='/usr/share/fonts/truetype/lohit-devanagari/Lohit-Devanagari.ttf', name='Lohit Devanagari', style='normal', variant='normal', weight=400, stretch='normal', size='scalable')) = 10.05
22:18:43 DEBUG findfont: score(FontEntry(fname='/usr/share/fonts/truetype/tlwg/Purisa.ttf', name='Purisa', style='normal', variant='normal', weight=400, stretch='normal', size='scalable')) = 10.05
22:18:43 DEBUG findfont: score(FontEntry(fname='/usr/share/fonts/truetype/fonts-beng-extra/JamrulNormal.ttf', name='Jamrul', style='normal', variant='normal', weight=500, stretch='normal', size='scalable')) = 10.145
22:18:43 DEBUG findfont: score(FontEntry(fname='/usr/share/fonts/truetype/liberation2/LiberationSans-Italic.ttf', name='Liberation Sans', style='italic', variant='normal', weight=400, stretch='normal', size='scalable')) = 11.05
22:18:43 DEBUG findfont: score(FontEntry(fname='/usr/share/fonts/truetype/ttf-bitstream-vera/Vera.ttf', name='Bitstream Vera Sans', style='normal', variant='normal', weight=400, stretch='normal', size='scalable')) = 0.9590909090909092
22:18:43 DEBUG findfont: score(FontEntry(fname='/usr/share/fonts/truetype/tlwg/Purisa-Oblique.ttf', name='Purisa', style='oblique', variant='normal', weight=400, stretch='normal', size='scalable')) = 11.05
22:18:43 DEBUG findfont: score(FontEntry(fname='/usr/share/fonts/opentype/noto/NotoSerifCJK-Bold.ttc', name='Noto Serif CJK JP', style='normal', variant='normal', weight=700, stretch='normal', size='scalable')) = 10.335
22:18:43 DEBUG findfont: score(FontEntry(fname='/usr/share/fonts/truetype/fonts-beng-extra/LikhanNormal.ttf', name='Likhan', style='normal', variant='normal', weight=500, stretch='normal', size='scalable')) = 10.145
22:18:43 DEBUG findfont: score(FontEntry(fname='/usr/share/fonts/truetype/ttf-khmeros-core/KhmerOS.ttf', name='Khmer OS', style='normal', variant='normal', weight=400, stretch='normal', size='scalable')) = 10.05
22:18:43 DEBUG findfont: score(FontEntry(fname='/usr/share/fonts/opentype/urw-base35/NimbusRoman-Regular.otf', name='Nimbus Roman', style='normal', variant='normal', weight=400, stretch='normal', size='scalable')) = 10.05
22:18:43 DEBUG findfont: score(FontEntry(fname='/usr/share/fonts/truetype/tlwg/Norasi-Oblique.ttf', name='Norasi', style='oblique', variant='normal', weight=400, stretch='normal', size='scalable')) = 11.05
22:18:43 DEBUG findfont: score(FontEntry(fname='/usr/share/fonts/truetype/tlwg/TlwgTypewriter-BoldOblique.ttf', name='Tlwg Typewriter', style='oblique', variant='normal', weight=700, stretch='normal', size='scalable')) = 11.335
22:18:43 DEBUG findfont: score(FontEntry(fname='/usr/share/fonts/truetype/lohit-assamese/Lohit-Assamese.ttf', name='Lohit Assamese', style='normal', variant='normal', weight=400, stretch='normal', size='scalable')) = 10.05
22:18:43 DEBUG findfont: score(FontEntry(fname='/usr/share/fonts/truetype/fonts-yrsa-rasa/Rasa-SemiBold.ttf', name='Rasa', style='normal', variant='normal', weight=600, stretch='normal', size='scalable')) = 10.24
22:18:43 DEBUG findfont: score(FontEntry(fname='/usr/share/fonts/truetype/noto/NotoMono-Regular.ttf', name='Noto Mono', style='normal', variant='normal', weight=400, stretch='normal', size='scalable')) = 10.05
22:18:43 DEBUG findfont: score(FontEntry(fname='/usr/share/fonts/opentype/urw-base35/P052-BoldItalic.otf', name='P052', style='italic', variant='normal', weight=700, stretch='normal', size='scalable')) = 11.335
22:18:43 DEBUG findfont: score(FontEntry(fname='/usr/share/fonts/truetype/kacst/KacstQurn.ttf', name='KacstQurn', style='normal', variant='normal', weight=400, stretch='normal', size='scalable')) = 10.05
22:18:43 DEBUG findfont: score(FontEntry(fname='/usr/share/fonts/truetype/freefont/FreeSansOblique.ttf', name='FreeSans', style='oblique', variant='normal', weight=400, stretch='normal', size='scalable')) = 11.05
22:18:43 DEBUG findfont: score(FontEntry(fname='/usr/share/fonts/truetype/dejavu/DejaVuSerif-Bold.ttf', name='DejaVu Serif', style='normal', variant='normal', weight=700, stretch='normal', size='scalable')) = 10.335
22:18:43 DEBUG findfont: score(FontEntry(fname='/usr/share/fonts/truetype/tlwg/Waree-Oblique.ttf', name='Waree', style='oblique', variant='normal', weight=400, stretch='normal', size='scalable')) = 11.05
22:18:43 DEBUG findfont: score(FontEntry(fname='/usr/share/fonts/opentype/urw-base35/NimbusRoman-BoldItalic.otf', name='Nimbus Roman', style='italic', variant='normal', weight=700, stretch='normal', size='scalable')) = 11.335
22:18:43 DEBUG findfont: score(FontEntry(fname='/usr/share/fonts/truetype/ttf-bitstream-vera/VeraMono.ttf', name='Bitstream Vera Sans Mono', style='normal', variant='normal', weight=400, stretch='normal', size='scalable')) = 10.05
22:18:43 DEBUG findfont: score(FontEntry(fname='/usr/share/fonts/truetype/liberation2/LiberationSerif-Regular.ttf', name='Liberation Serif', style='normal', variant='normal', weight=400, stretch='normal', size='scalable')) = 10.05
22:18:43 DEBUG findfont: score(FontEntry(fname='/usr/share/fonts/truetype/Sahadeva/sahadeva.ttf', name='Sahadeva', style='normal', variant='normal', weight=400, stretch='normal', size='scalable')) = 10.05
22:18:43 DEBUG findfont: score(FontEntry(fname='/usr/share/fonts/truetype/samyak-fonts/Samyak-Malayalam.ttf', name='Samyak Malayalam', style='normal', variant='normal', weight=400, stretch='normal', size='scalable')) = 10.05
22:18:43 DEBUG findfont: score(FontEntry(fname='/usr/share/fonts/truetype/kacst/KacstLetter.ttf', name='KacstLetter', style='normal', variant='normal', weight=500, stretch='normal', size='scalable')) = 10.145
22:18:43 DEBUG findfont: score(FontEntry(fname='/usr/share/fonts/truetype/liberation2/LiberationMono-BoldItalic.ttf', name='Liberation Mono', style='italic', variant='normal', weight=700, stretch='normal', size='scalable')) = 11.335
22:18:43 DEBUG findfont: score(FontEntry(fname='/usr/share/fonts/opentype/urw-base35/URWBookman-Demi.otf', name='URW Bookman', style='normal', variant='normal', weight=600, stretch='normal', size='scalable')) = 10.24
22:18:43 DEBUG findfont: score(FontEntry(fname='/usr/share/fonts/opentype/urw-base35/D050000L.otf', name='D050000L', style='normal', variant='normal', weight=400, stretch='normal', size='scalable')) = 10.05
22:18:43 DEBUG findfont: score(FontEntry(fname='/usr/share/fonts/truetype/liberation2/LiberationSans-Regular.ttf', name='Liberation Sans', style='normal', variant='normal', weight=400, stretch='normal', size='scalable')) = 10.05
22:18:43 DEBUG findfont: score(FontEntry(fname='/usr/share/fonts/truetype/tlwg/TlwgMono.ttf', name='Tlwg Mono', style='normal', variant='normal', weight=400, stretch='normal', size='scalable')) = 10.05
22:18:43 DEBUG findfont: score(FontEntry(fname='/usr/share/fonts/truetype/fonts-yrsa-rasa/Yrsa-Medium.ttf', name='Yrsa', style='normal', variant='normal', weight=500, stretch='normal', size='scalable')) = 10.145
22:18:43 DEBUG findfont: score(FontEntry(fname='/usr/share/fonts/truetype/freefont/FreeSerif.ttf', name='FreeSerif', style='normal', variant='normal', weight=400, stretch='normal', size='scalable')) = 10.05
22:18:43 DEBUG findfont: score(FontEntry(fname='/usr/share/fonts/truetype/lohit-kannada/Lohit-Kannada.ttf', name='Lohit Kannada', style='normal', variant='normal', weight=400, stretch='normal', size='scalable')) = 10.05
22:18:43 DEBUG findfont: score(FontEntry(fname='/usr/share/fonts/truetype/dejavu/DejaVuSansMono.ttf', name='DejaVu Sans Mono', style='normal', variant='normal', weight=400, stretch='normal', size='scalable')) = 10.05
22:18:43 DEBUG findfont: score(FontEntry(fname='/usr/share/fonts/truetype/lyx/cmex10.ttf', name='cmex10', style='normal', variant='normal', weight=400, stretch='normal', size='scalable')) = 10.05
22:18:43 DEBUG findfont: score(FontEntry(fname='/usr/share/fonts/truetype/malayalam/Rachana-Regular.ttf', name='Rachana', style='normal', variant='normal', weight=400, stretch='normal', size='scalable')) = 10.05
22:18:43 DEBUG findfont: score(FontEntry(fname='/usr/share/fonts/truetype/ttf-bitstream-vera/VeraSe.ttf', name='Bitstream Vera Serif', style='normal', variant='normal', weight=400, stretch='normal', size='scalable')) = 10.05
22:18:43 DEBUG findfont: score(FontEntry(fname='/usr/share/fonts/truetype/samyak/Samyak-Devanagari.ttf', name='Samyak Devanagari', style='normal', variant='normal', weight=500, stretch='normal', size='scalable')) = 10.145
22:18:43 DEBUG findfont: score(FontEntry(fname='/usr/share/fonts/truetype/fonts-yrsa-rasa/Rasa-Regular.ttf', name='Rasa', style='normal', variant='normal', weight=400, stretch='normal', size='scalable')) = 10.05
22:18:43 DEBUG findfont: score(FontEntry(fname='/usr/share/fonts/truetype/liberation/LiberationSansNarrow-BoldItalic.ttf', name='Liberation Sans Narrow', style='italic', variant='normal', weight=700, stretch='condensed', size='scalable')) = 11.535
22:18:43 DEBUG findfont: score(FontEntry(fname='/usr/share/fonts/opentype/malayalam/Manjari-Thin.otf', name='Manjari', style='normal', variant='normal', weight=100, stretch='normal', size='scalable')) = 10.335
22:18:43 DEBUG findfont: score(FontEntry(fname='/usr/share/fonts/truetype/dejavu/DejaVuSans-ExtraLight.ttf', name='DejaVu Sans', style='normal', variant='normal', weight=200, stretch='normal', size='scalable')) = 0.24
22:18:43 DEBUG findfont: score(FontEntry(fname='/usr/share/fonts/truetype/dejavu/DejaVuSansCondensed-Oblique.ttf', name='DejaVu Sans', style='oblique', variant='normal', weight=400, stretch='condensed', size='scalable')) = 1.25
22:18:43 DEBUG findfont: score(FontEntry(fname='/usr/share/fonts/truetype/padauk/PadaukBook-Regular.ttf', name='Padauk Book', style='normal', variant='normal', weight=400, stretch='normal', size='scalable')) = 10.05
22:18:43 DEBUG findfont: score(FontEntry(fname='/usr/share/fonts/truetype/Sarai/Sarai.ttf', name='Sarai', style='normal', variant='normal', weight=400, stretch='normal', size='scalable')) = 10.05
22:18:43 DEBUG findfont: score(FontEntry(fname='/usr/share/fonts/truetype/tlwg/Umpush.ttf', name='Umpush', style='normal', variant='normal', weight=400, stretch='normal', size='scalable')) = 10.05
22:18:43 DEBUG findfont: score(FontEntry(fname='/usr/share/fonts/truetype/tlwg/Waree.ttf', name='Waree', style='normal', variant='normal', weight=400, stretch='normal', size='scalable')) = 10.05
22:18:43 DEBUG findfont: score(FontEntry(fname='/usr/share/fonts/opentype/urw-base35/NimbusMonoPS-BoldItalic.otf', name='Nimbus Mono PS', style='italic', variant='normal', weight=700, stretch='normal', size='scalable')) = 11.335
22:18:43 DEBUG findfont: score(FontEntry(fname='/usr/share/fonts/truetype/tlwg/Norasi-BoldItalic.ttf', name='Norasi', style='italic', variant='normal', weight=700, stretch='normal', size='scalable')) = 11.335
22:18:43 DEBUG findfont: score(FontEntry(fname='/usr/share/fonts/truetype/lyx/msam10.ttf', name='msam10', style='normal', variant='normal', weight=400, stretch='normal', size='scalable')) = 10.05
22:18:43 DEBUG findfont: score(FontEntry(fname='/usr/share/fonts/truetype/malayalam/Keraleeyam-Regular.ttf', name='Keraleeyam', style='normal', variant='normal', weight=400, stretch='normal', size='scalable')) = 10.05
22:18:43 DEBUG findfont: score(FontEntry(fname='/usr/share/fonts/truetype/liberation/LiberationSans-Italic.ttf', name='Liberation Sans', style='italic', variant='normal', weight=400, stretch='normal', size='scalable')) = 11.05
22:18:43 DEBUG findfont: score(FontEntry(fname='/usr/share/fonts/truetype/fonts-kalapi/Kalapi.ttf', name='Kalapi', style='normal', variant='normal', weight=400, stretch='normal', size='scalable')) = 10.05
22:18:43 DEBUG findfont: score(FontEntry(fname='/usr/share/fonts/truetype/tlwg/Umpush-Bold.ttf', name='Umpush', style='normal', variant='normal', weight=700, stretch='normal', size='scalable')) = 10.335
22:18:43 DEBUG findfont: score(FontEntry(fname='/usr/share/fonts/truetype/ttf-bitstream-vera/VeraSeBd.ttf', name='Bitstream Vera Serif', style='normal', variant='normal', weight=700, stretch='normal', size='scalable')) = 10.335
22:18:43 DEBUG findfont: score(FontEntry(fname='/usr/share/fonts/truetype/tlwg/Kinnari-Italic.ttf', name='Kinnari', style='italic', variant='normal', weight=400, stretch='normal', size='scalable')) = 11.05
22:18:43 DEBUG findfont: score(FontEntry(fname='/usr/share/fonts/truetype/liberation/LiberationSans-Regular.ttf', name='Liberation Sans', style='normal', variant='normal', weight=400, stretch='normal', size='scalable')) = 10.05
22:18:43 DEBUG findfont: score(FontEntry(fname='/usr/share/fonts/truetype/liberation2/LiberationMono-Italic.ttf', name='Liberation Mono', style='italic', variant='normal', weight=400, stretch='normal', size='scalable')) = 11.05
22:18:43 DEBUG findfont: score(FontEntry(fname='/usr/share/fonts/truetype/liberation/LiberationMono-Regular.ttf', name='Liberation Mono', style='normal', variant='normal', weight=400, stretch='normal', size='scalable')) = 10.05
22:18:43 DEBUG findfont: score(FontEntry(fname='/usr/share/fonts/truetype/fonts-telu-extra/vemana2000.ttf', name='Vemana2000', style='normal', variant='normal', weight=400, stretch='normal', size='scalable')) = 10.05
22:18:43 DEBUG findfont: score(FontEntry(fname='/usr/share/fonts/truetype/freefont/FreeSansBoldOblique.ttf', name='FreeSans', style='oblique', variant='normal', weight=600, stretch='normal', size='scalable')) = 11.24
22:18:43 DEBUG findfont: score(FontEntry(fname='/usr/share/fonts/truetype/tlwg/Kinnari-BoldOblique.ttf', name='Kinnari', style='oblique', variant='normal', weight=700, stretch='normal', size='scalable')) = 11.335
22:18:43 DEBUG findfont: score(FontEntry(fname='/usr/share/fonts/truetype/tlwg/Norasi.ttf', name='Norasi', style='normal', variant='normal', weight=400, stretch='normal', size='scalable')) = 10.05
22:18:43 DEBUG findfont: score(FontEntry(fname='/usr/share/fonts/truetype/fonts-gujr-extra/Rekha.ttf', name='Rekha', style='normal', variant='normal', weight=500, stretch='normal', size='scalable')) = 10.145
22:18:43 DEBUG findfont: score(FontEntry(fname='/usr/share/fonts/opentype/urw-base35/C059-Italic.otf', name='C059', style='italic', variant='normal', weight=400, stretch='normal', size='scalable')) = 11.05
22:18:43 DEBUG findfont: score(FontEntry(fname='/usr/share/fonts/truetype/lohit-punjabi/Lohit-Gurmukhi.ttf', name='Lohit Gurmukhi', style='normal', variant='normal', weight=400, stretch='normal', size='scalable')) = 10.05
22:18:43 DEBUG findfont: score(FontEntry(fname='/usr/share/fonts/truetype/tlwg/Sawasdee-Oblique.ttf', name='Sawasdee', style='oblique', variant='normal', weight=400, stretch='normal', size='scalable')) = 11.05
22:18:43 DEBUG findfont: score(FontEntry(fname='/usr/share/fonts/opentype/urw-base35/URWGothic-Book.otf', name='URW Gothic', style='normal', variant='normal', weight=400, stretch='normal', size='scalable')) = 10.05
22:18:43 DEBUG findfont: score(FontEntry(fname='/usr/share/fonts/truetype/samyak-fonts/Samyak-Tamil.ttf', name='Samyak Tamil', style='normal', variant='normal', weight=500, stretch='normal', size='scalable')) = 10.145
22:18:43 DEBUG findfont: score(FontEntry(fname='/usr/share/fonts/truetype/freefont/FreeSerifBoldItalic.ttf', name='FreeSerif', style='italic', variant='normal', weight=700, stretch='normal', size='scalable')) = 11.335
22:18:43 DEBUG findfont: score(FontEntry(fname='/usr/share/fonts/truetype/kacst-one/KacstOne-Bold.ttf', name='KacstOne', style='normal', variant='normal', weight=700, stretch='normal', size='scalable')) = 10.335
22:18:43 DEBUG findfont: score(FontEntry(fname='/usr/share/fonts/opentype/noto/NotoSerifCJK-Regular.ttc', name='Noto Serif CJK JP', style='normal', variant='normal', weight=400, stretch='normal', size='scalable')) = 10.05
22:18:43 DEBUG findfont: score(FontEntry(fname='/usr/share/fonts/truetype/kacst/KacstFarsi.ttf', name='KacstFarsi', style='normal', variant='normal', weight=500, stretch='normal', size='scalable')) = 10.145
22:18:43 DEBUG findfont: score(FontEntry(fname='/usr/share/fonts/truetype/lohit-malayalam/Lohit-Malayalam.ttf', name='Lohit Malayalam', style='normal', variant='normal', weight=400, stretch='normal', size='scalable')) = 10.05
22:18:43 DEBUG findfont: score(FontEntry(fname='/usr/share/fonts/truetype/fonts-yrsa-rasa/Rasa-Bold.ttf', name='Rasa', style='normal', variant='normal', weight=700, stretch='normal', size='scalable')) = 10.335
22:18:43 DEBUG findfont: score(FontEntry(fname='/usr/share/fonts/truetype/fonts-beng-extra/mitra.ttf', name='Mitra Mono', style='normal', variant='normal', weight=400, stretch='normal', size='scalable')) = 10.05
22:18:43 DEBUG findfont: score(FontEntry(fname='/usr/share/fonts/truetype/dejavu/DejaVuMathTeXGyre.ttf', name='DejaVu Math TeX Gyre', style='normal', variant='normal', weight=400, stretch='normal', size='scalable')) = 10.05
22:18:43 DEBUG findfont: score(FontEntry(fname='/usr/share/fonts/truetype/kacst/KacstDecorative.ttf', name='KacstDecorative', style='normal', variant='normal', weight=500, stretch='normal', size='scalable')) = 10.145
22:18:43 DEBUG findfont: score(FontEntry(fname='/usr/share/fonts/truetype/liberation2/LiberationSerif-Bold.ttf', name='Liberation Serif', style='normal', variant='normal', weight=700, stretch='normal', size='scalable')) = 10.335
22:18:43 DEBUG findfont: score(FontEntry(fname='/usr/share/fonts/truetype/tlwg/TlwgTypist-Oblique.ttf', name='Tlwg Typist', style='oblique', variant='normal', weight=400, stretch='normal', size='scalable')) = 11.05
22:18:43 DEBUG findfont: score(FontEntry(fname='/usr/share/fonts/truetype/droid/DroidSansFallbackFull.ttf', name='Droid Sans Fallback', style='normal', variant='normal', weight=400, stretch='normal', size='scalable')) = 10.05
22:18:43 DEBUG findfont: score(FontEntry(fname='/usr/share/fonts/opentype/malayalam/Gayathri-Bold.otf', name='Gayathri', style='normal', variant='normal', weight=700, stretch='normal', size='scalable')) = 10.335
22:18:43 DEBUG findfont: score(FontEntry(fname='/usr/share/fonts/opentype/urw-base35/P052-Roman.otf', name='P052', style='normal', variant='normal', weight=400, stretch='normal', size='scalable')) = 10.05
22:18:43 DEBUG findfont: score(FontEntry(fname='/usr/share/fonts/truetype/tlwg/Laksaman-Italic.ttf', name='Laksaman', style='italic', variant='normal', weight=400, stretch='normal', size='scalable')) = 11.05
22:18:43 DEBUG findfont: score(FontEntry(fname='/usr/share/fonts/opentype/malayalam/Gayathri-Regular.otf', name='Gayathri', style='normal', variant='normal', weight=400, stretch='normal', size='scalable')) = 10.05
22:18:43 DEBUG findfont: score(FontEntry(fname='/usr/share/fonts/truetype/pagul/Pagul.ttf', name='Pagul', style='normal', variant='normal', weight=400, stretch='normal', size='scalable')) = 10.05
22:18:43 DEBUG findfont: score(FontEntry(fname='/usr/share/fonts/opentype/urw-base35/Z003-MediumItalic.otf', name='Z003', style='italic', variant='normal', weight=500, stretch='normal', size='scalable')) = 11.145
22:18:43 DEBUG findfont: score(FontEntry(fname='/usr/share/fonts/truetype/tlwg/Sawasdee-BoldOblique.ttf', name='Sawasdee', style='oblique', variant='normal', weight=700, stretch='normal', size='scalable')) = 11.335
22:18:43 DEBUG findfont: score(FontEntry(fname='/usr/share/fonts/truetype/liberation/LiberationSans-BoldItalic.ttf', name='Liberation Sans', style='italic', variant='normal', weight=700, stretch='normal', size='scalable')) = 11.335
22:18:43 DEBUG findfont: score(FontEntry(fname='/usr/share/fonts/opentype/urw-base35/URWGothic-Demi.otf', name='URW Gothic', style='normal', variant='normal', weight=600, stretch='normal', size='scalable')) = 10.24
22:18:43 DEBUG findfont: score(FontEntry(fname='/usr/share/fonts/truetype/dejavu/DejaVuSansMono-Oblique.ttf', name='DejaVu Sans Mono', style='oblique', variant='normal', weight=400, stretch='normal', size='scalable')) = 11.05
22:18:43 DEBUG findfont: score(FontEntry(fname='/usr/share/fonts/truetype/padauk/PadaukBook-Bold.ttf', name='Padauk Book', style='normal', variant='normal', weight=700, stretch='normal', size='scalable')) = 10.335
22:18:43 DEBUG findfont: score(FontEntry(fname='/usr/share/fonts/truetype/tlwg/TlwgTypewriter-Oblique.ttf', name='Tlwg Typewriter', style='oblique', variant='normal', weight=400, stretch='normal', size='scalable')) = 11.05
22:18:43 DEBUG findfont: score(FontEntry(fname='/usr/share/fonts/truetype/liberation/LiberationSerif-Bold.ttf', name='Liberation Serif', style='normal', variant='normal', weight=700, stretch='normal', size='scalable')) = 10.335
22:18:43 DEBUG findfont: score(FontEntry(fname='/usr/share/fonts/opentype/urw-base35/NimbusSansNarrow-Oblique.otf', name='Nimbus Sans Narrow', style='oblique', variant='normal', weight=400, stretch='condensed', size='scalable')) = 11.25
22:18:43 DEBUG findfont: score(FontEntry(fname='/usr/share/fonts/truetype/fonts-yrsa-rasa/Yrsa-Bold.ttf', name='Yrsa', style='normal', variant='normal', weight=700, stretch='normal', size='scalable')) = 10.335
22:18:43 DEBUG findfont: score(FontEntry(fname='/usr/share/fonts/opentype/urw-base35/URWBookman-LightItalic.otf', name='URW Bookman', style='italic', variant='normal', weight=300, stretch='normal', size='scalable')) = 11.145
22:18:43 DEBUG findfont: score(FontEntry(fname='/usr/share/fonts/truetype/freefont/FreeMonoOblique.ttf', name='FreeMono', style='oblique', variant='normal', weight=400, stretch='normal', size='scalable')) = 11.05
22:18:43 DEBUG findfont: score(FontEntry(fname='/usr/share/fonts/truetype/dejavu/DejaVuSansMono-BoldOblique.ttf', name='DejaVu Sans Mono', style='oblique', variant='normal', weight=700, stretch='normal', size='scalable')) = 11.335
22:18:43 DEBUG findfont: score(FontEntry(fname='/usr/share/fonts/truetype/tlwg/TlwgTypo-Bold.ttf', name='Tlwg Typo', style='normal', variant='normal', weight=700, stretch='normal', size='scalable')) = 10.335
22:18:43 DEBUG findfont: score(FontEntry(fname='/usr/share/fonts/truetype/ubuntu/Ubuntu-L.ttf', name='Ubuntu', style='normal', variant='normal', weight=300, stretch='normal', size='scalable')) = 10.145
22:18:43 DEBUG findfont: score(FontEntry(fname='/usr/share/fonts/truetype/fonts-telu-extra/Pothana2000.ttf', name='Pothana2000', style='normal', variant='normal', weight=400, stretch='normal', size='scalable')) = 10.05
22:18:43 DEBUG findfont: score(FontEntry(fname='/usr/share/fonts/truetype/lyx/wasy10.ttf', name='wasy10', style='normal', variant='normal', weight=400, stretch='normal', size='scalable')) = 10.05
22:18:43 DEBUG findfont: score(FontEntry(fname='/usr/share/fonts/truetype/lohit-bengali/Lohit-Bengali.ttf', name='Lohit Bengali', style='normal', variant='normal', weight=400, stretch='normal', size='scalable')) = 10.05
22:18:43 DEBUG findfont: score(FontEntry(fname='/usr/share/fonts/truetype/liberation2/LiberationSans-BoldItalic.ttf', name='Liberation Sans', style='italic', variant='normal', weight=700, stretch='normal', size='scalable')) = 11.335
22:18:43 DEBUG findfont: score(FontEntry(fname='/usr/share/fonts/opentype/urw-base35/NimbusMonoPS-Bold.otf', name='Nimbus Mono PS', style='normal', variant='normal', weight=700, stretch='normal', size='scalable')) = 10.335
22:18:43 DEBUG findfont: score(FontEntry(fname='/usr/share/fonts/truetype/liberation/LiberationSerif-Regular.ttf', name='Liberation Serif', style='normal', variant='normal', weight=400, stretch='normal', size='scalable')) = 10.05
22:18:43 DEBUG findfont: score(FontEntry(fname='/usr/share/fonts/truetype/kacst/KacstTitleL.ttf', name='KacstTitleL', style='normal', variant='normal', weight=400, stretch='normal', size='scalable')) = 10.05
22:18:43 DEBUG findfont: score(FontEntry(fname='/usr/share/fonts/truetype/tlwg/Kinnari-Oblique.ttf', name='Kinnari', style='oblique', variant='normal', weight=400, stretch='normal', size='scalable')) = 11.05
22:18:43 DEBUG findfont: score(FontEntry(fname='/usr/share/fonts/truetype/kacst/KacstDigital.ttf', name='KacstDigital', style='normal', variant='normal', weight=500, stretch='normal', size='scalable')) = 10.145
22:18:43 DEBUG findfont: score(FontEntry(fname='/usr/share/fonts/truetype/freefont/FreeSansBold.ttf', name='FreeSans', style='normal', variant='normal', weight=600, stretch='normal', size='scalable')) = 10.24
22:18:43 DEBUG findfont: score(FontEntry(fname='/usr/share/fonts/truetype/malayalam/RaghuMalayalamSans-Regular.ttf', name='RaghuMalayalamSans', style='normal', variant='normal', weight=400, stretch='normal', size='scalable')) = 10.05
22:18:43 DEBUG findfont: score(FontEntry(fname='/usr/share/fonts/opentype/noto/NotoSansCJK-Regular.ttc', name='Noto Sans CJK JP', style='normal', variant='normal', weight=400, stretch='normal', size='scalable')) = 10.05
22:18:43 DEBUG findfont: score(FontEntry(fname='/usr/share/fonts/truetype/ubuntu/Ubuntu-MI.ttf', name='Ubuntu', style='italic', variant='normal', weight=500, stretch='normal', size='scalable')) = 11.145
22:18:43 DEBUG findfont: score(FontEntry(fname='/usr/share/fonts/truetype/tlwg/Garuda-Oblique.ttf', name='Garuda', style='oblique', variant='normal', weight=400, stretch='normal', size='scalable')) = 11.05
22:18:43 DEBUG findfont: score(FontEntry(fname='/usr/share/fonts/truetype/tlwg/Sawasdee-Bold.ttf', name='Sawasdee', style='normal', variant='normal', weight=700, stretch='normal', size='scalable')) = 10.335
22:18:43 DEBUG findfont: score(FontEntry(fname='/usr/share/fonts/truetype/freefont/FreeSerifItalic.ttf', name='FreeSerif', style='italic', variant='normal', weight=400, stretch='normal', size='scalable')) = 11.05
22:18:43 DEBUG findfont: score(FontEntry(fname='/usr/share/fonts/truetype/liberation2/LiberationSerif-Italic.ttf', name='Liberation Serif', style='italic', variant='normal', weight=400, stretch='normal', size='scalable')) = 11.05
22:18:43 DEBUG findfont: score(FontEntry(fname='/usr/share/fonts/truetype/tlwg/Umpush-Light.ttf', name='Umpush', style='normal', variant='normal', weight=300, stretch='normal', size='scalable')) = 10.145
22:18:43 DEBUG findfont: score(FontEntry(fname='/usr/share/fonts/opentype/urw-base35/NimbusRoman-Italic.otf', name='Nimbus Roman', style='italic', variant='normal', weight=400, stretch='normal', size='scalable')) = 11.05
22:18:43 DEBUG findfont: score(FontEntry(fname='/usr/share/fonts/truetype/tlwg/Garuda-Bold.ttf', name='Garuda', style='normal', variant='normal', weight=700, stretch='normal', size='scalable')) = 10.335
22:18:43 DEBUG findfont: score(FontEntry(fname='/usr/share/fonts/truetype/dejavu/DejaVuSans-Bold.ttf', name='DejaVu Sans', style='normal', variant='normal', weight=700, stretch='normal', size='scalable')) = 0.33499999999999996
22:18:43 DEBUG findfont: score(FontEntry(fname='/usr/share/fonts/truetype/fonts-yrsa-rasa/Rasa-Medium.ttf', name='Rasa', style='normal', variant='normal', weight=500, stretch='normal', size='scalable')) = 10.145
22:18:43 DEBUG findfont: score(FontEntry(fname='/usr/share/fonts/truetype/freefont/FreeMono.ttf', name='FreeMono', style='normal', variant='normal', weight=400, stretch='normal', size='scalable')) = 10.05
22:18:43 DEBUG findfont: score(FontEntry(fname='/usr/share/fonts/truetype/tlwg/Laksaman-BoldItalic.ttf', name='Laksaman', style='italic', variant='normal', weight=700, stretch='normal', size='scalable')) = 11.335
22:18:43 DEBUG findfont: score(FontEntry(fname='/usr/share/fonts/truetype/ttf-bitstream-vera/VeraBd.ttf', name='Bitstream Vera Sans', style='normal', variant='normal', weight=700, stretch='normal', size='scalable')) = 1.2440909090909091
22:18:43 DEBUG findfont: score(FontEntry(fname='/usr/share/fonts/truetype/lyx/rsfs10.ttf', name='rsfs10', style='italic', variant='normal', weight=400, stretch='normal', size='scalable')) = 11.05
22:18:43 DEBUG findfont: score(FontEntry(fname='/usr/share/fonts/truetype/ubuntu/Ubuntu-RI.ttf', name='Ubuntu', style='italic', variant='normal', weight=400, stretch='normal', size='scalable')) = 11.05
22:18:43 DEBUG findfont: score(FontEntry(fname='/usr/share/fonts/truetype/liberation/LiberationMono-Bold.ttf', name='Liberation Mono', style='normal', variant='normal', weight=700, stretch='normal', size='scalable')) = 10.335
22:18:43 DEBUG findfont: score(FontEntry(fname='/usr/share/fonts/truetype/ubuntu/Ubuntu-M.ttf', name='Ubuntu', style='normal', variant='normal', weight=500, stretch='normal', size='scalable')) = 10.145
22:18:43 DEBUG findfont: score(FontEntry(fname='/usr/share/fonts/truetype/kacst/KacstNaskh.ttf', name='KacstNaskh', style='normal', variant='normal', weight=500, stretch='normal', size='scalable')) = 10.145
22:18:43 DEBUG findfont: score(FontEntry(fname='/usr/share/fonts/truetype/tlwg/Laksaman.ttf', name='Laksaman', style='normal', variant='normal', weight=400, stretch='normal', size='scalable')) = 10.05
22:18:43 DEBUG findfont: score(FontEntry(fname='/usr/share/fonts/truetype/kacst/KacstBook.ttf', name='KacstBook', style='normal', variant='normal', weight=500, stretch='normal', size='scalable')) = 10.145
22:18:43 DEBUG findfont: score(FontEntry(fname='/usr/share/fonts/truetype/ubuntu/Ubuntu-B.ttf', name='Ubuntu', style='normal', variant='normal', weight=700, stretch='normal', size='scalable')) = 10.335
22:18:43 DEBUG findfont: score(FontEntry(fname='/usr/share/fonts/truetype/tlwg/Laksaman-Bold.ttf', name='Laksaman', style='normal', variant='normal', weight=700, stretch='normal', size='scalable')) = 10.335
22:18:43 DEBUG findfont: score(FontEntry(fname='/usr/share/fonts/truetype/ubuntu/Ubuntu-R.ttf', name='Ubuntu', style='normal', variant='normal', weight=400, stretch='normal', size='scalable')) = 10.05
22:18:43 DEBUG findfont: score(FontEntry(fname='/usr/share/fonts/truetype/tlwg/TlwgTypo.ttf', name='Tlwg Typo', style='normal', variant='normal', weight=400, stretch='normal', size='scalable')) = 10.05
22:18:43 DEBUG findfont: score(FontEntry(fname='/usr/share/fonts/truetype/kacst/KacstPen.ttf', name='KacstPen', style='normal', variant='normal', weight=500, stretch='normal', size='scalable')) = 10.145
22:18:43 DEBUG findfont: score(FontEntry(fname='/usr/share/fonts/truetype/tlwg/TlwgMono-BoldOblique.ttf', name='Tlwg Mono', style='oblique', variant='normal', weight=700, stretch='normal', size='scalable')) = 11.335
22:18:43 DEBUG findfont: score(FontEntry(fname='/usr/share/fonts/truetype/dejavu/DejaVuSansMono-Bold.ttf', name='DejaVu Sans Mono', style='normal', variant='normal', weight=700, stretch='normal', size='scalable')) = 10.335
22:18:43 DEBUG findfont: score(FontEntry(fname='/usr/share/fonts/truetype/ubuntu/UbuntuMono-BI.ttf', name='Ubuntu Mono', style='italic', variant='normal', weight=700, stretch='normal', size='scalable')) = 11.335
22:18:43 DEBUG findfont: score(FontEntry(fname='/usr/share/fonts/truetype/tlwg/Norasi-BoldOblique.ttf', name='Norasi', style='oblique', variant='normal', weight=700, stretch='normal', size='scalable')) = 11.335
22:18:43 DEBUG findfont: score(FontEntry(fname='/usr/share/fonts/truetype/fonts-yrsa-rasa/Rasa-Light.ttf', name='Rasa', style='normal', variant='normal', weight=300, stretch='normal', size='scalable')) = 10.145
22:18:43 DEBUG findfont: score(FontEntry(fname='/usr/share/fonts/truetype/kacst/mry_KacstQurn.ttf', name='mry_KacstQurn', style='normal', variant='normal', weight=400, stretch='normal', size='scalable')) = 10.05
22:18:43 DEBUG findfont: score(FontEntry(fname='/usr/share/fonts/truetype/malayalam/Karumbi-Regular.ttf', name='Karumbi', style='normal', variant='normal', weight=400, stretch='normal', size='scalable')) = 10.05
22:18:43 DEBUG findfont: score(FontEntry(fname='/usr/share/fonts/opentype/noto/NotoSansCJK-Bold.ttc', name='Noto Sans CJK JP', style='normal', variant='normal', weight=700, stretch='normal', size='scalable')) = 10.335
22:18:43 DEBUG findfont: score(FontEntry(fname='/usr/share/fonts/truetype/tlwg/Umpush-BoldOblique.ttf', name='Umpush', style='oblique', variant='normal', weight=700, stretch='normal', size='scalable')) = 11.335
22:18:43 DEBUG findfont: score(FontEntry(fname='/usr/share/fonts/truetype/lyx/esint10.ttf', name='esint10', style='normal', variant='normal', weight=400, stretch='normal', size='scalable')) = 10.05
22:18:43 DEBUG findfont: score(FontEntry(fname='/usr/share/fonts/truetype/lao/Phetsarath_OT.ttf', name='Phetsarath OT', style='normal', variant='normal', weight=400, stretch='normal', size='scalable')) = 10.05
22:18:43 DEBUG findfont: score(FontEntry(fname='/usr/share/fonts/truetype/lohit-tamil-classical/Lohit-Tamil-Classical.ttf', name='Lohit Tamil Classical', style='normal', variant='normal', weight=400, stretch='normal', size='scalable')) = 10.05
22:18:43 DEBUG findfont: score(FontEntry(fname='/usr/share/fonts/opentype/urw-base35/P052-Italic.otf', name='P052', style='italic', variant='normal', weight=400, stretch='normal', size='scalable')) = 11.05
22:18:43 DEBUG findfont: score(FontEntry(fname='/usr/share/fonts/truetype/tlwg/TlwgMono-Oblique.ttf', name='Tlwg Mono', style='oblique', variant='normal', weight=400, stretch='normal', size='scalable')) = 11.05
22:18:43 DEBUG findfont: score(FontEntry(fname='/usr/share/fonts/truetype/padauk/Padauk-Bold.ttf', name='Padauk', style='normal', variant='normal', weight=700, stretch='normal', size='scalable')) = 10.335
22:18:43 DEBUG findfont: score(FontEntry(fname='/usr/share/fonts/truetype/liberation/LiberationSerif-BoldItalic.ttf', name='Liberation Serif', style='italic', variant='normal', weight=700, stretch='normal', size='scalable')) = 11.335
22:18:43 DEBUG findfont: score(FontEntry(fname='/usr/share/fonts/truetype/malayalam/Uroob-Regular.ttf', name='Uroob', style='normal', variant='normal', weight=400, stretch='normal', size='scalable')) = 10.05
22:18:43 DEBUG findfont: score(FontEntry(fname='/usr/share/fonts/truetype/liberation2/LiberationMono-Regular.ttf', name='Liberation Mono', style='normal', variant='normal', weight=400, stretch='normal', size='scalable')) = 10.05
22:18:43 DEBUG findfont: score(FontEntry(fname='/usr/share/fonts/truetype/fonts-beng-extra/ani.ttf', name='Ani', style='normal', variant='normal', weight=400, stretch='normal', size='scalable')) = 10.05
22:18:43 DEBUG findfont: score(FontEntry(fname='/usr/share/fonts/truetype/ubuntu/Ubuntu-BI.ttf', name='Ubuntu', style='italic', variant='normal', weight=700, stretch='normal', size='scalable')) = 11.335
22:18:43 DEBUG findfont: score(FontEntry(fname='/usr/share/fonts/truetype/fonts-gujr-extra/padmaa-Bold.1.1.ttf', name='padmaa-Bold.1.1', style='normal', variant='normal', weight=700, stretch='normal', size='scalable')) = 10.335
22:18:43 DEBUG findfont: score(FontEntry(fname='/usr/share/fonts/truetype/fonts-beng-extra/MuktiNarrow.ttf', name='Mukti Narrow', style='normal', variant='normal', weight=400, stretch='normal', size='scalable')) = 10.05
22:18:43 DEBUG findfont: score(FontEntry(fname='/usr/share/fonts/truetype/tlwg/Kinnari-BoldItalic.ttf', name='Kinnari', style='italic', variant='normal', weight=700, stretch='normal', size='scalable')) = 11.335
22:18:43 DEBUG findfont: score(FontEntry(fname='/usr/share/fonts/opentype/urw-base35/NimbusSansNarrow-Regular.otf', name='Nimbus Sans Narrow', style='normal', variant='normal', weight=400, stretch='condensed', size='scalable')) = 10.25
22:18:43 DEBUG findfont: score(FontEntry(fname='/usr/share/fonts/truetype/dejavu/DejaVuSansCondensed-BoldOblique.ttf', name='DejaVu Sans', style='oblique', variant='normal', weight=700, stretch='condensed', size='scalable')) = 1.535
22:18:43 DEBUG findfont: score(FontEntry(fname='/usr/share/fonts/truetype/ubuntu/UbuntuMono-B.ttf', name='Ubuntu Mono', style='normal', variant='normal', weight=700, stretch='normal', size='scalable')) = 10.335
22:18:43 DEBUG findfont: score(FontEntry(fname='/usr/share/fonts/opentype/urw-base35/URWBookman-Light.otf', name='URW Bookman', style='normal', variant='normal', weight=300, stretch='normal', size='scalable')) = 10.145
22:18:43 DEBUG findfont: score(FontEntry(fname='/usr/share/fonts/truetype/fonts-yrsa-rasa/Yrsa-Light.ttf', name='Yrsa', style='normal', variant='normal', weight=300, stretch='normal', size='scalable')) = 10.145
22:18:43 DEBUG findfont: score(FontEntry(fname='/usr/share/fonts/truetype/fonts-yrsa-rasa/Yrsa-Regular.ttf', name='Yrsa', style='normal', variant='normal', weight=400, stretch='normal', size='scalable')) = 10.05
22:18:43 DEBUG findfont: score(FontEntry(fname='/usr/share/fonts/truetype/dejavu/DejaVuSansCondensed.ttf', name='DejaVu Sans', style='normal', variant='normal', weight=400, stretch='condensed', size='scalable')) = 0.25
22:18:43 DEBUG findfont: score(FontEntry(fname='/usr/share/fonts/truetype/tlwg/TlwgTypewriter.ttf', name='Tlwg Typewriter', style='normal', variant='normal', weight=400, stretch='normal', size='scalable')) = 10.05
22:18:43 DEBUG findfont: score(FontEntry(fname='/usr/share/fonts/truetype/ttf-bitstream-vera/VeraIt.ttf', name='Bitstream Vera Sans', style='oblique', variant='normal', weight=400, stretch='normal', size='scalable')) = 1.9590909090909092
22:18:43 DEBUG findfont: score(FontEntry(fname='/usr/share/fonts/truetype/lyx/cmsy10.ttf', name='cmsy10', style='normal', variant='normal', weight=400, stretch='normal', size='scalable')) = 10.05
22:18:43 DEBUG findfont: score(FontEntry(fname='/usr/share/fonts/truetype/ubuntu/Ubuntu-LI.ttf', name='Ubuntu', style='italic', variant='normal', weight=300, stretch='normal', size='scalable')) = 11.145
22:18:43 DEBUG findfont: score(FontEntry(fname='/usr/share/fonts/truetype/liberation2/LiberationMono-Bold.ttf', name='Liberation Mono', style='normal', variant='normal', weight=700, stretch='normal', size='scalable')) = 10.335
22:18:43 DEBUG findfont: score(FontEntry(fname='/usr/share/fonts/opentype/urw-base35/URWGothic-DemiOblique.otf', name='URW Gothic', style='oblique', variant='normal', weight=600, stretch='normal', size='scalable')) = 11.24
22:18:43 DEBUG findfont: score(FontEntry(fname='/usr/share/fonts/opentype/urw-base35/NimbusSansNarrow-BoldOblique.otf', name='Nimbus Sans Narrow', style='oblique', variant='normal', weight=700, stretch='condensed', size='scalable')) = 11.535
22:18:43 DEBUG findfont: score(FontEntry(fname='/usr/share/fonts/truetype/malayalam/AnjaliOldLipi-Regular.ttf', name='AnjaliOldLipi', style='normal', variant='normal', weight=400, stretch='normal', size='scalable')) = 10.05
22:18:43 DEBUG findfont: score(FontEntry(fname='/usr/share/fonts/truetype/kacst/KacstOffice.ttf', name='KacstOffice', style='normal', variant='normal', weight=500, stretch='normal', size='scalable')) = 10.145
22:18:43 DEBUG findfont: score(FontEntry(fname='/usr/share/fonts/truetype/liberation/LiberationSans-Bold.ttf', name='Liberation Sans', style='normal', variant='normal', weight=700, stretch='normal', size='scalable')) = 10.335
22:18:43 DEBUG findfont: score(FontEntry(fname='/usr/share/fonts/truetype/tlwg/Garuda-BoldOblique.ttf', name='Garuda', style='oblique', variant='normal', weight=700, stretch='normal', size='scalable')) = 11.335
22:18:43 DEBUG findfont: score(FontEntry(fname='/usr/share/fonts/opentype/urw-base35/URWBookman-DemiItalic.otf', name='URW Bookman', style='italic', variant='normal', weight=600, stretch='normal', size='scalable')) = 11.24
22:18:43 DEBUG findfont: score(FontEntry(fname='/usr/share/fonts/truetype/malayalam/Meera-Regular.ttf', name='Meera', style='normal', variant='normal', weight=400, stretch='normal', size='scalable')) = 10.05
22:18:43 DEBUG findfont: score(FontEntry(fname='/usr/share/fonts/truetype/lyx/stmary10.ttf', name='stmary10', style='normal', variant='normal', weight=400, stretch='normal', size='scalable')) = 10.05
22:18:43 DEBUG findfont: score(FontEntry(fname='/usr/share/fonts/truetype/tlwg/Purisa-BoldOblique.ttf', name='Purisa', style='oblique', variant='normal', weight=700, stretch='normal', size='scalable')) = 11.335
22:18:43 DEBUG findfont: score(FontEntry(fname='/usr/share/fonts/truetype/openoffice/opens___.ttf', name='OpenSymbol', style='normal', variant='normal', weight=400, stretch='normal', size='scalable')) = 10.05
22:18:43 DEBUG findfont: score(FontEntry(fname='/usr/share/fonts/truetype/fonts-gujr-extra/padmaa.ttf', name='padmaa', style='normal', variant='normal', weight=500, stretch='normal', size='scalable')) = 10.145
22:18:43 DEBUG findfont: score(FontEntry(fname='/usr/share/fonts/opentype/urw-base35/NimbusMonoPS-Regular.otf', name='Nimbus Mono PS', style='normal', variant='normal', weight=400, stretch='normal', size='scalable')) = 10.05
22:18:43 DEBUG findfont: score(FontEntry(fname='/usr/share/fonts/truetype/fonts-deva-extra/samanata.ttf', name='Samanata', style='normal', variant='normal', weight=400, stretch='normal', size='scalable')) = 10.05
22:18:43 DEBUG findfont: score(FontEntry(fname='/usr/share/fonts/opentype/urw-base35/NimbusMonoPS-Italic.otf', name='Nimbus Mono PS', style='italic', variant='normal', weight=400, stretch='normal', size='scalable')) = 11.05
22:18:43 DEBUG findfont: score(FontEntry(fname='/usr/share/fonts/truetype/lyx/cmmi10.ttf', name='cmmi10', style='normal', variant='normal', weight=400, stretch='normal', size='scalable')) = 10.05
22:18:43 DEBUG findfont: score(FontEntry(fname='/usr/share/fonts/truetype/fonts-yrsa-rasa/Yrsa-SemiBold.ttf', name='Yrsa', style='normal', variant='normal', weight=600, stretch='normal', size='scalable')) = 10.24
22:18:43 DEBUG findfont: score(FontEntry(fname='/usr/share/fonts/truetype/tlwg/Waree-BoldOblique.ttf', name='Waree', style='oblique', variant='normal', weight=700, stretch='normal', size='scalable')) = 11.335
22:18:43 DEBUG findfont: score(FontEntry(fname='/usr/share/fonts/truetype/tlwg/Waree-Bold.ttf', name='Waree', style='normal', variant='normal', weight=700, stretch='normal', size='scalable')) = 10.335
22:18:43 DEBUG findfont: score(FontEntry(fname='/usr/share/fonts/truetype/fonts-gujr-extra/aakar-medium.ttf', name='aakar', style='normal', variant='normal', weight=500, stretch='normal', size='scalable')) = 10.145
22:18:43 DEBUG findfont: score(FontEntry(fname='/usr/share/fonts/truetype/freefont/FreeMonoBoldOblique.ttf', name='FreeMono', style='oblique', variant='normal', weight=700, stretch='normal', size='scalable')) = 11.335
22:18:43 DEBUG findfont: score(FontEntry(fname='/usr/share/fonts/truetype/ttf-bitstream-vera/VeraBI.ttf', name='Bitstream Vera Sans', style='oblique', variant='normal', weight=700, stretch='normal', size='scalable')) = 2.244090909090909
22:18:43 DEBUG findfont: score(FontEntry(fname='/usr/share/fonts/truetype/lyx/eufm10.ttf', name='eufm10', style='normal', variant='normal', weight=400, stretch='normal', size='scalable')) = 10.05
22:18:43 DEBUG findfont: score(FontEntry(fname='/usr/share/fonts/truetype/ttf-bitstream-vera/VeraMoBd.ttf', name='Bitstream Vera Sans Mono', style='normal', variant='normal', weight=700, stretch='normal', size='scalable')) = 10.335
22:18:43 DEBUG findfont: score(FontEntry(fname='/usr/share/fonts/truetype/Nakula/nakula.ttf', name='Nakula', style='normal', variant='normal', weight=400, stretch='normal', size='scalable')) = 10.05
22:18:43 DEBUG findfont: score(FontEntry(fname='/usr/share/fonts/truetype/ubuntu/Ubuntu-C.ttf', name='Ubuntu Condensed', style='normal', variant='normal', weight=400, stretch='condensed', size='scalable')) = 10.25
22:18:43 DEBUG findfont: score(FontEntry(fname='/usr/share/fonts/truetype/freefont/FreeSerifBold.ttf', name='FreeSerif', style='normal', variant='normal', weight=700, stretch='normal', size='scalable')) = 10.335
22:18:43 DEBUG findfont: score(FontEntry(fname='/usr/share/fonts/opentype/urw-base35/NimbusSans-Regular.otf', name='Nimbus Sans', style='normal', variant='normal', weight=400, stretch='normal', size='scalable')) = 10.05
22:18:43 DEBUG findfont: score(FontEntry(fname='/usr/share/fonts/truetype/tlwg/Norasi-Bold.ttf', name='Norasi', style='normal', variant='normal', weight=700, stretch='normal', size='scalable')) = 10.335
22:18:43 DEBUG findfont: score(FontEntry(fname='/usr/share/fonts/truetype/liberation2/LiberationSans-Bold.ttf', name='Liberation Sans', style='normal', variant='normal', weight=700, stretch='normal', size='scalable')) = 10.335
22:18:43 DEBUG findfont: score(FontEntry(fname='/usr/share/fonts/truetype/ttf-khmeros-core/KhmerOSsys.ttf', name='Khmer OS System', style='normal', variant='normal', weight=400, stretch='normal', size='scalable')) = 10.05
22:18:43 DEBUG findfont: score(FontEntry(fname='/usr/share/fonts/truetype/ttf-bitstream-vera/VeraMoIt.ttf', name='Bitstream Vera Sans Mono', style='oblique', variant='normal', weight=400, stretch='normal', size='scalable')) = 11.05
22:18:43 DEBUG findfont: score(FontEntry(fname='/usr/share/fonts/truetype/ubuntu/UbuntuMono-R.ttf', name='Ubuntu Mono', style='normal', variant='normal', weight=400, stretch='normal', size='scalable')) = 10.05
22:18:43 DEBUG findfont: score(FontEntry(fname='/usr/share/fonts/truetype/dejavu/DejaVuSans-Oblique.ttf', name='DejaVu Sans', style='oblique', variant='normal', weight=400, stretch='normal', size='scalable')) = 1.05
22:18:43 DEBUG findfont: score(FontEntry(fname='/usr/share/fonts/truetype/dejavu/DejaVuSerif.ttf', name='DejaVu Serif', style='normal', variant='normal', weight=400, stretch='normal', size='scalable')) = 10.05
22:18:43 DEBUG findfont: score(FontEntry(fname='/usr/share/fonts/truetype/kacst/KacstPoster.ttf', name='KacstPoster', style='normal', variant='normal', weight=500, stretch='normal', size='scalable')) = 10.145
22:18:43 DEBUG findfont: score(FontEntry(fname='/usr/share/fonts/opentype/urw-base35/C059-Roman.otf', name='C059', style='normal', variant='normal', weight=400, stretch='normal', size='scalable')) = 10.05
22:18:43 DEBUG findfont: score(FontEntry(fname='/usr/share/fonts/truetype/tlwg/TlwgTypo-Oblique.ttf', name='Tlwg Typo', style='oblique', variant='normal', weight=400, stretch='normal', size='scalable')) = 11.05
22:18:43 DEBUG findfont: score(FontEntry(fname='/usr/share/fonts/opentype/urw-base35/P052-Bold.otf', name='P052', style='normal', variant='normal', weight=700, stretch='normal', size='scalable')) = 10.335
22:18:43 DEBUG findfont: score(FontEntry(fname='/usr/share/fonts/truetype/fonts-guru-extra/Saab.ttf', name='Saab', style='normal', variant='normal', weight=400, stretch='normal', size='scalable')) = 10.05
22:18:43 DEBUG findfont: score(FontEntry(fname='/usr/share/fonts/opentype/urw-base35/C059-BdIta.otf', name='C059', style='italic', variant='normal', weight=700, stretch='normal', size='scalable')) = 11.335
22:18:43 DEBUG findfont: score(FontEntry(fname='/usr/share/fonts/truetype/liberation/LiberationSansNarrow-Bold.ttf', name='Liberation Sans Narrow', style='normal', variant='normal', weight=700, stretch='condensed', size='scalable')) = 10.535
22:18:43 DEBUG findfont: score(FontEntry(fname='/usr/share/fonts/truetype/freefont/FreeMonoBold.ttf', name='FreeMono', style='normal', variant='normal', weight=700, stretch='normal', size='scalable')) = 10.335
22:18:43 DEBUG findfont: score(FontEntry(fname='/usr/share/fonts/truetype/samyak-fonts/Samyak-Gujarati.ttf', name='Samyak Gujarati', style='normal', variant='normal', weight=500, stretch='normal', size='scalable')) = 10.145
22:18:43 DEBUG findfont: score(FontEntry(fname='/usr/share/fonts/truetype/tlwg/TlwgTypo-BoldOblique.ttf', name='Tlwg Typo', style='oblique', variant='normal', weight=700, stretch='normal', size='scalable')) = 11.335
22:18:43 DEBUG findfont: score(FontEntry(fname='/usr/share/fonts/truetype/liberation/LiberationSansNarrow-Italic.ttf', name='Liberation Sans Narrow', style='italic', variant='normal', weight=400, stretch='condensed', size='scalable')) = 11.25
22:18:43 DEBUG findfont: score(FontEntry(fname='/usr/share/fonts/truetype/tlwg/TlwgTypist.ttf', name='Tlwg Typist', style='normal', variant='normal', weight=400, stretch='normal', size='scalable')) = 10.05
22:18:43 DEBUG findfont: score(FontEntry(fname='/usr/share/fonts/opentype/urw-base35/NimbusSans-Italic.otf', name='Nimbus Sans', style='italic', variant='normal', weight=400, stretch='normal', size='scalable')) = 11.05
22:18:43 DEBUG findfont: score(FontEntry(fname='/usr/share/fonts/truetype/malayalam/Dyuthi-Regular.ttf', name='Dyuthi', style='normal', variant='normal', weight=400, stretch='normal', size='scalable')) = 10.05
22:18:43 DEBUG findfont: score(FontEntry(fname='/usr/share/fonts/truetype/sinhala/lklug.ttf', name='LKLUG', style='normal', variant='normal', weight=400, stretch='normal', size='scalable')) = 10.05
22:18:43 DEBUG findfont: score(FontEntry(fname='/usr/share/fonts/truetype/malayalam/Rachana-Bold.ttf', name='Rachana', style='normal', variant='normal', weight=700, stretch='normal', size='scalable')) = 10.335
22:18:43 DEBUG findfont: score(FontEntry(fname='/usr/share/fonts/truetype/tlwg/TlwgMono-Bold.ttf', name='Tlwg Mono', style='normal', variant='normal', weight=700, stretch='normal', size='scalable')) = 10.335
22:18:43 DEBUG findfont: score(FontEntry(fname='/usr/share/fonts/opentype/urw-base35/NimbusSans-BoldItalic.otf', name='Nimbus Sans', style='italic', variant='normal', weight=700, stretch='normal', size='scalable')) = 11.335
22:18:43 DEBUG findfont: score(FontEntry(fname='/usr/share/fonts/truetype/lohit-tamil/Lohit-Tamil.ttf', name='Lohit Tamil', style='normal', variant='normal', weight=400, stretch='normal', size='scalable')) = 10.05
22:18:43 DEBUG findfont: score(FontEntry(fname='/usr/share/fonts/truetype/malayalam/Suruma.ttf', name='Suruma', style='normal', variant='normal', weight=500, stretch='normal', size='scalable')) = 10.145
22:18:43 DEBUG findfont: score(FontEntry(fname='/usr/share/fonts/truetype/ubuntu/UbuntuMono-RI.ttf', name='Ubuntu Mono', style='italic', variant='normal', weight=400, stretch='normal', size='scalable')) = 11.05
22:18:43 DEBUG findfont: score(FontEntry(fname='/usr/share/fonts/truetype/tlwg/TlwgTypewriter-Bold.ttf', name='Tlwg Typewriter', style='normal', variant='normal', weight=700, stretch='normal', size='scalable')) = 10.335
22:18:43 DEBUG findfont: score(FontEntry(fname='/usr/share/fonts/truetype/tibetan-machine/TibetanMachineUni.ttf', name='Tibetan Machine Uni', style='normal', variant='normal', weight=400, stretch='normal', size='scalable')) = 10.05
22:18:43 DEBUG findfont: score(FontEntry(fname='/usr/share/fonts/truetype/dejavu/DejaVuSerifCondensed.ttf', name='DejaVu Serif', style='normal', variant='normal', weight=400, stretch='condensed', size='scalable')) = 10.25
22:18:43 DEBUG findfont: score(FontEntry(fname='/usr/share/fonts/truetype/dejavu/DejaVuSerif-Italic.ttf', name='DejaVu Serif', style='italic', variant='normal', weight=400, stretch='normal', size='scalable')) = 11.05
22:18:43 DEBUG findfont: score(FontEntry(fname='/usr/share/fonts/truetype/dejavu/DejaVuSerif-BoldItalic.ttf', name='DejaVu Serif', style='italic', variant='normal', weight=700, stretch='normal', size='scalable')) = 11.335
22:18:43 DEBUG findfont: score(FontEntry(fname='/usr/share/fonts/truetype/liberation/LiberationSansNarrow-Regular.ttf', name='Liberation Sans Narrow', style='normal', variant='normal', weight=400, stretch='condensed', size='scalable')) = 10.25
22:18:43 DEBUG findfont: score(FontEntry(fname='/usr/share/fonts/truetype/padauk/Padauk-Regular.ttf', name='Padauk', style='normal', variant='normal', weight=400, stretch='normal', size='scalable')) = 10.05
22:18:43 DEBUG findfont: score(FontEntry(fname='/usr/share/fonts/truetype/tlwg/Norasi-Italic.ttf', name='Norasi', style='italic', variant='normal', weight=400, stretch='normal', size='scalable')) = 11.05
22:18:43 DEBUG findfont: score(FontEntry(fname='/usr/share/fonts/truetype/tlwg/Loma.ttf', name='Loma', style='normal', variant='normal', weight=400, stretch='normal', size='scalable')) = 10.05
22:18:43 DEBUG findfont: score(FontEntry(fname='/usr/share/fonts/opentype/malayalam/Gayathri-Thin.otf', name='Gayathri', style='normal', variant='normal', weight=100, stretch='normal', size='scalable')) = 10.335
22:18:43 DEBUG findfont: score(FontEntry(fname='/usr/share/fonts/opentype/malayalam/Manjari-Regular.otf', name='Manjari', style='normal', variant='normal', weight=400, stretch='normal', size='scalable')) = 10.05
22:18:43 DEBUG findfont: score(FontEntry(fname='/usr/share/fonts/truetype/Gargi/Gargi.ttf', name='Gargi', style='normal', variant='normal', weight=400, stretch='normal', size='scalable')) = 10.05
22:18:43 DEBUG findfont: score(FontEntry(fname='/usr/share/fonts/truetype/tlwg/Garuda.ttf', name='Garuda', style='normal', variant='normal', weight=400, stretch='normal', size='scalable')) = 10.05
22:18:43 DEBUG findfont: score(FontEntry(fname='/usr/share/fonts/truetype/abyssinica/AbyssinicaSIL-Regular.ttf', name='Abyssinica SIL', style='normal', variant='normal', weight=400, stretch='normal', size='scalable')) = 10.05
22:18:43 DEBUG findfont: score(FontEntry(fname='/usr/share/fonts/truetype/lohit-oriya/Lohit-Odia.ttf', name='Lohit Odia', style='normal', variant='normal', weight=400, stretch='normal', size='scalable')) = 10.05
22:18:43 DEBUG findfont: score(FontEntry(fname='/usr/share/fonts/opentype/malayalam/Chilanka-Regular.otf', name='Chilanka', style='normal', variant='normal', weight=400, stretch='normal', size='scalable')) = 10.05
22:18:43 DEBUG findfont: score(FontEntry(fname='/usr/share/fonts/truetype/lohit-telugu/Lohit-Telugu.ttf', name='Lohit Telugu', style='normal', variant='normal', weight=400, stretch='normal', size='scalable')) = 10.05
22:18:43 DEBUG findfont: score(FontEntry(fname='/usr/share/fonts/opentype/urw-base35/C059-Bold.otf', name='C059', style='normal', variant='normal', weight=700, stretch='normal', size='scalable')) = 10.335
22:18:43 DEBUG findfont: score(FontEntry(fname='/usr/share/fonts/truetype/lohit-gujarati/Lohit-Gujarati.ttf', name='Lohit Gujarati', style='normal', variant='normal', weight=400, stretch='normal', size='scalable')) = 10.05
22:18:43 DEBUG findfont: score(FontEntry(fname='/usr/share/fonts/truetype/tlwg/TlwgTypist-BoldOblique.ttf', name='Tlwg Typist', style='oblique', variant='normal', weight=700, stretch='normal', size='scalable')) = 11.335
22:18:43 DEBUG findfont: score(FontEntry(fname='/usr/share/fonts/truetype/Gubbi/Gubbi.ttf', name='Gubbi', style='normal', variant='normal', weight=400, stretch='normal', size='scalable')) = 10.05
22:18:43 DEBUG findfont: score(FontEntry(fname='/usr/share/fonts/truetype/kacst/KacstScreen.ttf', name='KacstScreen', style='normal', variant='normal', weight=500, stretch='normal', size='scalable')) = 10.145
22:18:43 DEBUG findfont: score(FontEntry(fname='/usr/share/fonts/truetype/kacst-one/KacstOne.ttf', name='KacstOne', style='normal', variant='normal', weight=400, stretch='normal', size='scalable')) = 10.05
22:18:43 DEBUG findfont: score(FontEntry(fname='/usr/share/fonts/truetype/fonts-gujr-extra/padmaa-Medium-0.5.ttf', name='padmaa', style='normal', variant='normal', weight=500, stretch='normal', size='scalable')) = 10.145
22:18:43 DEBUG findfont: score(FontEntry(fname='/usr/share/fonts/opentype/urw-base35/NimbusSans-Bold.otf', name='Nimbus Sans', style='normal', variant='normal', weight=700, stretch='normal', size='scalable')) = 10.335
22:18:43 DEBUG findfont: score(FontEntry(fname='/usr/share/fonts/truetype/dejavu/DejaVuSansCondensed-Bold.ttf', name='DejaVu Sans', style='normal', variant='normal', weight=700, stretch='condensed', size='scalable')) = 0.5349999999999999
22:18:43 DEBUG findfont: score(FontEntry(fname='/usr/share/fonts/truetype/tlwg/Purisa-Bold.ttf', name='Purisa', style='normal', variant='normal', weight=700, stretch='normal', size='scalable')) = 10.335
22:18:43 DEBUG findfont: score(FontEntry(fname='/usr/share/fonts/truetype/kacst/KacstArt.ttf', name='KacstArt', style='normal', variant='normal', weight=500, stretch='normal', size='scalable')) = 10.145
22:18:43 DEBUG findfont: score(FontEntry(fname='/usr/share/fonts/truetype/tlwg/Loma-Oblique.ttf', name='Loma', style='oblique', variant='normal', weight=400, stretch='normal', size='scalable')) = 11.05
22:18:43 DEBUG findfont: score(FontEntry(fname='/usr/share/fonts/truetype/ubuntu/Ubuntu-Th.ttf', name='Ubuntu', style='normal', variant='normal', weight=250, stretch='normal', size='scalable')) = 10.1925
22:18:43 DEBUG findfont: score(FontEntry(fname='/usr/share/fonts/truetype/fonts-beng-extra/MuktiNarrowBold.ttf', name='Mukti Narrow', style='normal', variant='normal', weight=700, stretch='normal', size='scalable')) = 10.335
22:18:43 DEBUG findfont: score(FontEntry(fname='/usr/share/fonts/truetype/freefont/FreeSans.ttf', name='FreeSans', style='normal', variant='normal', weight=400, stretch='normal', size='scalable')) = 10.05
22:18:43 DEBUG findfont: Matching sans\-serif:style=normal:variant=normal:weight=normal:stretch=normal:size=10.0 to DejaVu Sans ('/home/lidongting/miniconda3/envs/NLP/lib/python3.11/site-packages/matplotlib/mpl-data/fonts/ttf/DejaVuSans.ttf') with score of 0.050000.
22:18:43 DEBUG Assigning font /F1 = '/home/lidongting/miniconda3/envs/NLP/lib/python3.11/site-packages/matplotlib/mpl-data/fonts/ttf/DejaVuSans.ttf'
22:18:43 DEBUG Embedding font /home/lidongting/miniconda3/envs/NLP/lib/python3.11/site-packages/matplotlib/mpl-data/fonts/ttf/DejaVuSans.ttf.
22:18:43 DEBUG Writing TrueType font.
22:18:44 INFO Epoch: 2, 	 Iter: 50/188, 	 Loss: 1.57539269, 	 Acc: 27.875 , 	 lr: 0.001000
22:18:44 INFO Epoch: 2, 	 Iter: 100/188, 	 Loss: 1.56658679, 	 Acc: 29.500 , 	 lr: 0.001000
22:18:44 INFO Epoch: 2, 	 Iter: 150/188, 	 Loss: 1.55904872, 	 Acc: 30.229 , 	 lr: 0.001000
22:18:45 INFO Epoch: 2, 	 Valid, Loss: 1.55444076, 	 Acc: 31.600 , 	 Best Acc: 31.600
22:18:45 DEBUG Assigning font /F1 = '/home/lidongting/miniconda3/envs/NLP/lib/python3.11/site-packages/matplotlib/mpl-data/fonts/ttf/DejaVuSans.ttf'
22:18:45 DEBUG Embedding font /home/lidongting/miniconda3/envs/NLP/lib/python3.11/site-packages/matplotlib/mpl-data/fonts/ttf/DejaVuSans.ttf.
22:18:45 DEBUG Writing TrueType font.
22:18:45 INFO Epoch: 3, 	 Iter: 50/188, 	 Loss: 1.49974136, 	 Acc: 37.375 , 	 lr: 0.001000
22:18:45 INFO Epoch: 3, 	 Iter: 100/188, 	 Loss: 1.49610879, 	 Acc: 37.844 , 	 lr: 0.001000
22:18:46 INFO Epoch: 3, 	 Iter: 150/188, 	 Loss: 1.50060330, 	 Acc: 37.167 , 	 lr: 0.001000
22:18:46 INFO Epoch: 3, 	 Valid, Loss: 1.51768858, 	 Acc: 34.000 , 	 Best Acc: 34.000
22:18:46 DEBUG Assigning font /F1 = '/home/lidongting/miniconda3/envs/NLP/lib/python3.11/site-packages/matplotlib/mpl-data/fonts/ttf/DejaVuSans.ttf'
22:18:46 DEBUG Embedding font /home/lidongting/miniconda3/envs/NLP/lib/python3.11/site-packages/matplotlib/mpl-data/fonts/ttf/DejaVuSans.ttf.
22:18:46 DEBUG Writing TrueType font.
22:18:47 INFO Epoch: 4, 	 Iter: 50/188, 	 Loss: 1.44645775, 	 Acc: 44.250 , 	 lr: 0.001000
22:18:47 INFO Epoch: 4, 	 Iter: 100/188, 	 Loss: 1.45369497, 	 Acc: 42.938 , 	 lr: 0.001000
22:18:48 INFO Epoch: 4, 	 Iter: 150/188, 	 Loss: 1.46461636, 	 Acc: 41.625 , 	 lr: 0.001000
22:18:48 INFO Epoch: 4, 	 Valid, Loss: 1.46475478, 	 Acc: 40.200 , 	 Best Acc: 40.200
22:18:48 DEBUG Assigning font /F1 = '/home/lidongting/miniconda3/envs/NLP/lib/python3.11/site-packages/matplotlib/mpl-data/fonts/ttf/DejaVuSans.ttf'
22:18:48 DEBUG Embedding font /home/lidongting/miniconda3/envs/NLP/lib/python3.11/site-packages/matplotlib/mpl-data/fonts/ttf/DejaVuSans.ttf.
22:18:48 DEBUG Writing TrueType font.
22:18:49 INFO Epoch: 5, 	 Iter: 50/188, 	 Loss: 1.40820929, 	 Acc: 48.375 , 	 lr: 0.001000
22:18:49 INFO Epoch: 5, 	 Iter: 100/188, 	 Loss: 1.42707145, 	 Acc: 45.969 , 	 lr: 0.001000
22:18:49 INFO Epoch: 5, 	 Iter: 150/188, 	 Loss: 1.43700022, 	 Acc: 44.562 , 	 lr: 0.001000
22:18:50 INFO Epoch: 5, 	 Valid, Loss: 1.44141450, 	 Acc: 44.200 , 	 Best Acc: 44.200
22:18:50 DEBUG Assigning font /F1 = '/home/lidongting/miniconda3/envs/NLP/lib/python3.11/site-packages/matplotlib/mpl-data/fonts/ttf/DejaVuSans.ttf'
22:18:50 DEBUG Embedding font /home/lidongting/miniconda3/envs/NLP/lib/python3.11/site-packages/matplotlib/mpl-data/fonts/ttf/DejaVuSans.ttf.
22:18:50 DEBUG Writing TrueType font.
22:18:50 INFO Epoch: 6, 	 Iter: 50/188, 	 Loss: 1.38256438, 	 Acc: 51.375 , 	 lr: 0.001000
22:18:51 INFO Epoch: 6, 	 Iter: 100/188, 	 Loss: 1.39264385, 	 Acc: 50.250 , 	 lr: 0.001000
22:18:51 INFO Epoch: 6, 	 Iter: 150/188, 	 Loss: 1.40673726, 	 Acc: 48.667 , 	 lr: 0.001000
22:18:51 INFO Epoch: 6, 	 Valid, Loss: 1.44319293, 	 Acc: 43.400 , 	 Best Acc: 44.200
22:18:51 DEBUG Assigning font /F1 = '/home/lidongting/miniconda3/envs/NLP/lib/python3.11/site-packages/matplotlib/mpl-data/fonts/ttf/DejaVuSans.ttf'
22:18:51 DEBUG Embedding font /home/lidongting/miniconda3/envs/NLP/lib/python3.11/site-packages/matplotlib/mpl-data/fonts/ttf/DejaVuSans.ttf.
22:18:51 DEBUG Writing TrueType font.
22:18:52 INFO Epoch: 7, 	 Iter: 50/188, 	 Loss: 1.36102149, 	 Acc: 53.688 , 	 lr: 0.001000
22:18:52 INFO Epoch: 7, 	 Iter: 100/188, 	 Loss: 1.37667358, 	 Acc: 51.688 , 	 lr: 0.001000
22:18:53 INFO Epoch: 7, 	 Iter: 150/188, 	 Loss: 1.39303664, 	 Acc: 49.562 , 	 lr: 0.001000
22:18:53 INFO Epoch: 7, 	 Valid, Loss: 1.40923273, 	 Acc: 47.800 , 	 Best Acc: 47.800
22:18:53 DEBUG Assigning font /F1 = '/home/lidongting/miniconda3/envs/NLP/lib/python3.11/site-packages/matplotlib/mpl-data/fonts/ttf/DejaVuSans.ttf'
22:18:53 DEBUG Embedding font /home/lidongting/miniconda3/envs/NLP/lib/python3.11/site-packages/matplotlib/mpl-data/fonts/ttf/DejaVuSans.ttf.
22:18:53 DEBUG Writing TrueType font.
22:18:54 INFO Epoch: 8, 	 Iter: 50/188, 	 Loss: 1.33404881, 	 Acc: 56.812 , 	 lr: 0.001000
22:18:54 INFO Epoch: 8, 	 Iter: 100/188, 	 Loss: 1.35528209, 	 Acc: 54.000 , 	 lr: 0.001000
22:18:54 INFO Epoch: 8, 	 Iter: 150/188, 	 Loss: 1.37218210, 	 Acc: 52.229 , 	 lr: 0.001000
22:18:55 INFO Epoch: 8, 	 Valid, Loss: 1.40551733, 	 Acc: 47.400 , 	 Best Acc: 47.800
22:18:55 DEBUG Assigning font /F1 = '/home/lidongting/miniconda3/envs/NLP/lib/python3.11/site-packages/matplotlib/mpl-data/fonts/ttf/DejaVuSans.ttf'
22:18:55 DEBUG Embedding font /home/lidongting/miniconda3/envs/NLP/lib/python3.11/site-packages/matplotlib/mpl-data/fonts/ttf/DejaVuSans.ttf.
22:18:55 DEBUG Writing TrueType font.
22:18:55 INFO Epoch: 9, 	 Iter: 50/188, 	 Loss: 1.31202215, 	 Acc: 60.312 , 	 lr: 0.001000
22:18:56 INFO Epoch: 9, 	 Iter: 100/188, 	 Loss: 1.33315014, 	 Acc: 57.219 , 	 lr: 0.001000
22:18:56 INFO Epoch: 9, 	 Iter: 150/188, 	 Loss: 1.35306811, 	 Acc: 54.646 , 	 lr: 0.001000
22:18:56 INFO Epoch: 9, 	 Valid, Loss: 1.39760655, 	 Acc: 50.400 , 	 Best Acc: 50.400
22:18:56 DEBUG Assigning font /F1 = '/home/lidongting/miniconda3/envs/NLP/lib/python3.11/site-packages/matplotlib/mpl-data/fonts/ttf/DejaVuSans.ttf'
22:18:56 DEBUG Embedding font /home/lidongting/miniconda3/envs/NLP/lib/python3.11/site-packages/matplotlib/mpl-data/fonts/ttf/DejaVuSans.ttf.
22:18:56 DEBUG Writing TrueType font.
22:18:57 INFO Epoch: 10, 	 Iter: 50/188, 	 Loss: 1.29304210, 	 Acc: 61.938 , 	 lr: 0.001000
22:18:57 INFO Epoch: 10, 	 Iter: 100/188, 	 Loss: 1.31160398, 	 Acc: 59.250 , 	 lr: 0.001000
22:18:58 INFO Epoch: 10, 	 Iter: 150/188, 	 Loss: 1.32977403, 	 Acc: 56.854 , 	 lr: 0.001000
22:18:58 INFO Epoch: 10, 	 Valid, Loss: 1.38815485, 	 Acc: 52.400 , 	 Best Acc: 52.400
22:18:58 DEBUG Assigning font /F1 = '/home/lidongting/miniconda3/envs/NLP/lib/python3.11/site-packages/matplotlib/mpl-data/fonts/ttf/DejaVuSans.ttf'
22:18:58 DEBUG Embedding font /home/lidongting/miniconda3/envs/NLP/lib/python3.11/site-packages/matplotlib/mpl-data/fonts/ttf/DejaVuSans.ttf.
22:18:58 DEBUG Writing TrueType font.
22:18:59 INFO Epoch: 11, 	 Iter: 50/188, 	 Loss: 1.27566468, 	 Acc: 63.875 , 	 lr: 0.001000
22:18:59 INFO Epoch: 11, 	 Iter: 100/188, 	 Loss: 1.29573526, 	 Acc: 61.000 , 	 lr: 0.001000
22:19:00 INFO Epoch: 11, 	 Iter: 150/188, 	 Loss: 1.31964063, 	 Acc: 58.188 , 	 lr: 0.001000
22:19:00 INFO Epoch: 11, 	 Valid, Loss: 1.37978707, 	 Acc: 51.200 , 	 Best Acc: 52.400
22:19:00 DEBUG Assigning font /F1 = '/home/lidongting/miniconda3/envs/NLP/lib/python3.11/site-packages/matplotlib/mpl-data/fonts/ttf/DejaVuSans.ttf'
22:19:00 DEBUG Embedding font /home/lidongting/miniconda3/envs/NLP/lib/python3.11/site-packages/matplotlib/mpl-data/fonts/ttf/DejaVuSans.ttf.
22:19:00 DEBUG Writing TrueType font.
22:19:01 INFO Epoch: 12, 	 Iter: 50/188, 	 Loss: 1.25123365, 	 Acc: 67.062 , 	 lr: 0.001000
22:19:01 INFO Epoch: 12, 	 Iter: 100/188, 	 Loss: 1.27358198, 	 Acc: 64.031 , 	 lr: 0.001000
22:19:01 INFO Epoch: 12, 	 Iter: 150/188, 	 Loss: 1.29397093, 	 Acc: 61.438 , 	 lr: 0.001000
22:19:02 INFO Epoch: 12, 	 Valid, Loss: 1.38232179, 	 Acc: 52.200 , 	 Best Acc: 52.400
22:19:02 DEBUG Assigning font /F1 = '/home/lidongting/miniconda3/envs/NLP/lib/python3.11/site-packages/matplotlib/mpl-data/fonts/ttf/DejaVuSans.ttf'
22:19:02 DEBUG Embedding font /home/lidongting/miniconda3/envs/NLP/lib/python3.11/site-packages/matplotlib/mpl-data/fonts/ttf/DejaVuSans.ttf.
22:19:02 DEBUG Writing TrueType font.
22:19:02 INFO Epoch: 13, 	 Iter: 50/188, 	 Loss: 1.23039465, 	 Acc: 69.312 , 	 lr: 0.001000
22:19:03 INFO Epoch: 13, 	 Iter: 100/188, 	 Loss: 1.25221676, 	 Acc: 66.438 , 	 lr: 0.001000
22:19:03 INFO Epoch: 13, 	 Iter: 150/188, 	 Loss: 1.27971155, 	 Acc: 62.938 , 	 lr: 0.001000
22:19:03 INFO Epoch: 13, 	 Valid, Loss: 1.40298938, 	 Acc: 49.600 , 	 Best Acc: 52.400
22:19:03 DEBUG Assigning font /F1 = '/home/lidongting/miniconda3/envs/NLP/lib/python3.11/site-packages/matplotlib/mpl-data/fonts/ttf/DejaVuSans.ttf'
22:19:03 DEBUG Embedding font /home/lidongting/miniconda3/envs/NLP/lib/python3.11/site-packages/matplotlib/mpl-data/fonts/ttf/DejaVuSans.ttf.
22:19:03 DEBUG Writing TrueType font.
22:19:04 INFO Epoch: 14, 	 Iter: 50/188, 	 Loss: 1.21431499, 	 Acc: 70.312 , 	 lr: 0.001000
22:19:04 INFO Epoch: 14, 	 Iter: 100/188, 	 Loss: 1.23103852, 	 Acc: 68.594 , 	 lr: 0.001000
22:19:05 INFO Epoch: 14, 	 Iter: 150/188, 	 Loss: 1.25498365, 	 Acc: 65.625 , 	 lr: 0.001000
22:19:05 INFO Epoch: 14, 	 Valid, Loss: 1.38198801, 	 Acc: 51.600 , 	 Best Acc: 52.400
22:19:05 DEBUG Assigning font /F1 = '/home/lidongting/miniconda3/envs/NLP/lib/python3.11/site-packages/matplotlib/mpl-data/fonts/ttf/DejaVuSans.ttf'
22:19:05 DEBUG Embedding font /home/lidongting/miniconda3/envs/NLP/lib/python3.11/site-packages/matplotlib/mpl-data/fonts/ttf/DejaVuSans.ttf.
22:19:05 DEBUG Writing TrueType font.
22:19:05 INFO Epoch: 15, 	 Iter: 50/188, 	 Loss: 1.19096153, 	 Acc: 73.375 , 	 lr: 0.001000
22:19:06 INFO Epoch: 15, 	 Iter: 100/188, 	 Loss: 1.20923862, 	 Acc: 70.531 , 	 lr: 0.001000
22:19:06 INFO Epoch: 15, 	 Iter: 150/188, 	 Loss: 1.23069751, 	 Acc: 68.312 , 	 lr: 0.001000
22:19:06 INFO Epoch: 15, 	 Valid, Loss: 1.38201830, 	 Acc: 50.600 , 	 Best Acc: 52.400
22:19:07 DEBUG Assigning font /F1 = '/home/lidongting/miniconda3/envs/NLP/lib/python3.11/site-packages/matplotlib/mpl-data/fonts/ttf/DejaVuSans.ttf'
22:19:07 DEBUG Embedding font /home/lidongting/miniconda3/envs/NLP/lib/python3.11/site-packages/matplotlib/mpl-data/fonts/ttf/DejaVuSans.ttf.
22:19:07 DEBUG Writing TrueType font.
22:19:07 INFO Epoch: 16, 	 Iter: 50/188, 	 Loss: 1.19024714, 	 Acc: 73.125 , 	 lr: 0.001000
22:19:07 INFO Epoch: 16, 	 Iter: 100/188, 	 Loss: 1.19645161, 	 Acc: 72.344 , 	 lr: 0.001000
22:19:08 INFO Epoch: 16, 	 Iter: 150/188, 	 Loss: 1.22155530, 	 Acc: 69.188 , 	 lr: 0.001000
22:19:08 INFO Epoch: 16, 	 Valid, Loss: 1.38163864, 	 Acc: 51.400 , 	 Best Acc: 52.400
22:19:08 DEBUG Assigning font /F1 = '/home/lidongting/miniconda3/envs/NLP/lib/python3.11/site-packages/matplotlib/mpl-data/fonts/ttf/DejaVuSans.ttf'
22:19:08 DEBUG Embedding font /home/lidongting/miniconda3/envs/NLP/lib/python3.11/site-packages/matplotlib/mpl-data/fonts/ttf/DejaVuSans.ttf.
22:19:08 DEBUG Writing TrueType font.
22:19:09 INFO Epoch: 17, 	 Iter: 50/188, 	 Loss: 1.16185250, 	 Acc: 76.250 , 	 lr: 0.001000
22:19:09 INFO Epoch: 17, 	 Iter: 100/188, 	 Loss: 1.17228892, 	 Acc: 74.469 , 	 lr: 0.001000
22:19:09 INFO Epoch: 17, 	 Iter: 150/188, 	 Loss: 1.19906561, 	 Acc: 71.354 , 	 lr: 0.001000
22:19:10 INFO Epoch: 17, 	 Valid, Loss: 1.40382315, 	 Acc: 49.200 , 	 Best Acc: 52.400
22:19:10 DEBUG Assigning font /F1 = '/home/lidongting/miniconda3/envs/NLP/lib/python3.11/site-packages/matplotlib/mpl-data/fonts/ttf/DejaVuSans.ttf'
22:19:10 DEBUG Embedding font /home/lidongting/miniconda3/envs/NLP/lib/python3.11/site-packages/matplotlib/mpl-data/fonts/ttf/DejaVuSans.ttf.
22:19:10 DEBUG Writing TrueType font.
22:19:10 INFO Epoch: 18, 	 Iter: 50/188, 	 Loss: 1.14187880, 	 Acc: 78.562 , 	 lr: 0.001000
22:19:11 INFO Epoch: 18, 	 Iter: 100/188, 	 Loss: 1.14769160, 	 Acc: 77.094 , 	 lr: 0.001000
22:19:11 INFO Epoch: 18, 	 Iter: 150/188, 	 Loss: 1.17351398, 	 Acc: 73.979 , 	 lr: 0.001000
22:19:12 INFO Epoch: 18, 	 Valid, Loss: 1.41450946, 	 Acc: 47.400 , 	 Best Acc: 52.400
22:19:12 DEBUG Assigning font /F1 = '/home/lidongting/miniconda3/envs/NLP/lib/python3.11/site-packages/matplotlib/mpl-data/fonts/ttf/DejaVuSans.ttf'
22:19:12 DEBUG Embedding font /home/lidongting/miniconda3/envs/NLP/lib/python3.11/site-packages/matplotlib/mpl-data/fonts/ttf/DejaVuSans.ttf.
22:19:12 DEBUG Writing TrueType font.
22:19:12 INFO Epoch: 19, 	 Iter: 50/188, 	 Loss: 1.11487540, 	 Acc: 81.500 , 	 lr: 0.001000
22:19:13 INFO Epoch: 19, 	 Iter: 100/188, 	 Loss: 1.12396876, 	 Acc: 80.094 , 	 lr: 0.001000
22:19:13 INFO Epoch: 19, 	 Iter: 150/188, 	 Loss: 1.14743901, 	 Acc: 77.146 , 	 lr: 0.001000
22:19:13 INFO Epoch: 19, 	 Valid, Loss: 1.39642639, 	 Acc: 49.400 , 	 Best Acc: 52.400
22:19:13 DEBUG Assigning font /F1 = '/home/lidongting/miniconda3/envs/NLP/lib/python3.11/site-packages/matplotlib/mpl-data/fonts/ttf/DejaVuSans.ttf'
22:19:13 DEBUG Embedding font /home/lidongting/miniconda3/envs/NLP/lib/python3.11/site-packages/matplotlib/mpl-data/fonts/ttf/DejaVuSans.ttf.
22:19:13 DEBUG Writing TrueType font.
22:19:14 INFO Epoch: 20, 	 Iter: 50/188, 	 Loss: 1.10219049, 	 Acc: 82.062 , 	 lr: 0.001000
22:19:14 INFO Epoch: 20, 	 Iter: 100/188, 	 Loss: 1.10919584, 	 Acc: 81.125 , 	 lr: 0.001000
22:19:15 INFO Epoch: 20, 	 Iter: 150/188, 	 Loss: 1.13036581, 	 Acc: 78.604 , 	 lr: 0.001000
22:19:15 INFO Epoch: 20, 	 Valid, Loss: 1.40285537, 	 Acc: 49.000 , 	 Best Acc: 52.400
22:19:15 DEBUG Assigning font /F1 = '/home/lidongting/miniconda3/envs/NLP/lib/python3.11/site-packages/matplotlib/mpl-data/fonts/ttf/DejaVuSans.ttf'
22:19:15 DEBUG Embedding font /home/lidongting/miniconda3/envs/NLP/lib/python3.11/site-packages/matplotlib/mpl-data/fonts/ttf/DejaVuSans.ttf.
22:19:15 DEBUG Writing TrueType font.
22:19:15 INFO Epoch: 21, 	 Iter: 50/188, 	 Loss: 1.10006673, 	 Acc: 82.500 , 	 lr: 0.001000
22:19:16 INFO Epoch: 21, 	 Iter: 100/188, 	 Loss: 1.09797926, 	 Acc: 82.250 , 	 lr: 0.001000
22:19:16 INFO Epoch: 21, 	 Iter: 150/188, 	 Loss: 1.12060751, 	 Acc: 79.521 , 	 lr: 0.001000
22:19:17 INFO Epoch: 21, 	 Valid, Loss: 1.42238824, 	 Acc: 46.000 , 	 Best Acc: 52.400
22:19:17 DEBUG Assigning font /F1 = '/home/lidongting/miniconda3/envs/NLP/lib/python3.11/site-packages/matplotlib/mpl-data/fonts/ttf/DejaVuSans.ttf'
22:19:17 DEBUG Embedding font /home/lidongting/miniconda3/envs/NLP/lib/python3.11/site-packages/matplotlib/mpl-data/fonts/ttf/DejaVuSans.ttf.
22:19:17 DEBUG Writing TrueType font.
22:19:17 INFO Epoch: 22, 	 Iter: 50/188, 	 Loss: 1.08783646, 	 Acc: 82.750 , 	 lr: 0.001000
22:19:17 INFO Epoch: 22, 	 Iter: 100/188, 	 Loss: 1.09526509, 	 Acc: 81.938 , 	 lr: 0.001000
22:19:18 INFO Epoch: 22, 	 Iter: 150/188, 	 Loss: 1.10898057, 	 Acc: 80.521 , 	 lr: 0.001000
22:19:18 INFO Epoch: 22, 	 Valid, Loss: 1.42793993, 	 Acc: 44.800 , 	 Best Acc: 52.400
22:19:18 DEBUG Assigning font /F1 = '/home/lidongting/miniconda3/envs/NLP/lib/python3.11/site-packages/matplotlib/mpl-data/fonts/ttf/DejaVuSans.ttf'
22:19:18 DEBUG Embedding font /home/lidongting/miniconda3/envs/NLP/lib/python3.11/site-packages/matplotlib/mpl-data/fonts/ttf/DejaVuSans.ttf.
22:19:18 DEBUG Writing TrueType font.
22:19:19 INFO Epoch: 23, 	 Iter: 50/188, 	 Loss: 1.08071546, 	 Acc: 83.688 , 	 lr: 0.001000
22:19:19 INFO Epoch: 23, 	 Iter: 100/188, 	 Loss: 1.07934285, 	 Acc: 83.594 , 	 lr: 0.001000
22:19:19 INFO Epoch: 23, 	 Iter: 150/188, 	 Loss: 1.09431511, 	 Acc: 81.979 , 	 lr: 0.001000
22:19:20 INFO Epoch: 23, 	 Valid, Loss: 1.43020708, 	 Acc: 45.800 , 	 Best Acc: 52.400
22:19:20 DEBUG Assigning font /F1 = '/home/lidongting/miniconda3/envs/NLP/lib/python3.11/site-packages/matplotlib/mpl-data/fonts/ttf/DejaVuSans.ttf'
22:19:20 DEBUG Embedding font /home/lidongting/miniconda3/envs/NLP/lib/python3.11/site-packages/matplotlib/mpl-data/fonts/ttf/DejaVuSans.ttf.
22:19:20 DEBUG Writing TrueType font.
22:19:20 INFO Epoch: 24, 	 Iter: 50/188, 	 Loss: 1.06966626, 	 Acc: 84.500 , 	 lr: 0.001000
22:19:21 INFO Epoch: 24, 	 Iter: 100/188, 	 Loss: 1.06550100, 	 Acc: 84.938 , 	 lr: 0.001000
22:19:21 INFO Epoch: 24, 	 Iter: 150/188, 	 Loss: 1.08237865, 	 Acc: 82.917 , 	 lr: 0.001000
22:19:22 INFO Epoch: 24, 	 Valid, Loss: 1.43837719, 	 Acc: 45.000 , 	 Best Acc: 52.400
22:19:22 DEBUG Assigning font /F1 = '/home/lidongting/miniconda3/envs/NLP/lib/python3.11/site-packages/matplotlib/mpl-data/fonts/ttf/DejaVuSans.ttf'
22:19:22 DEBUG Embedding font /home/lidongting/miniconda3/envs/NLP/lib/python3.11/site-packages/matplotlib/mpl-data/fonts/ttf/DejaVuSans.ttf.
22:19:22 DEBUG Writing TrueType font.
22:19:22 INFO Epoch: 25, 	 Iter: 50/188, 	 Loss: 1.05802485, 	 Acc: 85.062 , 	 lr: 0.001000
22:19:23 INFO Epoch: 25, 	 Iter: 100/188, 	 Loss: 1.06327403, 	 Acc: 84.625 , 	 lr: 0.001000
22:19:23 INFO Epoch: 25, 	 Iter: 150/188, 	 Loss: 1.07544124, 	 Acc: 83.396 , 	 lr: 0.001000
22:19:23 INFO Epoch: 25, 	 Valid, Loss: 1.45470245, 	 Acc: 43.000 , 	 Best Acc: 52.400
22:19:23 DEBUG Assigning font /F1 = '/home/lidongting/miniconda3/envs/NLP/lib/python3.11/site-packages/matplotlib/mpl-data/fonts/ttf/DejaVuSans.ttf'
22:19:23 DEBUG Embedding font /home/lidongting/miniconda3/envs/NLP/lib/python3.11/site-packages/matplotlib/mpl-data/fonts/ttf/DejaVuSans.ttf.
22:19:23 DEBUG Writing TrueType font.
22:19:24 INFO Epoch: 26, 	 Iter: 50/188, 	 Loss: 1.06077239, 	 Acc: 85.062 , 	 lr: 0.001000
22:19:24 INFO Epoch: 26, 	 Iter: 100/188, 	 Loss: 1.05870200, 	 Acc: 85.250 , 	 lr: 0.001000
22:19:25 INFO Epoch: 26, 	 Iter: 150/188, 	 Loss: 1.07154062, 	 Acc: 83.917 , 	 lr: 0.001000
22:19:25 INFO Epoch: 26, 	 Valid, Loss: 1.43683695, 	 Acc: 44.800 , 	 Best Acc: 52.400
22:19:25 DEBUG Assigning font /F1 = '/home/lidongting/miniconda3/envs/NLP/lib/python3.11/site-packages/matplotlib/mpl-data/fonts/ttf/DejaVuSans.ttf'
22:19:25 DEBUG Embedding font /home/lidongting/miniconda3/envs/NLP/lib/python3.11/site-packages/matplotlib/mpl-data/fonts/ttf/DejaVuSans.ttf.
22:19:25 DEBUG Writing TrueType font.
22:19:25 INFO Epoch: 27, 	 Iter: 50/188, 	 Loss: 1.06098918, 	 Acc: 85.562 , 	 lr: 0.001000
22:19:26 INFO Epoch: 27, 	 Iter: 100/188, 	 Loss: 1.05636674, 	 Acc: 85.750 , 	 lr: 0.001000
22:19:26 INFO Epoch: 27, 	 Iter: 150/188, 	 Loss: 1.06802087, 	 Acc: 84.458 , 	 lr: 0.001000
22:19:26 INFO Epoch: 27, 	 Valid, Loss: 1.43374403, 	 Acc: 44.400 , 	 Best Acc: 52.400
22:19:26 DEBUG Assigning font /F1 = '/home/lidongting/miniconda3/envs/NLP/lib/python3.11/site-packages/matplotlib/mpl-data/fonts/ttf/DejaVuSans.ttf'
22:19:27 DEBUG Embedding font /home/lidongting/miniconda3/envs/NLP/lib/python3.11/site-packages/matplotlib/mpl-data/fonts/ttf/DejaVuSans.ttf.
22:19:27 DEBUG Writing TrueType font.
22:19:27 INFO Epoch: 28, 	 Iter: 50/188, 	 Loss: 1.04558757, 	 Acc: 86.250 , 	 lr: 0.001000
22:19:27 INFO Epoch: 28, 	 Iter: 100/188, 	 Loss: 1.04369997, 	 Acc: 86.688 , 	 lr: 0.001000
22:19:28 INFO Epoch: 28, 	 Iter: 150/188, 	 Loss: 1.05489867, 	 Acc: 85.500 , 	 lr: 0.001000
22:19:28 INFO Epoch: 28, 	 Valid, Loss: 1.42326145, 	 Acc: 47.000 , 	 Best Acc: 52.400
22:19:28 DEBUG Assigning font /F1 = '/home/lidongting/miniconda3/envs/NLP/lib/python3.11/site-packages/matplotlib/mpl-data/fonts/ttf/DejaVuSans.ttf'
22:19:28 DEBUG Embedding font /home/lidongting/miniconda3/envs/NLP/lib/python3.11/site-packages/matplotlib/mpl-data/fonts/ttf/DejaVuSans.ttf.
22:19:28 DEBUG Writing TrueType font.
22:19:29 INFO Epoch: 29, 	 Iter: 50/188, 	 Loss: 1.05247201, 	 Acc: 86.312 , 	 lr: 0.001000
22:19:29 INFO Epoch: 29, 	 Iter: 100/188, 	 Loss: 1.04323138, 	 Acc: 86.688 , 	 lr: 0.001000
22:19:29 INFO Epoch: 29, 	 Iter: 150/188, 	 Loss: 1.05201111, 	 Acc: 85.896 , 	 lr: 0.001000
22:19:30 INFO Epoch: 29, 	 Valid, Loss: 1.42745458, 	 Acc: 45.600 , 	 Best Acc: 52.400
22:19:30 DEBUG Assigning font /F1 = '/home/lidongting/miniconda3/envs/NLP/lib/python3.11/site-packages/matplotlib/mpl-data/fonts/ttf/DejaVuSans.ttf'
22:19:30 DEBUG Embedding font /home/lidongting/miniconda3/envs/NLP/lib/python3.11/site-packages/matplotlib/mpl-data/fonts/ttf/DejaVuSans.ttf.
22:19:30 DEBUG Writing TrueType font.
22:19:30 INFO Epoch: 30, 	 Iter: 50/188, 	 Loss: 1.04717405, 	 Acc: 86.375 , 	 lr: 0.001000
22:19:31 INFO Epoch: 30, 	 Iter: 100/188, 	 Loss: 1.03926697, 	 Acc: 87.281 , 	 lr: 0.001000
22:19:31 INFO Epoch: 30, 	 Iter: 150/188, 	 Loss: 1.04406255, 	 Acc: 86.750 , 	 lr: 0.001000
22:19:31 INFO Epoch: 30, 	 Valid, Loss: 1.41653768, 	 Acc: 48.400 , 	 Best Acc: 52.400
22:19:31 DEBUG Assigning font /F1 = '/home/lidongting/miniconda3/envs/NLP/lib/python3.11/site-packages/matplotlib/mpl-data/fonts/ttf/DejaVuSans.ttf'
22:19:31 DEBUG Embedding font /home/lidongting/miniconda3/envs/NLP/lib/python3.11/site-packages/matplotlib/mpl-data/fonts/ttf/DejaVuSans.ttf.
22:19:31 DEBUG Writing TrueType font.
22:19:32 INFO valid loss: 1.388, 	 valid acc: 52.400, 	 test loss: 1.382, 	 test acc: 51.600 
