21:52:23 INFO Epoch: 1, 	 Iter: 50/188, 	 Loss: 1.60897092, 	 Acc: 20.750 , 	 lr: 0.000500
21:52:23 INFO Epoch: 1, 	 Iter: 100/188, 	 Loss: 1.60859331, 	 Acc: 20.969 , 	 lr: 0.000500
21:52:23 INFO Epoch: 1, 	 Iter: 150/188, 	 Loss: 1.60798927, 	 Acc: 21.104 , 	 lr: 0.000500
21:52:24 INFO Epoch: 1, 	 Valid, Loss: 1.60686215, 	 Acc: 19.400 , 	 Best Acc: 19.400
21:52:24 DEBUG Loaded backend agg version v2.2.
21:52:24 DEBUG findfont: Matching sans\-serif:style=normal:variant=normal:weight=normal:stretch=normal:size=10.0.
21:52:24 DEBUG findfont: score(FontEntry(fname='/home/lidongting/miniconda3/envs/NLP/lib/python3.11/site-packages/matplotlib/mpl-data/fonts/ttf/STIXSizFiveSymReg.ttf', name='STIXSizeFiveSym', style='normal', variant='normal', weight=400, stretch='normal', size='scalable')) = 10.05
21:52:24 DEBUG findfont: score(FontEntry(fname='/home/lidongting/miniconda3/envs/NLP/lib/python3.11/site-packages/matplotlib/mpl-data/fonts/ttf/DejaVuSerif.ttf', name='DejaVu Serif', style='normal', variant='normal', weight=400, stretch='normal', size='scalable')) = 10.05
21:52:24 DEBUG findfont: score(FontEntry(fname='/home/lidongting/miniconda3/envs/NLP/lib/python3.11/site-packages/matplotlib/mpl-data/fonts/ttf/STIXSizTwoSymReg.ttf', name='STIXSizeTwoSym', style='normal', variant='normal', weight=400, stretch='normal', size='scalable')) = 10.05
21:52:24 DEBUG findfont: score(FontEntry(fname='/home/lidongting/miniconda3/envs/NLP/lib/python3.11/site-packages/matplotlib/mpl-data/fonts/ttf/STIXSizThreeSymBol.ttf', name='STIXSizeThreeSym', style='normal', variant='normal', weight=700, stretch='normal', size='scalable')) = 10.335
21:52:24 DEBUG findfont: score(FontEntry(fname='/home/lidongting/miniconda3/envs/NLP/lib/python3.11/site-packages/matplotlib/mpl-data/fonts/ttf/DejaVuSans-Bold.ttf', name='DejaVu Sans', style='normal', variant='normal', weight=700, stretch='normal', size='scalable')) = 0.33499999999999996
21:52:24 DEBUG findfont: score(FontEntry(fname='/home/lidongting/miniconda3/envs/NLP/lib/python3.11/site-packages/matplotlib/mpl-data/fonts/ttf/STIXGeneral.ttf', name='STIXGeneral', style='normal', variant='normal', weight=400, stretch='normal', size='scalable')) = 10.05
21:52:24 DEBUG findfont: score(FontEntry(fname='/home/lidongting/miniconda3/envs/NLP/lib/python3.11/site-packages/matplotlib/mpl-data/fonts/ttf/DejaVuSans-Oblique.ttf', name='DejaVu Sans', style='oblique', variant='normal', weight=400, stretch='normal', size='scalable')) = 1.05
21:52:24 DEBUG findfont: score(FontEntry(fname='/home/lidongting/miniconda3/envs/NLP/lib/python3.11/site-packages/matplotlib/mpl-data/fonts/ttf/STIXSizOneSymReg.ttf', name='STIXSizeOneSym', style='normal', variant='normal', weight=400, stretch='normal', size='scalable')) = 10.05
21:52:24 DEBUG findfont: score(FontEntry(fname='/home/lidongting/miniconda3/envs/NLP/lib/python3.11/site-packages/matplotlib/mpl-data/fonts/ttf/cmtt10.ttf', name='cmtt10', style='normal', variant='normal', weight=400, stretch='normal', size='scalable')) = 10.05
21:52:24 DEBUG findfont: score(FontEntry(fname='/home/lidongting/miniconda3/envs/NLP/lib/python3.11/site-packages/matplotlib/mpl-data/fonts/ttf/DejaVuSans-BoldOblique.ttf', name='DejaVu Sans', style='oblique', variant='normal', weight=700, stretch='normal', size='scalable')) = 1.335
21:52:24 DEBUG findfont: score(FontEntry(fname='/home/lidongting/miniconda3/envs/NLP/lib/python3.11/site-packages/matplotlib/mpl-data/fonts/ttf/DejaVuSerif-Bold.ttf', name='DejaVu Serif', style='normal', variant='normal', weight=700, stretch='normal', size='scalable')) = 10.335
21:52:24 DEBUG findfont: score(FontEntry(fname='/home/lidongting/miniconda3/envs/NLP/lib/python3.11/site-packages/matplotlib/mpl-data/fonts/ttf/cmb10.ttf', name='cmb10', style='normal', variant='normal', weight=400, stretch='normal', size='scalable')) = 10.05
21:52:24 DEBUG findfont: score(FontEntry(fname='/home/lidongting/miniconda3/envs/NLP/lib/python3.11/site-packages/matplotlib/mpl-data/fonts/ttf/STIXSizFourSymBol.ttf', name='STIXSizeFourSym', style='normal', variant='normal', weight=700, stretch='normal', size='scalable')) = 10.335
21:52:24 DEBUG findfont: score(FontEntry(fname='/home/lidongting/miniconda3/envs/NLP/lib/python3.11/site-packages/matplotlib/mpl-data/fonts/ttf/DejaVuSans.ttf', name='DejaVu Sans', style='normal', variant='normal', weight=400, stretch='normal', size='scalable')) = 0.05
21:52:24 DEBUG findfont: score(FontEntry(fname='/home/lidongting/miniconda3/envs/NLP/lib/python3.11/site-packages/matplotlib/mpl-data/fonts/ttf/cmss10.ttf', name='cmss10', style='normal', variant='normal', weight=400, stretch='normal', size='scalable')) = 10.05
21:52:24 DEBUG findfont: score(FontEntry(fname='/home/lidongting/miniconda3/envs/NLP/lib/python3.11/site-packages/matplotlib/mpl-data/fonts/ttf/DejaVuSansDisplay.ttf', name='DejaVu Sans Display', style='normal', variant='normal', weight=400, stretch='normal', size='scalable')) = 10.05
21:52:24 DEBUG findfont: score(FontEntry(fname='/home/lidongting/miniconda3/envs/NLP/lib/python3.11/site-packages/matplotlib/mpl-data/fonts/ttf/DejaVuSansMono.ttf', name='DejaVu Sans Mono', style='normal', variant='normal', weight=400, stretch='normal', size='scalable')) = 10.05
21:52:24 DEBUG findfont: score(FontEntry(fname='/home/lidongting/miniconda3/envs/NLP/lib/python3.11/site-packages/matplotlib/mpl-data/fonts/ttf/STIXGeneralItalic.ttf', name='STIXGeneral', style='italic', variant='normal', weight=400, stretch='normal', size='scalable')) = 11.05
21:52:24 DEBUG findfont: score(FontEntry(fname='/home/lidongting/miniconda3/envs/NLP/lib/python3.11/site-packages/matplotlib/mpl-data/fonts/ttf/STIXNonUniBol.ttf', name='STIXNonUnicode', style='normal', variant='normal', weight=700, stretch='normal', size='scalable')) = 10.335
21:52:24 DEBUG findfont: score(FontEntry(fname='/home/lidongting/miniconda3/envs/NLP/lib/python3.11/site-packages/matplotlib/mpl-data/fonts/ttf/cmr10.ttf', name='cmr10', style='normal', variant='normal', weight=400, stretch='normal', size='scalable')) = 10.05
21:52:24 DEBUG findfont: score(FontEntry(fname='/home/lidongting/miniconda3/envs/NLP/lib/python3.11/site-packages/matplotlib/mpl-data/fonts/ttf/STIXSizThreeSymReg.ttf', name='STIXSizeThreeSym', style='normal', variant='normal', weight=400, stretch='normal', size='scalable')) = 10.05
21:52:24 DEBUG findfont: score(FontEntry(fname='/home/lidongting/miniconda3/envs/NLP/lib/python3.11/site-packages/matplotlib/mpl-data/fonts/ttf/DejaVuSansMono-Bold.ttf', name='DejaVu Sans Mono', style='normal', variant='normal', weight=700, stretch='normal', size='scalable')) = 10.335
21:52:24 DEBUG findfont: score(FontEntry(fname='/home/lidongting/miniconda3/envs/NLP/lib/python3.11/site-packages/matplotlib/mpl-data/fonts/ttf/STIXSizTwoSymBol.ttf', name='STIXSizeTwoSym', style='normal', variant='normal', weight=700, stretch='normal', size='scalable')) = 10.335
21:52:24 DEBUG findfont: score(FontEntry(fname='/home/lidongting/miniconda3/envs/NLP/lib/python3.11/site-packages/matplotlib/mpl-data/fonts/ttf/STIXNonUniBolIta.ttf', name='STIXNonUnicode', style='italic', variant='normal', weight=700, stretch='normal', size='scalable')) = 11.335
21:52:24 DEBUG findfont: score(FontEntry(fname='/home/lidongting/miniconda3/envs/NLP/lib/python3.11/site-packages/matplotlib/mpl-data/fonts/ttf/DejaVuSerif-BoldItalic.ttf', name='DejaVu Serif', style='italic', variant='normal', weight=700, stretch='normal', size='scalable')) = 11.335
21:52:24 DEBUG findfont: score(FontEntry(fname='/home/lidongting/miniconda3/envs/NLP/lib/python3.11/site-packages/matplotlib/mpl-data/fonts/ttf/STIXGeneralBol.ttf', name='STIXGeneral', style='normal', variant='normal', weight=700, stretch='normal', size='scalable')) = 10.335
21:52:24 DEBUG findfont: score(FontEntry(fname='/home/lidongting/miniconda3/envs/NLP/lib/python3.11/site-packages/matplotlib/mpl-data/fonts/ttf/DejaVuSerifDisplay.ttf', name='DejaVu Serif Display', style='normal', variant='normal', weight=400, stretch='normal', size='scalable')) = 10.05
21:52:24 DEBUG findfont: score(FontEntry(fname='/home/lidongting/miniconda3/envs/NLP/lib/python3.11/site-packages/matplotlib/mpl-data/fonts/ttf/STIXSizOneSymBol.ttf', name='STIXSizeOneSym', style='normal', variant='normal', weight=700, stretch='normal', size='scalable')) = 10.335
21:52:24 DEBUG findfont: score(FontEntry(fname='/home/lidongting/miniconda3/envs/NLP/lib/python3.11/site-packages/matplotlib/mpl-data/fonts/ttf/STIXSizFourSymReg.ttf', name='STIXSizeFourSym', style='normal', variant='normal', weight=400, stretch='normal', size='scalable')) = 10.05
21:52:24 DEBUG findfont: score(FontEntry(fname='/home/lidongting/miniconda3/envs/NLP/lib/python3.11/site-packages/matplotlib/mpl-data/fonts/ttf/DejaVuSansMono-BoldOblique.ttf', name='DejaVu Sans Mono', style='oblique', variant='normal', weight=700, stretch='normal', size='scalable')) = 11.335
21:52:24 DEBUG findfont: score(FontEntry(fname='/home/lidongting/miniconda3/envs/NLP/lib/python3.11/site-packages/matplotlib/mpl-data/fonts/ttf/STIXNonUni.ttf', name='STIXNonUnicode', style='normal', variant='normal', weight=400, stretch='normal', size='scalable')) = 10.05
21:52:24 DEBUG findfont: score(FontEntry(fname='/home/lidongting/miniconda3/envs/NLP/lib/python3.11/site-packages/matplotlib/mpl-data/fonts/ttf/STIXGeneralBolIta.ttf', name='STIXGeneral', style='italic', variant='normal', weight=700, stretch='normal', size='scalable')) = 11.335
21:52:24 DEBUG findfont: score(FontEntry(fname='/home/lidongting/miniconda3/envs/NLP/lib/python3.11/site-packages/matplotlib/mpl-data/fonts/ttf/cmsy10.ttf', name='cmsy10', style='normal', variant='normal', weight=400, stretch='normal', size='scalable')) = 10.05
21:52:24 DEBUG findfont: score(FontEntry(fname='/home/lidongting/miniconda3/envs/NLP/lib/python3.11/site-packages/matplotlib/mpl-data/fonts/ttf/cmmi10.ttf', name='cmmi10', style='normal', variant='normal', weight=400, stretch='normal', size='scalable')) = 10.05
21:52:24 DEBUG findfont: score(FontEntry(fname='/home/lidongting/miniconda3/envs/NLP/lib/python3.11/site-packages/matplotlib/mpl-data/fonts/ttf/STIXNonUniIta.ttf', name='STIXNonUnicode', style='italic', variant='normal', weight=400, stretch='normal', size='scalable')) = 11.05
21:52:24 DEBUG findfont: score(FontEntry(fname='/home/lidongting/miniconda3/envs/NLP/lib/python3.11/site-packages/matplotlib/mpl-data/fonts/ttf/DejaVuSerif-Italic.ttf', name='DejaVu Serif', style='italic', variant='normal', weight=400, stretch='normal', size='scalable')) = 11.05
21:52:24 DEBUG findfont: score(FontEntry(fname='/home/lidongting/miniconda3/envs/NLP/lib/python3.11/site-packages/matplotlib/mpl-data/fonts/ttf/DejaVuSansMono-Oblique.ttf', name='DejaVu Sans Mono', style='oblique', variant='normal', weight=400, stretch='normal', size='scalable')) = 11.05
21:52:24 DEBUG findfont: score(FontEntry(fname='/home/lidongting/miniconda3/envs/NLP/lib/python3.11/site-packages/matplotlib/mpl-data/fonts/ttf/cmex10.ttf', name='cmex10', style='normal', variant='normal', weight=400, stretch='normal', size='scalable')) = 10.05
21:52:24 DEBUG findfont: score(FontEntry(fname='/usr/share/fonts/truetype/liberation2/LiberationSerif-BoldItalic.ttf', name='Liberation Serif', style='italic', variant='normal', weight=700, stretch='normal', size='scalable')) = 11.335
21:52:24 DEBUG findfont: score(FontEntry(fname='/usr/share/fonts/truetype/lyx/msbm10.ttf', name='msbm10', style='normal', variant='normal', weight=400, stretch='normal', size='scalable')) = 10.05
21:52:24 DEBUG findfont: score(FontEntry(fname='/usr/share/fonts/opentype/urw-base35/StandardSymbolsPS.otf', name='Standard Symbols PS', style='normal', variant='normal', weight=400, stretch='normal', size='scalable')) = 10.05
21:52:24 DEBUG findfont: score(FontEntry(fname='/usr/share/fonts/truetype/Navilu/Navilu.ttf', name='Navilu', style='normal', variant='normal', weight=400, stretch='normal', size='scalable')) = 10.05
21:52:24 DEBUG findfont: score(FontEntry(fname='/usr/share/fonts/truetype/dejavu/DejaVuSans.ttf', name='DejaVu Sans', style='normal', variant='normal', weight=400, stretch='normal', size='scalable')) = 0.05
21:52:24 DEBUG findfont: score(FontEntry(fname='/usr/share/fonts/truetype/liberation/LiberationMono-BoldItalic.ttf', name='Liberation Mono', style='italic', variant='normal', weight=700, stretch='normal', size='scalable')) = 11.335
21:52:24 DEBUG findfont: score(FontEntry(fname='/usr/share/fonts/truetype/fonts-orya-extra/utkal.ttf', name='ori1Uni', style='normal', variant='normal', weight=500, stretch='normal', size='scalable')) = 10.145
21:52:24 DEBUG findfont: score(FontEntry(fname='/usr/share/fonts/truetype/tlwg/Kinnari-Bold.ttf', name='Kinnari', style='normal', variant='normal', weight=700, stretch='normal', size='scalable')) = 10.335
21:52:24 DEBUG findfont: score(FontEntry(fname='/usr/share/fonts/truetype/tlwg/Sawasdee.ttf', name='Sawasdee', style='normal', variant='normal', weight=400, stretch='normal', size='scalable')) = 10.05
21:52:24 DEBUG findfont: score(FontEntry(fname='/usr/share/fonts/truetype/tlwg/TlwgTypist-Bold.ttf', name='Tlwg Typist', style='normal', variant='normal', weight=700, stretch='normal', size='scalable')) = 10.335
21:52:24 DEBUG findfont: score(FontEntry(fname='/usr/share/fonts/truetype/tlwg/Umpush-LightOblique.ttf', name='Umpush', style='oblique', variant='normal', weight=300, stretch='normal', size='scalable')) = 11.145
21:52:24 DEBUG findfont: score(FontEntry(fname='/usr/share/fonts/truetype/fonts-deva-extra/chandas1-2.ttf', name='Chandas', style='normal', variant='normal', weight=400, stretch='normal', size='scalable')) = 10.05
21:52:24 DEBUG findfont: score(FontEntry(fname='/usr/share/fonts/truetype/dejavu/DejaVuSans-BoldOblique.ttf', name='DejaVu Sans', style='oblique', variant='normal', weight=700, stretch='normal', size='scalable')) = 1.335
21:52:24 DEBUG findfont: score(FontEntry(fname='/usr/share/fonts/truetype/kacst/KacstTitle.ttf', name='KacstTitle', style='normal', variant='normal', weight=500, stretch='normal', size='scalable')) = 10.145
21:52:24 DEBUG findfont: score(FontEntry(fname='/usr/share/fonts/truetype/fonts-deva-extra/kalimati.ttf', name='Kalimati', style='normal', variant='normal', weight=400, stretch='normal', size='scalable')) = 10.05
21:52:24 DEBUG findfont: score(FontEntry(fname='/usr/share/fonts/truetype/tlwg/Kinnari.ttf', name='Kinnari', style='normal', variant='normal', weight=400, stretch='normal', size='scalable')) = 10.05
21:52:24 DEBUG findfont: score(FontEntry(fname='/usr/share/fonts/truetype/tlwg/Loma-BoldOblique.ttf', name='Loma', style='oblique', variant='normal', weight=700, stretch='normal', size='scalable')) = 11.335
21:52:24 DEBUG findfont: score(FontEntry(fname='/usr/share/fonts/truetype/dejavu/DejaVuSerifCondensed-BoldItalic.ttf', name='DejaVu Serif', style='italic', variant='normal', weight=700, stretch='condensed', size='scalable')) = 11.535
21:52:24 DEBUG findfont: score(FontEntry(fname='/usr/share/fonts/opentype/urw-base35/URWGothic-BookOblique.otf', name='URW Gothic', style='oblique', variant='normal', weight=400, stretch='normal', size='scalable')) = 11.05
21:52:24 DEBUG findfont: score(FontEntry(fname='/usr/share/fonts/truetype/lyx/cmr10.ttf', name='cmr10', style='normal', variant='normal', weight=400, stretch='normal', size='scalable')) = 10.05
21:52:24 DEBUG findfont: score(FontEntry(fname='/usr/share/fonts/opentype/malayalam/Manjari-Bold.otf', name='Manjari', style='normal', variant='normal', weight=700, stretch='normal', size='scalable')) = 10.335
21:52:24 DEBUG findfont: score(FontEntry(fname='/usr/share/fonts/truetype/tlwg/Umpush-Oblique.ttf', name='Umpush', style='oblique', variant='normal', weight=400, stretch='normal', size='scalable')) = 11.05
21:52:24 DEBUG findfont: score(FontEntry(fname='/usr/share/fonts/truetype/tlwg/Loma-Bold.ttf', name='Loma', style='normal', variant='normal', weight=700, stretch='normal', size='scalable')) = 10.335
21:52:24 DEBUG findfont: score(FontEntry(fname='/usr/share/fonts/opentype/urw-base35/NimbusSansNarrow-Bold.otf', name='Nimbus Sans Narrow', style='normal', variant='normal', weight=700, stretch='condensed', size='scalable')) = 10.535
21:52:24 DEBUG findfont: score(FontEntry(fname='/usr/share/fonts/truetype/liberation/LiberationSerif-Italic.ttf', name='Liberation Serif', style='italic', variant='normal', weight=400, stretch='normal', size='scalable')) = 11.05
21:52:24 DEBUG findfont: score(FontEntry(fname='/usr/share/fonts/truetype/ttf-bitstream-vera/VeraMoBI.ttf', name='Bitstream Vera Sans Mono', style='oblique', variant='normal', weight=700, stretch='normal', size='scalable')) = 11.335
21:52:24 DEBUG findfont: score(FontEntry(fname='/usr/share/fonts/truetype/liberation/LiberationMono-Italic.ttf', name='Liberation Mono', style='italic', variant='normal', weight=400, stretch='normal', size='scalable')) = 11.05
21:52:24 DEBUG findfont: score(FontEntry(fname='/usr/share/fonts/truetype/dejavu/DejaVuSerifCondensed-Bold.ttf', name='DejaVu Serif', style='normal', variant='normal', weight=700, stretch='condensed', size='scalable')) = 10.535
21:52:24 DEBUG findfont: score(FontEntry(fname='/usr/share/fonts/truetype/dejavu/DejaVuSerifCondensed-Italic.ttf', name='DejaVu Serif', style='italic', variant='normal', weight=400, stretch='condensed', size='scalable')) = 11.25
21:52:24 DEBUG findfont: score(FontEntry(fname='/usr/share/fonts/opentype/urw-base35/NimbusRoman-Bold.otf', name='Nimbus Roman', style='normal', variant='normal', weight=700, stretch='normal', size='scalable')) = 10.335
21:52:24 DEBUG findfont: score(FontEntry(fname='/usr/share/fonts/truetype/lohit-devanagari/Lohit-Devanagari.ttf', name='Lohit Devanagari', style='normal', variant='normal', weight=400, stretch='normal', size='scalable')) = 10.05
21:52:24 DEBUG findfont: score(FontEntry(fname='/usr/share/fonts/truetype/tlwg/Purisa.ttf', name='Purisa', style='normal', variant='normal', weight=400, stretch='normal', size='scalable')) = 10.05
21:52:24 DEBUG findfont: score(FontEntry(fname='/usr/share/fonts/truetype/fonts-beng-extra/JamrulNormal.ttf', name='Jamrul', style='normal', variant='normal', weight=500, stretch='normal', size='scalable')) = 10.145
21:52:24 DEBUG findfont: score(FontEntry(fname='/usr/share/fonts/truetype/liberation2/LiberationSans-Italic.ttf', name='Liberation Sans', style='italic', variant='normal', weight=400, stretch='normal', size='scalable')) = 11.05
21:52:24 DEBUG findfont: score(FontEntry(fname='/usr/share/fonts/truetype/ttf-bitstream-vera/Vera.ttf', name='Bitstream Vera Sans', style='normal', variant='normal', weight=400, stretch='normal', size='scalable')) = 0.9590909090909092
21:52:24 DEBUG findfont: score(FontEntry(fname='/usr/share/fonts/truetype/tlwg/Purisa-Oblique.ttf', name='Purisa', style='oblique', variant='normal', weight=400, stretch='normal', size='scalable')) = 11.05
21:52:24 DEBUG findfont: score(FontEntry(fname='/usr/share/fonts/opentype/noto/NotoSerifCJK-Bold.ttc', name='Noto Serif CJK JP', style='normal', variant='normal', weight=700, stretch='normal', size='scalable')) = 10.335
21:52:24 DEBUG findfont: score(FontEntry(fname='/usr/share/fonts/truetype/fonts-beng-extra/LikhanNormal.ttf', name='Likhan', style='normal', variant='normal', weight=500, stretch='normal', size='scalable')) = 10.145
21:52:24 DEBUG findfont: score(FontEntry(fname='/usr/share/fonts/truetype/ttf-khmeros-core/KhmerOS.ttf', name='Khmer OS', style='normal', variant='normal', weight=400, stretch='normal', size='scalable')) = 10.05
21:52:24 DEBUG findfont: score(FontEntry(fname='/usr/share/fonts/opentype/urw-base35/NimbusRoman-Regular.otf', name='Nimbus Roman', style='normal', variant='normal', weight=400, stretch='normal', size='scalable')) = 10.05
21:52:24 DEBUG findfont: score(FontEntry(fname='/usr/share/fonts/truetype/tlwg/Norasi-Oblique.ttf', name='Norasi', style='oblique', variant='normal', weight=400, stretch='normal', size='scalable')) = 11.05
21:52:24 DEBUG findfont: score(FontEntry(fname='/usr/share/fonts/truetype/tlwg/TlwgTypewriter-BoldOblique.ttf', name='Tlwg Typewriter', style='oblique', variant='normal', weight=700, stretch='normal', size='scalable')) = 11.335
21:52:24 DEBUG findfont: score(FontEntry(fname='/usr/share/fonts/truetype/lohit-assamese/Lohit-Assamese.ttf', name='Lohit Assamese', style='normal', variant='normal', weight=400, stretch='normal', size='scalable')) = 10.05
21:52:24 DEBUG findfont: score(FontEntry(fname='/usr/share/fonts/truetype/fonts-yrsa-rasa/Rasa-SemiBold.ttf', name='Rasa', style='normal', variant='normal', weight=600, stretch='normal', size='scalable')) = 10.24
21:52:24 DEBUG findfont: score(FontEntry(fname='/usr/share/fonts/truetype/noto/NotoMono-Regular.ttf', name='Noto Mono', style='normal', variant='normal', weight=400, stretch='normal', size='scalable')) = 10.05
21:52:24 DEBUG findfont: score(FontEntry(fname='/usr/share/fonts/opentype/urw-base35/P052-BoldItalic.otf', name='P052', style='italic', variant='normal', weight=700, stretch='normal', size='scalable')) = 11.335
21:52:24 DEBUG findfont: score(FontEntry(fname='/usr/share/fonts/truetype/kacst/KacstQurn.ttf', name='KacstQurn', style='normal', variant='normal', weight=400, stretch='normal', size='scalable')) = 10.05
21:52:24 DEBUG findfont: score(FontEntry(fname='/usr/share/fonts/truetype/freefont/FreeSansOblique.ttf', name='FreeSans', style='oblique', variant='normal', weight=400, stretch='normal', size='scalable')) = 11.05
21:52:24 DEBUG findfont: score(FontEntry(fname='/usr/share/fonts/truetype/dejavu/DejaVuSerif-Bold.ttf', name='DejaVu Serif', style='normal', variant='normal', weight=700, stretch='normal', size='scalable')) = 10.335
21:52:24 DEBUG findfont: score(FontEntry(fname='/usr/share/fonts/truetype/tlwg/Waree-Oblique.ttf', name='Waree', style='oblique', variant='normal', weight=400, stretch='normal', size='scalable')) = 11.05
21:52:24 DEBUG findfont: score(FontEntry(fname='/usr/share/fonts/opentype/urw-base35/NimbusRoman-BoldItalic.otf', name='Nimbus Roman', style='italic', variant='normal', weight=700, stretch='normal', size='scalable')) = 11.335
21:52:24 DEBUG findfont: score(FontEntry(fname='/usr/share/fonts/truetype/ttf-bitstream-vera/VeraMono.ttf', name='Bitstream Vera Sans Mono', style='normal', variant='normal', weight=400, stretch='normal', size='scalable')) = 10.05
21:52:24 DEBUG findfont: score(FontEntry(fname='/usr/share/fonts/truetype/liberation2/LiberationSerif-Regular.ttf', name='Liberation Serif', style='normal', variant='normal', weight=400, stretch='normal', size='scalable')) = 10.05
21:52:24 DEBUG findfont: score(FontEntry(fname='/usr/share/fonts/truetype/Sahadeva/sahadeva.ttf', name='Sahadeva', style='normal', variant='normal', weight=400, stretch='normal', size='scalable')) = 10.05
21:52:24 DEBUG findfont: score(FontEntry(fname='/usr/share/fonts/truetype/samyak-fonts/Samyak-Malayalam.ttf', name='Samyak Malayalam', style='normal', variant='normal', weight=400, stretch='normal', size='scalable')) = 10.05
21:52:24 DEBUG findfont: score(FontEntry(fname='/usr/share/fonts/truetype/kacst/KacstLetter.ttf', name='KacstLetter', style='normal', variant='normal', weight=500, stretch='normal', size='scalable')) = 10.145
21:52:24 DEBUG findfont: score(FontEntry(fname='/usr/share/fonts/truetype/liberation2/LiberationMono-BoldItalic.ttf', name='Liberation Mono', style='italic', variant='normal', weight=700, stretch='normal', size='scalable')) = 11.335
21:52:24 DEBUG findfont: score(FontEntry(fname='/usr/share/fonts/opentype/urw-base35/URWBookman-Demi.otf', name='URW Bookman', style='normal', variant='normal', weight=600, stretch='normal', size='scalable')) = 10.24
21:52:24 DEBUG findfont: score(FontEntry(fname='/usr/share/fonts/opentype/urw-base35/D050000L.otf', name='D050000L', style='normal', variant='normal', weight=400, stretch='normal', size='scalable')) = 10.05
21:52:24 DEBUG findfont: score(FontEntry(fname='/usr/share/fonts/truetype/liberation2/LiberationSans-Regular.ttf', name='Liberation Sans', style='normal', variant='normal', weight=400, stretch='normal', size='scalable')) = 10.05
21:52:24 DEBUG findfont: score(FontEntry(fname='/usr/share/fonts/truetype/tlwg/TlwgMono.ttf', name='Tlwg Mono', style='normal', variant='normal', weight=400, stretch='normal', size='scalable')) = 10.05
21:52:24 DEBUG findfont: score(FontEntry(fname='/usr/share/fonts/truetype/fonts-yrsa-rasa/Yrsa-Medium.ttf', name='Yrsa', style='normal', variant='normal', weight=500, stretch='normal', size='scalable')) = 10.145
21:52:24 DEBUG findfont: score(FontEntry(fname='/usr/share/fonts/truetype/freefont/FreeSerif.ttf', name='FreeSerif', style='normal', variant='normal', weight=400, stretch='normal', size='scalable')) = 10.05
21:52:24 DEBUG findfont: score(FontEntry(fname='/usr/share/fonts/truetype/lohit-kannada/Lohit-Kannada.ttf', name='Lohit Kannada', style='normal', variant='normal', weight=400, stretch='normal', size='scalable')) = 10.05
21:52:24 DEBUG findfont: score(FontEntry(fname='/usr/share/fonts/truetype/dejavu/DejaVuSansMono.ttf', name='DejaVu Sans Mono', style='normal', variant='normal', weight=400, stretch='normal', size='scalable')) = 10.05
21:52:24 DEBUG findfont: score(FontEntry(fname='/usr/share/fonts/truetype/lyx/cmex10.ttf', name='cmex10', style='normal', variant='normal', weight=400, stretch='normal', size='scalable')) = 10.05
21:52:24 DEBUG findfont: score(FontEntry(fname='/usr/share/fonts/truetype/malayalam/Rachana-Regular.ttf', name='Rachana', style='normal', variant='normal', weight=400, stretch='normal', size='scalable')) = 10.05
21:52:24 DEBUG findfont: score(FontEntry(fname='/usr/share/fonts/truetype/ttf-bitstream-vera/VeraSe.ttf', name='Bitstream Vera Serif', style='normal', variant='normal', weight=400, stretch='normal', size='scalable')) = 10.05
21:52:24 DEBUG findfont: score(FontEntry(fname='/usr/share/fonts/truetype/samyak/Samyak-Devanagari.ttf', name='Samyak Devanagari', style='normal', variant='normal', weight=500, stretch='normal', size='scalable')) = 10.145
21:52:24 DEBUG findfont: score(FontEntry(fname='/usr/share/fonts/truetype/fonts-yrsa-rasa/Rasa-Regular.ttf', name='Rasa', style='normal', variant='normal', weight=400, stretch='normal', size='scalable')) = 10.05
21:52:24 DEBUG findfont: score(FontEntry(fname='/usr/share/fonts/truetype/liberation/LiberationSansNarrow-BoldItalic.ttf', name='Liberation Sans Narrow', style='italic', variant='normal', weight=700, stretch='condensed', size='scalable')) = 11.535
21:52:24 DEBUG findfont: score(FontEntry(fname='/usr/share/fonts/opentype/malayalam/Manjari-Thin.otf', name='Manjari', style='normal', variant='normal', weight=100, stretch='normal', size='scalable')) = 10.335
21:52:24 DEBUG findfont: score(FontEntry(fname='/usr/share/fonts/truetype/dejavu/DejaVuSans-ExtraLight.ttf', name='DejaVu Sans', style='normal', variant='normal', weight=200, stretch='normal', size='scalable')) = 0.24
21:52:24 DEBUG findfont: score(FontEntry(fname='/usr/share/fonts/truetype/dejavu/DejaVuSansCondensed-Oblique.ttf', name='DejaVu Sans', style='oblique', variant='normal', weight=400, stretch='condensed', size='scalable')) = 1.25
21:52:24 DEBUG findfont: score(FontEntry(fname='/usr/share/fonts/truetype/padauk/PadaukBook-Regular.ttf', name='Padauk Book', style='normal', variant='normal', weight=400, stretch='normal', size='scalable')) = 10.05
21:52:24 DEBUG findfont: score(FontEntry(fname='/usr/share/fonts/truetype/Sarai/Sarai.ttf', name='Sarai', style='normal', variant='normal', weight=400, stretch='normal', size='scalable')) = 10.05
21:52:24 DEBUG findfont: score(FontEntry(fname='/usr/share/fonts/truetype/tlwg/Umpush.ttf', name='Umpush', style='normal', variant='normal', weight=400, stretch='normal', size='scalable')) = 10.05
21:52:24 DEBUG findfont: score(FontEntry(fname='/usr/share/fonts/truetype/tlwg/Waree.ttf', name='Waree', style='normal', variant='normal', weight=400, stretch='normal', size='scalable')) = 10.05
21:52:24 DEBUG findfont: score(FontEntry(fname='/usr/share/fonts/opentype/urw-base35/NimbusMonoPS-BoldItalic.otf', name='Nimbus Mono PS', style='italic', variant='normal', weight=700, stretch='normal', size='scalable')) = 11.335
21:52:24 DEBUG findfont: score(FontEntry(fname='/usr/share/fonts/truetype/tlwg/Norasi-BoldItalic.ttf', name='Norasi', style='italic', variant='normal', weight=700, stretch='normal', size='scalable')) = 11.335
21:52:24 DEBUG findfont: score(FontEntry(fname='/usr/share/fonts/truetype/lyx/msam10.ttf', name='msam10', style='normal', variant='normal', weight=400, stretch='normal', size='scalable')) = 10.05
21:52:24 DEBUG findfont: score(FontEntry(fname='/usr/share/fonts/truetype/malayalam/Keraleeyam-Regular.ttf', name='Keraleeyam', style='normal', variant='normal', weight=400, stretch='normal', size='scalable')) = 10.05
21:52:24 DEBUG findfont: score(FontEntry(fname='/usr/share/fonts/truetype/liberation/LiberationSans-Italic.ttf', name='Liberation Sans', style='italic', variant='normal', weight=400, stretch='normal', size='scalable')) = 11.05
21:52:24 DEBUG findfont: score(FontEntry(fname='/usr/share/fonts/truetype/fonts-kalapi/Kalapi.ttf', name='Kalapi', style='normal', variant='normal', weight=400, stretch='normal', size='scalable')) = 10.05
21:52:24 DEBUG findfont: score(FontEntry(fname='/usr/share/fonts/truetype/tlwg/Umpush-Bold.ttf', name='Umpush', style='normal', variant='normal', weight=700, stretch='normal', size='scalable')) = 10.335
21:52:24 DEBUG findfont: score(FontEntry(fname='/usr/share/fonts/truetype/ttf-bitstream-vera/VeraSeBd.ttf', name='Bitstream Vera Serif', style='normal', variant='normal', weight=700, stretch='normal', size='scalable')) = 10.335
21:52:24 DEBUG findfont: score(FontEntry(fname='/usr/share/fonts/truetype/tlwg/Kinnari-Italic.ttf', name='Kinnari', style='italic', variant='normal', weight=400, stretch='normal', size='scalable')) = 11.05
21:52:24 DEBUG findfont: score(FontEntry(fname='/usr/share/fonts/truetype/liberation/LiberationSans-Regular.ttf', name='Liberation Sans', style='normal', variant='normal', weight=400, stretch='normal', size='scalable')) = 10.05
21:52:24 DEBUG findfont: score(FontEntry(fname='/usr/share/fonts/truetype/liberation2/LiberationMono-Italic.ttf', name='Liberation Mono', style='italic', variant='normal', weight=400, stretch='normal', size='scalable')) = 11.05
21:52:24 DEBUG findfont: score(FontEntry(fname='/usr/share/fonts/truetype/liberation/LiberationMono-Regular.ttf', name='Liberation Mono', style='normal', variant='normal', weight=400, stretch='normal', size='scalable')) = 10.05
21:52:24 DEBUG findfont: score(FontEntry(fname='/usr/share/fonts/truetype/fonts-telu-extra/vemana2000.ttf', name='Vemana2000', style='normal', variant='normal', weight=400, stretch='normal', size='scalable')) = 10.05
21:52:24 DEBUG findfont: score(FontEntry(fname='/usr/share/fonts/truetype/freefont/FreeSansBoldOblique.ttf', name='FreeSans', style='oblique', variant='normal', weight=600, stretch='normal', size='scalable')) = 11.24
21:52:24 DEBUG findfont: score(FontEntry(fname='/usr/share/fonts/truetype/tlwg/Kinnari-BoldOblique.ttf', name='Kinnari', style='oblique', variant='normal', weight=700, stretch='normal', size='scalable')) = 11.335
21:52:24 DEBUG findfont: score(FontEntry(fname='/usr/share/fonts/truetype/tlwg/Norasi.ttf', name='Norasi', style='normal', variant='normal', weight=400, stretch='normal', size='scalable')) = 10.05
21:52:24 DEBUG findfont: score(FontEntry(fname='/usr/share/fonts/truetype/fonts-gujr-extra/Rekha.ttf', name='Rekha', style='normal', variant='normal', weight=500, stretch='normal', size='scalable')) = 10.145
21:52:24 DEBUG findfont: score(FontEntry(fname='/usr/share/fonts/opentype/urw-base35/C059-Italic.otf', name='C059', style='italic', variant='normal', weight=400, stretch='normal', size='scalable')) = 11.05
21:52:24 DEBUG findfont: score(FontEntry(fname='/usr/share/fonts/truetype/lohit-punjabi/Lohit-Gurmukhi.ttf', name='Lohit Gurmukhi', style='normal', variant='normal', weight=400, stretch='normal', size='scalable')) = 10.05
21:52:24 DEBUG findfont: score(FontEntry(fname='/usr/share/fonts/truetype/tlwg/Sawasdee-Oblique.ttf', name='Sawasdee', style='oblique', variant='normal', weight=400, stretch='normal', size='scalable')) = 11.05
21:52:24 DEBUG findfont: score(FontEntry(fname='/usr/share/fonts/opentype/urw-base35/URWGothic-Book.otf', name='URW Gothic', style='normal', variant='normal', weight=400, stretch='normal', size='scalable')) = 10.05
21:52:24 DEBUG findfont: score(FontEntry(fname='/usr/share/fonts/truetype/samyak-fonts/Samyak-Tamil.ttf', name='Samyak Tamil', style='normal', variant='normal', weight=500, stretch='normal', size='scalable')) = 10.145
21:52:24 DEBUG findfont: score(FontEntry(fname='/usr/share/fonts/truetype/freefont/FreeSerifBoldItalic.ttf', name='FreeSerif', style='italic', variant='normal', weight=700, stretch='normal', size='scalable')) = 11.335
21:52:24 DEBUG findfont: score(FontEntry(fname='/usr/share/fonts/truetype/kacst-one/KacstOne-Bold.ttf', name='KacstOne', style='normal', variant='normal', weight=700, stretch='normal', size='scalable')) = 10.335
21:52:24 DEBUG findfont: score(FontEntry(fname='/usr/share/fonts/opentype/noto/NotoSerifCJK-Regular.ttc', name='Noto Serif CJK JP', style='normal', variant='normal', weight=400, stretch='normal', size='scalable')) = 10.05
21:52:24 DEBUG findfont: score(FontEntry(fname='/usr/share/fonts/truetype/kacst/KacstFarsi.ttf', name='KacstFarsi', style='normal', variant='normal', weight=500, stretch='normal', size='scalable')) = 10.145
21:52:24 DEBUG findfont: score(FontEntry(fname='/usr/share/fonts/truetype/lohit-malayalam/Lohit-Malayalam.ttf', name='Lohit Malayalam', style='normal', variant='normal', weight=400, stretch='normal', size='scalable')) = 10.05
21:52:24 DEBUG findfont: score(FontEntry(fname='/usr/share/fonts/truetype/fonts-yrsa-rasa/Rasa-Bold.ttf', name='Rasa', style='normal', variant='normal', weight=700, stretch='normal', size='scalable')) = 10.335
21:52:24 DEBUG findfont: score(FontEntry(fname='/usr/share/fonts/truetype/fonts-beng-extra/mitra.ttf', name='Mitra Mono', style='normal', variant='normal', weight=400, stretch='normal', size='scalable')) = 10.05
21:52:24 DEBUG findfont: score(FontEntry(fname='/usr/share/fonts/truetype/dejavu/DejaVuMathTeXGyre.ttf', name='DejaVu Math TeX Gyre', style='normal', variant='normal', weight=400, stretch='normal', size='scalable')) = 10.05
21:52:24 DEBUG findfont: score(FontEntry(fname='/usr/share/fonts/truetype/kacst/KacstDecorative.ttf', name='KacstDecorative', style='normal', variant='normal', weight=500, stretch='normal', size='scalable')) = 10.145
21:52:24 DEBUG findfont: score(FontEntry(fname='/usr/share/fonts/truetype/liberation2/LiberationSerif-Bold.ttf', name='Liberation Serif', style='normal', variant='normal', weight=700, stretch='normal', size='scalable')) = 10.335
21:52:24 DEBUG findfont: score(FontEntry(fname='/usr/share/fonts/truetype/tlwg/TlwgTypist-Oblique.ttf', name='Tlwg Typist', style='oblique', variant='normal', weight=400, stretch='normal', size='scalable')) = 11.05
21:52:24 DEBUG findfont: score(FontEntry(fname='/usr/share/fonts/truetype/droid/DroidSansFallbackFull.ttf', name='Droid Sans Fallback', style='normal', variant='normal', weight=400, stretch='normal', size='scalable')) = 10.05
21:52:24 DEBUG findfont: score(FontEntry(fname='/usr/share/fonts/opentype/malayalam/Gayathri-Bold.otf', name='Gayathri', style='normal', variant='normal', weight=700, stretch='normal', size='scalable')) = 10.335
21:52:24 DEBUG findfont: score(FontEntry(fname='/usr/share/fonts/opentype/urw-base35/P052-Roman.otf', name='P052', style='normal', variant='normal', weight=400, stretch='normal', size='scalable')) = 10.05
21:52:24 DEBUG findfont: score(FontEntry(fname='/usr/share/fonts/truetype/tlwg/Laksaman-Italic.ttf', name='Laksaman', style='italic', variant='normal', weight=400, stretch='normal', size='scalable')) = 11.05
21:52:24 DEBUG findfont: score(FontEntry(fname='/usr/share/fonts/opentype/malayalam/Gayathri-Regular.otf', name='Gayathri', style='normal', variant='normal', weight=400, stretch='normal', size='scalable')) = 10.05
21:52:24 DEBUG findfont: score(FontEntry(fname='/usr/share/fonts/truetype/pagul/Pagul.ttf', name='Pagul', style='normal', variant='normal', weight=400, stretch='normal', size='scalable')) = 10.05
21:52:24 DEBUG findfont: score(FontEntry(fname='/usr/share/fonts/opentype/urw-base35/Z003-MediumItalic.otf', name='Z003', style='italic', variant='normal', weight=500, stretch='normal', size='scalable')) = 11.145
21:52:24 DEBUG findfont: score(FontEntry(fname='/usr/share/fonts/truetype/tlwg/Sawasdee-BoldOblique.ttf', name='Sawasdee', style='oblique', variant='normal', weight=700, stretch='normal', size='scalable')) = 11.335
21:52:24 DEBUG findfont: score(FontEntry(fname='/usr/share/fonts/truetype/liberation/LiberationSans-BoldItalic.ttf', name='Liberation Sans', style='italic', variant='normal', weight=700, stretch='normal', size='scalable')) = 11.335
21:52:24 DEBUG findfont: score(FontEntry(fname='/usr/share/fonts/opentype/urw-base35/URWGothic-Demi.otf', name='URW Gothic', style='normal', variant='normal', weight=600, stretch='normal', size='scalable')) = 10.24
21:52:24 DEBUG findfont: score(FontEntry(fname='/usr/share/fonts/truetype/dejavu/DejaVuSansMono-Oblique.ttf', name='DejaVu Sans Mono', style='oblique', variant='normal', weight=400, stretch='normal', size='scalable')) = 11.05
21:52:24 DEBUG findfont: score(FontEntry(fname='/usr/share/fonts/truetype/padauk/PadaukBook-Bold.ttf', name='Padauk Book', style='normal', variant='normal', weight=700, stretch='normal', size='scalable')) = 10.335
21:52:24 DEBUG findfont: score(FontEntry(fname='/usr/share/fonts/truetype/tlwg/TlwgTypewriter-Oblique.ttf', name='Tlwg Typewriter', style='oblique', variant='normal', weight=400, stretch='normal', size='scalable')) = 11.05
21:52:24 DEBUG findfont: score(FontEntry(fname='/usr/share/fonts/truetype/liberation/LiberationSerif-Bold.ttf', name='Liberation Serif', style='normal', variant='normal', weight=700, stretch='normal', size='scalable')) = 10.335
21:52:24 DEBUG findfont: score(FontEntry(fname='/usr/share/fonts/opentype/urw-base35/NimbusSansNarrow-Oblique.otf', name='Nimbus Sans Narrow', style='oblique', variant='normal', weight=400, stretch='condensed', size='scalable')) = 11.25
21:52:24 DEBUG findfont: score(FontEntry(fname='/usr/share/fonts/truetype/fonts-yrsa-rasa/Yrsa-Bold.ttf', name='Yrsa', style='normal', variant='normal', weight=700, stretch='normal', size='scalable')) = 10.335
21:52:24 DEBUG findfont: score(FontEntry(fname='/usr/share/fonts/opentype/urw-base35/URWBookman-LightItalic.otf', name='URW Bookman', style='italic', variant='normal', weight=300, stretch='normal', size='scalable')) = 11.145
21:52:24 DEBUG findfont: score(FontEntry(fname='/usr/share/fonts/truetype/freefont/FreeMonoOblique.ttf', name='FreeMono', style='oblique', variant='normal', weight=400, stretch='normal', size='scalable')) = 11.05
21:52:24 DEBUG findfont: score(FontEntry(fname='/usr/share/fonts/truetype/dejavu/DejaVuSansMono-BoldOblique.ttf', name='DejaVu Sans Mono', style='oblique', variant='normal', weight=700, stretch='normal', size='scalable')) = 11.335
21:52:24 DEBUG findfont: score(FontEntry(fname='/usr/share/fonts/truetype/tlwg/TlwgTypo-Bold.ttf', name='Tlwg Typo', style='normal', variant='normal', weight=700, stretch='normal', size='scalable')) = 10.335
21:52:24 DEBUG findfont: score(FontEntry(fname='/usr/share/fonts/truetype/ubuntu/Ubuntu-L.ttf', name='Ubuntu', style='normal', variant='normal', weight=300, stretch='normal', size='scalable')) = 10.145
21:52:24 DEBUG findfont: score(FontEntry(fname='/usr/share/fonts/truetype/fonts-telu-extra/Pothana2000.ttf', name='Pothana2000', style='normal', variant='normal', weight=400, stretch='normal', size='scalable')) = 10.05
21:52:24 DEBUG findfont: score(FontEntry(fname='/usr/share/fonts/truetype/lyx/wasy10.ttf', name='wasy10', style='normal', variant='normal', weight=400, stretch='normal', size='scalable')) = 10.05
21:52:24 DEBUG findfont: score(FontEntry(fname='/usr/share/fonts/truetype/lohit-bengali/Lohit-Bengali.ttf', name='Lohit Bengali', style='normal', variant='normal', weight=400, stretch='normal', size='scalable')) = 10.05
21:52:24 DEBUG findfont: score(FontEntry(fname='/usr/share/fonts/truetype/liberation2/LiberationSans-BoldItalic.ttf', name='Liberation Sans', style='italic', variant='normal', weight=700, stretch='normal', size='scalable')) = 11.335
21:52:24 DEBUG findfont: score(FontEntry(fname='/usr/share/fonts/opentype/urw-base35/NimbusMonoPS-Bold.otf', name='Nimbus Mono PS', style='normal', variant='normal', weight=700, stretch='normal', size='scalable')) = 10.335
21:52:24 DEBUG findfont: score(FontEntry(fname='/usr/share/fonts/truetype/liberation/LiberationSerif-Regular.ttf', name='Liberation Serif', style='normal', variant='normal', weight=400, stretch='normal', size='scalable')) = 10.05
21:52:24 DEBUG findfont: score(FontEntry(fname='/usr/share/fonts/truetype/kacst/KacstTitleL.ttf', name='KacstTitleL', style='normal', variant='normal', weight=400, stretch='normal', size='scalable')) = 10.05
21:52:24 DEBUG findfont: score(FontEntry(fname='/usr/share/fonts/truetype/tlwg/Kinnari-Oblique.ttf', name='Kinnari', style='oblique', variant='normal', weight=400, stretch='normal', size='scalable')) = 11.05
21:52:24 DEBUG findfont: score(FontEntry(fname='/usr/share/fonts/truetype/kacst/KacstDigital.ttf', name='KacstDigital', style='normal', variant='normal', weight=500, stretch='normal', size='scalable')) = 10.145
21:52:24 DEBUG findfont: score(FontEntry(fname='/usr/share/fonts/truetype/freefont/FreeSansBold.ttf', name='FreeSans', style='normal', variant='normal', weight=600, stretch='normal', size='scalable')) = 10.24
21:52:24 DEBUG findfont: score(FontEntry(fname='/usr/share/fonts/truetype/malayalam/RaghuMalayalamSans-Regular.ttf', name='RaghuMalayalamSans', style='normal', variant='normal', weight=400, stretch='normal', size='scalable')) = 10.05
21:52:24 DEBUG findfont: score(FontEntry(fname='/usr/share/fonts/opentype/noto/NotoSansCJK-Regular.ttc', name='Noto Sans CJK JP', style='normal', variant='normal', weight=400, stretch='normal', size='scalable')) = 10.05
21:52:24 DEBUG findfont: score(FontEntry(fname='/usr/share/fonts/truetype/ubuntu/Ubuntu-MI.ttf', name='Ubuntu', style='italic', variant='normal', weight=500, stretch='normal', size='scalable')) = 11.145
21:52:24 DEBUG findfont: score(FontEntry(fname='/usr/share/fonts/truetype/tlwg/Garuda-Oblique.ttf', name='Garuda', style='oblique', variant='normal', weight=400, stretch='normal', size='scalable')) = 11.05
21:52:24 DEBUG findfont: score(FontEntry(fname='/usr/share/fonts/truetype/tlwg/Sawasdee-Bold.ttf', name='Sawasdee', style='normal', variant='normal', weight=700, stretch='normal', size='scalable')) = 10.335
21:52:24 DEBUG findfont: score(FontEntry(fname='/usr/share/fonts/truetype/freefont/FreeSerifItalic.ttf', name='FreeSerif', style='italic', variant='normal', weight=400, stretch='normal', size='scalable')) = 11.05
21:52:24 DEBUG findfont: score(FontEntry(fname='/usr/share/fonts/truetype/liberation2/LiberationSerif-Italic.ttf', name='Liberation Serif', style='italic', variant='normal', weight=400, stretch='normal', size='scalable')) = 11.05
21:52:24 DEBUG findfont: score(FontEntry(fname='/usr/share/fonts/truetype/tlwg/Umpush-Light.ttf', name='Umpush', style='normal', variant='normal', weight=300, stretch='normal', size='scalable')) = 10.145
21:52:24 DEBUG findfont: score(FontEntry(fname='/usr/share/fonts/opentype/urw-base35/NimbusRoman-Italic.otf', name='Nimbus Roman', style='italic', variant='normal', weight=400, stretch='normal', size='scalable')) = 11.05
21:52:24 DEBUG findfont: score(FontEntry(fname='/usr/share/fonts/truetype/tlwg/Garuda-Bold.ttf', name='Garuda', style='normal', variant='normal', weight=700, stretch='normal', size='scalable')) = 10.335
21:52:24 DEBUG findfont: score(FontEntry(fname='/usr/share/fonts/truetype/dejavu/DejaVuSans-Bold.ttf', name='DejaVu Sans', style='normal', variant='normal', weight=700, stretch='normal', size='scalable')) = 0.33499999999999996
21:52:24 DEBUG findfont: score(FontEntry(fname='/usr/share/fonts/truetype/fonts-yrsa-rasa/Rasa-Medium.ttf', name='Rasa', style='normal', variant='normal', weight=500, stretch='normal', size='scalable')) = 10.145
21:52:24 DEBUG findfont: score(FontEntry(fname='/usr/share/fonts/truetype/freefont/FreeMono.ttf', name='FreeMono', style='normal', variant='normal', weight=400, stretch='normal', size='scalable')) = 10.05
21:52:24 DEBUG findfont: score(FontEntry(fname='/usr/share/fonts/truetype/tlwg/Laksaman-BoldItalic.ttf', name='Laksaman', style='italic', variant='normal', weight=700, stretch='normal', size='scalable')) = 11.335
21:52:24 DEBUG findfont: score(FontEntry(fname='/usr/share/fonts/truetype/ttf-bitstream-vera/VeraBd.ttf', name='Bitstream Vera Sans', style='normal', variant='normal', weight=700, stretch='normal', size='scalable')) = 1.2440909090909091
21:52:24 DEBUG findfont: score(FontEntry(fname='/usr/share/fonts/truetype/lyx/rsfs10.ttf', name='rsfs10', style='italic', variant='normal', weight=400, stretch='normal', size='scalable')) = 11.05
21:52:24 DEBUG findfont: score(FontEntry(fname='/usr/share/fonts/truetype/ubuntu/Ubuntu-RI.ttf', name='Ubuntu', style='italic', variant='normal', weight=400, stretch='normal', size='scalable')) = 11.05
21:52:24 DEBUG findfont: score(FontEntry(fname='/usr/share/fonts/truetype/liberation/LiberationMono-Bold.ttf', name='Liberation Mono', style='normal', variant='normal', weight=700, stretch='normal', size='scalable')) = 10.335
21:52:24 DEBUG findfont: score(FontEntry(fname='/usr/share/fonts/truetype/ubuntu/Ubuntu-M.ttf', name='Ubuntu', style='normal', variant='normal', weight=500, stretch='normal', size='scalable')) = 10.145
21:52:24 DEBUG findfont: score(FontEntry(fname='/usr/share/fonts/truetype/kacst/KacstNaskh.ttf', name='KacstNaskh', style='normal', variant='normal', weight=500, stretch='normal', size='scalable')) = 10.145
21:52:24 DEBUG findfont: score(FontEntry(fname='/usr/share/fonts/truetype/tlwg/Laksaman.ttf', name='Laksaman', style='normal', variant='normal', weight=400, stretch='normal', size='scalable')) = 10.05
21:52:24 DEBUG findfont: score(FontEntry(fname='/usr/share/fonts/truetype/kacst/KacstBook.ttf', name='KacstBook', style='normal', variant='normal', weight=500, stretch='normal', size='scalable')) = 10.145
21:52:24 DEBUG findfont: score(FontEntry(fname='/usr/share/fonts/truetype/ubuntu/Ubuntu-B.ttf', name='Ubuntu', style='normal', variant='normal', weight=700, stretch='normal', size='scalable')) = 10.335
21:52:24 DEBUG findfont: score(FontEntry(fname='/usr/share/fonts/truetype/tlwg/Laksaman-Bold.ttf', name='Laksaman', style='normal', variant='normal', weight=700, stretch='normal', size='scalable')) = 10.335
21:52:24 DEBUG findfont: score(FontEntry(fname='/usr/share/fonts/truetype/ubuntu/Ubuntu-R.ttf', name='Ubuntu', style='normal', variant='normal', weight=400, stretch='normal', size='scalable')) = 10.05
21:52:24 DEBUG findfont: score(FontEntry(fname='/usr/share/fonts/truetype/tlwg/TlwgTypo.ttf', name='Tlwg Typo', style='normal', variant='normal', weight=400, stretch='normal', size='scalable')) = 10.05
21:52:24 DEBUG findfont: score(FontEntry(fname='/usr/share/fonts/truetype/kacst/KacstPen.ttf', name='KacstPen', style='normal', variant='normal', weight=500, stretch='normal', size='scalable')) = 10.145
21:52:24 DEBUG findfont: score(FontEntry(fname='/usr/share/fonts/truetype/tlwg/TlwgMono-BoldOblique.ttf', name='Tlwg Mono', style='oblique', variant='normal', weight=700, stretch='normal', size='scalable')) = 11.335
21:52:24 DEBUG findfont: score(FontEntry(fname='/usr/share/fonts/truetype/dejavu/DejaVuSansMono-Bold.ttf', name='DejaVu Sans Mono', style='normal', variant='normal', weight=700, stretch='normal', size='scalable')) = 10.335
21:52:24 DEBUG findfont: score(FontEntry(fname='/usr/share/fonts/truetype/ubuntu/UbuntuMono-BI.ttf', name='Ubuntu Mono', style='italic', variant='normal', weight=700, stretch='normal', size='scalable')) = 11.335
21:52:24 DEBUG findfont: score(FontEntry(fname='/usr/share/fonts/truetype/tlwg/Norasi-BoldOblique.ttf', name='Norasi', style='oblique', variant='normal', weight=700, stretch='normal', size='scalable')) = 11.335
21:52:24 DEBUG findfont: score(FontEntry(fname='/usr/share/fonts/truetype/fonts-yrsa-rasa/Rasa-Light.ttf', name='Rasa', style='normal', variant='normal', weight=300, stretch='normal', size='scalable')) = 10.145
21:52:24 DEBUG findfont: score(FontEntry(fname='/usr/share/fonts/truetype/kacst/mry_KacstQurn.ttf', name='mry_KacstQurn', style='normal', variant='normal', weight=400, stretch='normal', size='scalable')) = 10.05
21:52:24 DEBUG findfont: score(FontEntry(fname='/usr/share/fonts/truetype/malayalam/Karumbi-Regular.ttf', name='Karumbi', style='normal', variant='normal', weight=400, stretch='normal', size='scalable')) = 10.05
21:52:24 DEBUG findfont: score(FontEntry(fname='/usr/share/fonts/opentype/noto/NotoSansCJK-Bold.ttc', name='Noto Sans CJK JP', style='normal', variant='normal', weight=700, stretch='normal', size='scalable')) = 10.335
21:52:24 DEBUG findfont: score(FontEntry(fname='/usr/share/fonts/truetype/tlwg/Umpush-BoldOblique.ttf', name='Umpush', style='oblique', variant='normal', weight=700, stretch='normal', size='scalable')) = 11.335
21:52:24 DEBUG findfont: score(FontEntry(fname='/usr/share/fonts/truetype/lyx/esint10.ttf', name='esint10', style='normal', variant='normal', weight=400, stretch='normal', size='scalable')) = 10.05
21:52:24 DEBUG findfont: score(FontEntry(fname='/usr/share/fonts/truetype/lao/Phetsarath_OT.ttf', name='Phetsarath OT', style='normal', variant='normal', weight=400, stretch='normal', size='scalable')) = 10.05
21:52:24 DEBUG findfont: score(FontEntry(fname='/usr/share/fonts/truetype/lohit-tamil-classical/Lohit-Tamil-Classical.ttf', name='Lohit Tamil Classical', style='normal', variant='normal', weight=400, stretch='normal', size='scalable')) = 10.05
21:52:24 DEBUG findfont: score(FontEntry(fname='/usr/share/fonts/opentype/urw-base35/P052-Italic.otf', name='P052', style='italic', variant='normal', weight=400, stretch='normal', size='scalable')) = 11.05
21:52:24 DEBUG findfont: score(FontEntry(fname='/usr/share/fonts/truetype/tlwg/TlwgMono-Oblique.ttf', name='Tlwg Mono', style='oblique', variant='normal', weight=400, stretch='normal', size='scalable')) = 11.05
21:52:24 DEBUG findfont: score(FontEntry(fname='/usr/share/fonts/truetype/padauk/Padauk-Bold.ttf', name='Padauk', style='normal', variant='normal', weight=700, stretch='normal', size='scalable')) = 10.335
21:52:24 DEBUG findfont: score(FontEntry(fname='/usr/share/fonts/truetype/liberation/LiberationSerif-BoldItalic.ttf', name='Liberation Serif', style='italic', variant='normal', weight=700, stretch='normal', size='scalable')) = 11.335
21:52:24 DEBUG findfont: score(FontEntry(fname='/usr/share/fonts/truetype/malayalam/Uroob-Regular.ttf', name='Uroob', style='normal', variant='normal', weight=400, stretch='normal', size='scalable')) = 10.05
21:52:24 DEBUG findfont: score(FontEntry(fname='/usr/share/fonts/truetype/liberation2/LiberationMono-Regular.ttf', name='Liberation Mono', style='normal', variant='normal', weight=400, stretch='normal', size='scalable')) = 10.05
21:52:24 DEBUG findfont: score(FontEntry(fname='/usr/share/fonts/truetype/fonts-beng-extra/ani.ttf', name='Ani', style='normal', variant='normal', weight=400, stretch='normal', size='scalable')) = 10.05
21:52:24 DEBUG findfont: score(FontEntry(fname='/usr/share/fonts/truetype/ubuntu/Ubuntu-BI.ttf', name='Ubuntu', style='italic', variant='normal', weight=700, stretch='normal', size='scalable')) = 11.335
21:52:24 DEBUG findfont: score(FontEntry(fname='/usr/share/fonts/truetype/fonts-gujr-extra/padmaa-Bold.1.1.ttf', name='padmaa-Bold.1.1', style='normal', variant='normal', weight=700, stretch='normal', size='scalable')) = 10.335
21:52:24 DEBUG findfont: score(FontEntry(fname='/usr/share/fonts/truetype/fonts-beng-extra/MuktiNarrow.ttf', name='Mukti Narrow', style='normal', variant='normal', weight=400, stretch='normal', size='scalable')) = 10.05
21:52:24 DEBUG findfont: score(FontEntry(fname='/usr/share/fonts/truetype/tlwg/Kinnari-BoldItalic.ttf', name='Kinnari', style='italic', variant='normal', weight=700, stretch='normal', size='scalable')) = 11.335
21:52:24 DEBUG findfont: score(FontEntry(fname='/usr/share/fonts/opentype/urw-base35/NimbusSansNarrow-Regular.otf', name='Nimbus Sans Narrow', style='normal', variant='normal', weight=400, stretch='condensed', size='scalable')) = 10.25
21:52:24 DEBUG findfont: score(FontEntry(fname='/usr/share/fonts/truetype/dejavu/DejaVuSansCondensed-BoldOblique.ttf', name='DejaVu Sans', style='oblique', variant='normal', weight=700, stretch='condensed', size='scalable')) = 1.535
21:52:24 DEBUG findfont: score(FontEntry(fname='/usr/share/fonts/truetype/ubuntu/UbuntuMono-B.ttf', name='Ubuntu Mono', style='normal', variant='normal', weight=700, stretch='normal', size='scalable')) = 10.335
21:52:24 DEBUG findfont: score(FontEntry(fname='/usr/share/fonts/opentype/urw-base35/URWBookman-Light.otf', name='URW Bookman', style='normal', variant='normal', weight=300, stretch='normal', size='scalable')) = 10.145
21:52:24 DEBUG findfont: score(FontEntry(fname='/usr/share/fonts/truetype/fonts-yrsa-rasa/Yrsa-Light.ttf', name='Yrsa', style='normal', variant='normal', weight=300, stretch='normal', size='scalable')) = 10.145
21:52:24 DEBUG findfont: score(FontEntry(fname='/usr/share/fonts/truetype/fonts-yrsa-rasa/Yrsa-Regular.ttf', name='Yrsa', style='normal', variant='normal', weight=400, stretch='normal', size='scalable')) = 10.05
21:52:24 DEBUG findfont: score(FontEntry(fname='/usr/share/fonts/truetype/dejavu/DejaVuSansCondensed.ttf', name='DejaVu Sans', style='normal', variant='normal', weight=400, stretch='condensed', size='scalable')) = 0.25
21:52:24 DEBUG findfont: score(FontEntry(fname='/usr/share/fonts/truetype/tlwg/TlwgTypewriter.ttf', name='Tlwg Typewriter', style='normal', variant='normal', weight=400, stretch='normal', size='scalable')) = 10.05
21:52:24 DEBUG findfont: score(FontEntry(fname='/usr/share/fonts/truetype/ttf-bitstream-vera/VeraIt.ttf', name='Bitstream Vera Sans', style='oblique', variant='normal', weight=400, stretch='normal', size='scalable')) = 1.9590909090909092
21:52:24 DEBUG findfont: score(FontEntry(fname='/usr/share/fonts/truetype/lyx/cmsy10.ttf', name='cmsy10', style='normal', variant='normal', weight=400, stretch='normal', size='scalable')) = 10.05
21:52:24 DEBUG findfont: score(FontEntry(fname='/usr/share/fonts/truetype/ubuntu/Ubuntu-LI.ttf', name='Ubuntu', style='italic', variant='normal', weight=300, stretch='normal', size='scalable')) = 11.145
21:52:24 DEBUG findfont: score(FontEntry(fname='/usr/share/fonts/truetype/liberation2/LiberationMono-Bold.ttf', name='Liberation Mono', style='normal', variant='normal', weight=700, stretch='normal', size='scalable')) = 10.335
21:52:24 DEBUG findfont: score(FontEntry(fname='/usr/share/fonts/opentype/urw-base35/URWGothic-DemiOblique.otf', name='URW Gothic', style='oblique', variant='normal', weight=600, stretch='normal', size='scalable')) = 11.24
21:52:24 DEBUG findfont: score(FontEntry(fname='/usr/share/fonts/opentype/urw-base35/NimbusSansNarrow-BoldOblique.otf', name='Nimbus Sans Narrow', style='oblique', variant='normal', weight=700, stretch='condensed', size='scalable')) = 11.535
21:52:24 DEBUG findfont: score(FontEntry(fname='/usr/share/fonts/truetype/malayalam/AnjaliOldLipi-Regular.ttf', name='AnjaliOldLipi', style='normal', variant='normal', weight=400, stretch='normal', size='scalable')) = 10.05
21:52:24 DEBUG findfont: score(FontEntry(fname='/usr/share/fonts/truetype/kacst/KacstOffice.ttf', name='KacstOffice', style='normal', variant='normal', weight=500, stretch='normal', size='scalable')) = 10.145
21:52:24 DEBUG findfont: score(FontEntry(fname='/usr/share/fonts/truetype/liberation/LiberationSans-Bold.ttf', name='Liberation Sans', style='normal', variant='normal', weight=700, stretch='normal', size='scalable')) = 10.335
21:52:24 DEBUG findfont: score(FontEntry(fname='/usr/share/fonts/truetype/tlwg/Garuda-BoldOblique.ttf', name='Garuda', style='oblique', variant='normal', weight=700, stretch='normal', size='scalable')) = 11.335
21:52:24 DEBUG findfont: score(FontEntry(fname='/usr/share/fonts/opentype/urw-base35/URWBookman-DemiItalic.otf', name='URW Bookman', style='italic', variant='normal', weight=600, stretch='normal', size='scalable')) = 11.24
21:52:24 DEBUG findfont: score(FontEntry(fname='/usr/share/fonts/truetype/malayalam/Meera-Regular.ttf', name='Meera', style='normal', variant='normal', weight=400, stretch='normal', size='scalable')) = 10.05
21:52:24 DEBUG findfont: score(FontEntry(fname='/usr/share/fonts/truetype/lyx/stmary10.ttf', name='stmary10', style='normal', variant='normal', weight=400, stretch='normal', size='scalable')) = 10.05
21:52:24 DEBUG findfont: score(FontEntry(fname='/usr/share/fonts/truetype/tlwg/Purisa-BoldOblique.ttf', name='Purisa', style='oblique', variant='normal', weight=700, stretch='normal', size='scalable')) = 11.335
21:52:24 DEBUG findfont: score(FontEntry(fname='/usr/share/fonts/truetype/openoffice/opens___.ttf', name='OpenSymbol', style='normal', variant='normal', weight=400, stretch='normal', size='scalable')) = 10.05
21:52:24 DEBUG findfont: score(FontEntry(fname='/usr/share/fonts/truetype/fonts-gujr-extra/padmaa.ttf', name='padmaa', style='normal', variant='normal', weight=500, stretch='normal', size='scalable')) = 10.145
21:52:24 DEBUG findfont: score(FontEntry(fname='/usr/share/fonts/opentype/urw-base35/NimbusMonoPS-Regular.otf', name='Nimbus Mono PS', style='normal', variant='normal', weight=400, stretch='normal', size='scalable')) = 10.05
21:52:24 DEBUG findfont: score(FontEntry(fname='/usr/share/fonts/truetype/fonts-deva-extra/samanata.ttf', name='Samanata', style='normal', variant='normal', weight=400, stretch='normal', size='scalable')) = 10.05
21:52:24 DEBUG findfont: score(FontEntry(fname='/usr/share/fonts/opentype/urw-base35/NimbusMonoPS-Italic.otf', name='Nimbus Mono PS', style='italic', variant='normal', weight=400, stretch='normal', size='scalable')) = 11.05
21:52:24 DEBUG findfont: score(FontEntry(fname='/usr/share/fonts/truetype/lyx/cmmi10.ttf', name='cmmi10', style='normal', variant='normal', weight=400, stretch='normal', size='scalable')) = 10.05
21:52:24 DEBUG findfont: score(FontEntry(fname='/usr/share/fonts/truetype/fonts-yrsa-rasa/Yrsa-SemiBold.ttf', name='Yrsa', style='normal', variant='normal', weight=600, stretch='normal', size='scalable')) = 10.24
21:52:24 DEBUG findfont: score(FontEntry(fname='/usr/share/fonts/truetype/tlwg/Waree-BoldOblique.ttf', name='Waree', style='oblique', variant='normal', weight=700, stretch='normal', size='scalable')) = 11.335
21:52:24 DEBUG findfont: score(FontEntry(fname='/usr/share/fonts/truetype/tlwg/Waree-Bold.ttf', name='Waree', style='normal', variant='normal', weight=700, stretch='normal', size='scalable')) = 10.335
21:52:24 DEBUG findfont: score(FontEntry(fname='/usr/share/fonts/truetype/fonts-gujr-extra/aakar-medium.ttf', name='aakar', style='normal', variant='normal', weight=500, stretch='normal', size='scalable')) = 10.145
21:52:24 DEBUG findfont: score(FontEntry(fname='/usr/share/fonts/truetype/freefont/FreeMonoBoldOblique.ttf', name='FreeMono', style='oblique', variant='normal', weight=700, stretch='normal', size='scalable')) = 11.335
21:52:24 DEBUG findfont: score(FontEntry(fname='/usr/share/fonts/truetype/ttf-bitstream-vera/VeraBI.ttf', name='Bitstream Vera Sans', style='oblique', variant='normal', weight=700, stretch='normal', size='scalable')) = 2.244090909090909
21:52:24 DEBUG findfont: score(FontEntry(fname='/usr/share/fonts/truetype/lyx/eufm10.ttf', name='eufm10', style='normal', variant='normal', weight=400, stretch='normal', size='scalable')) = 10.05
21:52:24 DEBUG findfont: score(FontEntry(fname='/usr/share/fonts/truetype/ttf-bitstream-vera/VeraMoBd.ttf', name='Bitstream Vera Sans Mono', style='normal', variant='normal', weight=700, stretch='normal', size='scalable')) = 10.335
21:52:24 DEBUG findfont: score(FontEntry(fname='/usr/share/fonts/truetype/Nakula/nakula.ttf', name='Nakula', style='normal', variant='normal', weight=400, stretch='normal', size='scalable')) = 10.05
21:52:24 DEBUG findfont: score(FontEntry(fname='/usr/share/fonts/truetype/ubuntu/Ubuntu-C.ttf', name='Ubuntu Condensed', style='normal', variant='normal', weight=400, stretch='condensed', size='scalable')) = 10.25
21:52:24 DEBUG findfont: score(FontEntry(fname='/usr/share/fonts/truetype/freefont/FreeSerifBold.ttf', name='FreeSerif', style='normal', variant='normal', weight=700, stretch='normal', size='scalable')) = 10.335
21:52:24 DEBUG findfont: score(FontEntry(fname='/usr/share/fonts/opentype/urw-base35/NimbusSans-Regular.otf', name='Nimbus Sans', style='normal', variant='normal', weight=400, stretch='normal', size='scalable')) = 10.05
21:52:24 DEBUG findfont: score(FontEntry(fname='/usr/share/fonts/truetype/tlwg/Norasi-Bold.ttf', name='Norasi', style='normal', variant='normal', weight=700, stretch='normal', size='scalable')) = 10.335
21:52:24 DEBUG findfont: score(FontEntry(fname='/usr/share/fonts/truetype/liberation2/LiberationSans-Bold.ttf', name='Liberation Sans', style='normal', variant='normal', weight=700, stretch='normal', size='scalable')) = 10.335
21:52:24 DEBUG findfont: score(FontEntry(fname='/usr/share/fonts/truetype/ttf-khmeros-core/KhmerOSsys.ttf', name='Khmer OS System', style='normal', variant='normal', weight=400, stretch='normal', size='scalable')) = 10.05
21:52:24 DEBUG findfont: score(FontEntry(fname='/usr/share/fonts/truetype/ttf-bitstream-vera/VeraMoIt.ttf', name='Bitstream Vera Sans Mono', style='oblique', variant='normal', weight=400, stretch='normal', size='scalable')) = 11.05
21:52:24 DEBUG findfont: score(FontEntry(fname='/usr/share/fonts/truetype/ubuntu/UbuntuMono-R.ttf', name='Ubuntu Mono', style='normal', variant='normal', weight=400, stretch='normal', size='scalable')) = 10.05
21:52:24 DEBUG findfont: score(FontEntry(fname='/usr/share/fonts/truetype/dejavu/DejaVuSans-Oblique.ttf', name='DejaVu Sans', style='oblique', variant='normal', weight=400, stretch='normal', size='scalable')) = 1.05
21:52:24 DEBUG findfont: score(FontEntry(fname='/usr/share/fonts/truetype/dejavu/DejaVuSerif.ttf', name='DejaVu Serif', style='normal', variant='normal', weight=400, stretch='normal', size='scalable')) = 10.05
21:52:24 DEBUG findfont: score(FontEntry(fname='/usr/share/fonts/truetype/kacst/KacstPoster.ttf', name='KacstPoster', style='normal', variant='normal', weight=500, stretch='normal', size='scalable')) = 10.145
21:52:24 DEBUG findfont: score(FontEntry(fname='/usr/share/fonts/opentype/urw-base35/C059-Roman.otf', name='C059', style='normal', variant='normal', weight=400, stretch='normal', size='scalable')) = 10.05
21:52:24 DEBUG findfont: score(FontEntry(fname='/usr/share/fonts/truetype/tlwg/TlwgTypo-Oblique.ttf', name='Tlwg Typo', style='oblique', variant='normal', weight=400, stretch='normal', size='scalable')) = 11.05
21:52:24 DEBUG findfont: score(FontEntry(fname='/usr/share/fonts/opentype/urw-base35/P052-Bold.otf', name='P052', style='normal', variant='normal', weight=700, stretch='normal', size='scalable')) = 10.335
21:52:24 DEBUG findfont: score(FontEntry(fname='/usr/share/fonts/truetype/fonts-guru-extra/Saab.ttf', name='Saab', style='normal', variant='normal', weight=400, stretch='normal', size='scalable')) = 10.05
21:52:24 DEBUG findfont: score(FontEntry(fname='/usr/share/fonts/opentype/urw-base35/C059-BdIta.otf', name='C059', style='italic', variant='normal', weight=700, stretch='normal', size='scalable')) = 11.335
21:52:24 DEBUG findfont: score(FontEntry(fname='/usr/share/fonts/truetype/liberation/LiberationSansNarrow-Bold.ttf', name='Liberation Sans Narrow', style='normal', variant='normal', weight=700, stretch='condensed', size='scalable')) = 10.535
21:52:24 DEBUG findfont: score(FontEntry(fname='/usr/share/fonts/truetype/freefont/FreeMonoBold.ttf', name='FreeMono', style='normal', variant='normal', weight=700, stretch='normal', size='scalable')) = 10.335
21:52:24 DEBUG findfont: score(FontEntry(fname='/usr/share/fonts/truetype/samyak-fonts/Samyak-Gujarati.ttf', name='Samyak Gujarati', style='normal', variant='normal', weight=500, stretch='normal', size='scalable')) = 10.145
21:52:24 DEBUG findfont: score(FontEntry(fname='/usr/share/fonts/truetype/tlwg/TlwgTypo-BoldOblique.ttf', name='Tlwg Typo', style='oblique', variant='normal', weight=700, stretch='normal', size='scalable')) = 11.335
21:52:24 DEBUG findfont: score(FontEntry(fname='/usr/share/fonts/truetype/liberation/LiberationSansNarrow-Italic.ttf', name='Liberation Sans Narrow', style='italic', variant='normal', weight=400, stretch='condensed', size='scalable')) = 11.25
21:52:24 DEBUG findfont: score(FontEntry(fname='/usr/share/fonts/truetype/tlwg/TlwgTypist.ttf', name='Tlwg Typist', style='normal', variant='normal', weight=400, stretch='normal', size='scalable')) = 10.05
21:52:24 DEBUG findfont: score(FontEntry(fname='/usr/share/fonts/opentype/urw-base35/NimbusSans-Italic.otf', name='Nimbus Sans', style='italic', variant='normal', weight=400, stretch='normal', size='scalable')) = 11.05
21:52:24 DEBUG findfont: score(FontEntry(fname='/usr/share/fonts/truetype/malayalam/Dyuthi-Regular.ttf', name='Dyuthi', style='normal', variant='normal', weight=400, stretch='normal', size='scalable')) = 10.05
21:52:24 DEBUG findfont: score(FontEntry(fname='/usr/share/fonts/truetype/sinhala/lklug.ttf', name='LKLUG', style='normal', variant='normal', weight=400, stretch='normal', size='scalable')) = 10.05
21:52:24 DEBUG findfont: score(FontEntry(fname='/usr/share/fonts/truetype/malayalam/Rachana-Bold.ttf', name='Rachana', style='normal', variant='normal', weight=700, stretch='normal', size='scalable')) = 10.335
21:52:24 DEBUG findfont: score(FontEntry(fname='/usr/share/fonts/truetype/tlwg/TlwgMono-Bold.ttf', name='Tlwg Mono', style='normal', variant='normal', weight=700, stretch='normal', size='scalable')) = 10.335
21:52:24 DEBUG findfont: score(FontEntry(fname='/usr/share/fonts/opentype/urw-base35/NimbusSans-BoldItalic.otf', name='Nimbus Sans', style='italic', variant='normal', weight=700, stretch='normal', size='scalable')) = 11.335
21:52:24 DEBUG findfont: score(FontEntry(fname='/usr/share/fonts/truetype/lohit-tamil/Lohit-Tamil.ttf', name='Lohit Tamil', style='normal', variant='normal', weight=400, stretch='normal', size='scalable')) = 10.05
21:52:24 DEBUG findfont: score(FontEntry(fname='/usr/share/fonts/truetype/malayalam/Suruma.ttf', name='Suruma', style='normal', variant='normal', weight=500, stretch='normal', size='scalable')) = 10.145
21:52:24 DEBUG findfont: score(FontEntry(fname='/usr/share/fonts/truetype/ubuntu/UbuntuMono-RI.ttf', name='Ubuntu Mono', style='italic', variant='normal', weight=400, stretch='normal', size='scalable')) = 11.05
21:52:24 DEBUG findfont: score(FontEntry(fname='/usr/share/fonts/truetype/tlwg/TlwgTypewriter-Bold.ttf', name='Tlwg Typewriter', style='normal', variant='normal', weight=700, stretch='normal', size='scalable')) = 10.335
21:52:24 DEBUG findfont: score(FontEntry(fname='/usr/share/fonts/truetype/tibetan-machine/TibetanMachineUni.ttf', name='Tibetan Machine Uni', style='normal', variant='normal', weight=400, stretch='normal', size='scalable')) = 10.05
21:52:24 DEBUG findfont: score(FontEntry(fname='/usr/share/fonts/truetype/dejavu/DejaVuSerifCondensed.ttf', name='DejaVu Serif', style='normal', variant='normal', weight=400, stretch='condensed', size='scalable')) = 10.25
21:52:24 DEBUG findfont: score(FontEntry(fname='/usr/share/fonts/truetype/dejavu/DejaVuSerif-Italic.ttf', name='DejaVu Serif', style='italic', variant='normal', weight=400, stretch='normal', size='scalable')) = 11.05
21:52:24 DEBUG findfont: score(FontEntry(fname='/usr/share/fonts/truetype/dejavu/DejaVuSerif-BoldItalic.ttf', name='DejaVu Serif', style='italic', variant='normal', weight=700, stretch='normal', size='scalable')) = 11.335
21:52:24 DEBUG findfont: score(FontEntry(fname='/usr/share/fonts/truetype/liberation/LiberationSansNarrow-Regular.ttf', name='Liberation Sans Narrow', style='normal', variant='normal', weight=400, stretch='condensed', size='scalable')) = 10.25
21:52:24 DEBUG findfont: score(FontEntry(fname='/usr/share/fonts/truetype/padauk/Padauk-Regular.ttf', name='Padauk', style='normal', variant='normal', weight=400, stretch='normal', size='scalable')) = 10.05
21:52:24 DEBUG findfont: score(FontEntry(fname='/usr/share/fonts/truetype/tlwg/Norasi-Italic.ttf', name='Norasi', style='italic', variant='normal', weight=400, stretch='normal', size='scalable')) = 11.05
21:52:24 DEBUG findfont: score(FontEntry(fname='/usr/share/fonts/truetype/tlwg/Loma.ttf', name='Loma', style='normal', variant='normal', weight=400, stretch='normal', size='scalable')) = 10.05
21:52:24 DEBUG findfont: score(FontEntry(fname='/usr/share/fonts/opentype/malayalam/Gayathri-Thin.otf', name='Gayathri', style='normal', variant='normal', weight=100, stretch='normal', size='scalable')) = 10.335
21:52:24 DEBUG findfont: score(FontEntry(fname='/usr/share/fonts/opentype/malayalam/Manjari-Regular.otf', name='Manjari', style='normal', variant='normal', weight=400, stretch='normal', size='scalable')) = 10.05
21:52:24 DEBUG findfont: score(FontEntry(fname='/usr/share/fonts/truetype/Gargi/Gargi.ttf', name='Gargi', style='normal', variant='normal', weight=400, stretch='normal', size='scalable')) = 10.05
21:52:24 DEBUG findfont: score(FontEntry(fname='/usr/share/fonts/truetype/tlwg/Garuda.ttf', name='Garuda', style='normal', variant='normal', weight=400, stretch='normal', size='scalable')) = 10.05
21:52:24 DEBUG findfont: score(FontEntry(fname='/usr/share/fonts/truetype/abyssinica/AbyssinicaSIL-Regular.ttf', name='Abyssinica SIL', style='normal', variant='normal', weight=400, stretch='normal', size='scalable')) = 10.05
21:52:24 DEBUG findfont: score(FontEntry(fname='/usr/share/fonts/truetype/lohit-oriya/Lohit-Odia.ttf', name='Lohit Odia', style='normal', variant='normal', weight=400, stretch='normal', size='scalable')) = 10.05
21:52:24 DEBUG findfont: score(FontEntry(fname='/usr/share/fonts/opentype/malayalam/Chilanka-Regular.otf', name='Chilanka', style='normal', variant='normal', weight=400, stretch='normal', size='scalable')) = 10.05
21:52:24 DEBUG findfont: score(FontEntry(fname='/usr/share/fonts/truetype/lohit-telugu/Lohit-Telugu.ttf', name='Lohit Telugu', style='normal', variant='normal', weight=400, stretch='normal', size='scalable')) = 10.05
21:52:24 DEBUG findfont: score(FontEntry(fname='/usr/share/fonts/opentype/urw-base35/C059-Bold.otf', name='C059', style='normal', variant='normal', weight=700, stretch='normal', size='scalable')) = 10.335
21:52:24 DEBUG findfont: score(FontEntry(fname='/usr/share/fonts/truetype/lohit-gujarati/Lohit-Gujarati.ttf', name='Lohit Gujarati', style='normal', variant='normal', weight=400, stretch='normal', size='scalable')) = 10.05
21:52:24 DEBUG findfont: score(FontEntry(fname='/usr/share/fonts/truetype/tlwg/TlwgTypist-BoldOblique.ttf', name='Tlwg Typist', style='oblique', variant='normal', weight=700, stretch='normal', size='scalable')) = 11.335
21:52:24 DEBUG findfont: score(FontEntry(fname='/usr/share/fonts/truetype/Gubbi/Gubbi.ttf', name='Gubbi', style='normal', variant='normal', weight=400, stretch='normal', size='scalable')) = 10.05
21:52:24 DEBUG findfont: score(FontEntry(fname='/usr/share/fonts/truetype/kacst/KacstScreen.ttf', name='KacstScreen', style='normal', variant='normal', weight=500, stretch='normal', size='scalable')) = 10.145
21:52:24 DEBUG findfont: score(FontEntry(fname='/usr/share/fonts/truetype/kacst-one/KacstOne.ttf', name='KacstOne', style='normal', variant='normal', weight=400, stretch='normal', size='scalable')) = 10.05
21:52:24 DEBUG findfont: score(FontEntry(fname='/usr/share/fonts/truetype/fonts-gujr-extra/padmaa-Medium-0.5.ttf', name='padmaa', style='normal', variant='normal', weight=500, stretch='normal', size='scalable')) = 10.145
21:52:24 DEBUG findfont: score(FontEntry(fname='/usr/share/fonts/opentype/urw-base35/NimbusSans-Bold.otf', name='Nimbus Sans', style='normal', variant='normal', weight=700, stretch='normal', size='scalable')) = 10.335
21:52:24 DEBUG findfont: score(FontEntry(fname='/usr/share/fonts/truetype/dejavu/DejaVuSansCondensed-Bold.ttf', name='DejaVu Sans', style='normal', variant='normal', weight=700, stretch='condensed', size='scalable')) = 0.5349999999999999
21:52:24 DEBUG findfont: score(FontEntry(fname='/usr/share/fonts/truetype/tlwg/Purisa-Bold.ttf', name='Purisa', style='normal', variant='normal', weight=700, stretch='normal', size='scalable')) = 10.335
21:52:24 DEBUG findfont: score(FontEntry(fname='/usr/share/fonts/truetype/kacst/KacstArt.ttf', name='KacstArt', style='normal', variant='normal', weight=500, stretch='normal', size='scalable')) = 10.145
21:52:24 DEBUG findfont: score(FontEntry(fname='/usr/share/fonts/truetype/tlwg/Loma-Oblique.ttf', name='Loma', style='oblique', variant='normal', weight=400, stretch='normal', size='scalable')) = 11.05
21:52:24 DEBUG findfont: score(FontEntry(fname='/usr/share/fonts/truetype/ubuntu/Ubuntu-Th.ttf', name='Ubuntu', style='normal', variant='normal', weight=250, stretch='normal', size='scalable')) = 10.1925
21:52:24 DEBUG findfont: score(FontEntry(fname='/usr/share/fonts/truetype/fonts-beng-extra/MuktiNarrowBold.ttf', name='Mukti Narrow', style='normal', variant='normal', weight=700, stretch='normal', size='scalable')) = 10.335
21:52:24 DEBUG findfont: score(FontEntry(fname='/usr/share/fonts/truetype/freefont/FreeSans.ttf', name='FreeSans', style='normal', variant='normal', weight=400, stretch='normal', size='scalable')) = 10.05
21:52:24 DEBUG findfont: Matching sans\-serif:style=normal:variant=normal:weight=normal:stretch=normal:size=10.0 to DejaVu Sans ('/home/lidongting/miniconda3/envs/NLP/lib/python3.11/site-packages/matplotlib/mpl-data/fonts/ttf/DejaVuSans.ttf') with score of 0.050000.
21:52:24 DEBUG Assigning font /F1 = '/home/lidongting/miniconda3/envs/NLP/lib/python3.11/site-packages/matplotlib/mpl-data/fonts/ttf/DejaVuSans.ttf'
21:52:24 DEBUG Embedding font /home/lidongting/miniconda3/envs/NLP/lib/python3.11/site-packages/matplotlib/mpl-data/fonts/ttf/DejaVuSans.ttf.
21:52:24 DEBUG Writing TrueType font.
21:52:25 INFO Epoch: 2, 	 Iter: 50/188, 	 Loss: 1.60248323, 	 Acc: 21.188 , 	 lr: 0.000500
21:52:25 INFO Epoch: 2, 	 Iter: 100/188, 	 Loss: 1.60234576, 	 Acc: 21.938 , 	 lr: 0.000500
21:52:26 INFO Epoch: 2, 	 Iter: 150/188, 	 Loss: 1.60079675, 	 Acc: 22.771 , 	 lr: 0.000500
21:52:26 INFO Epoch: 2, 	 Valid, Loss: 1.59985225, 	 Acc: 23.600 , 	 Best Acc: 23.600
21:52:26 DEBUG Assigning font /F1 = '/home/lidongting/miniconda3/envs/NLP/lib/python3.11/site-packages/matplotlib/mpl-data/fonts/ttf/DejaVuSans.ttf'
21:52:26 DEBUG Embedding font /home/lidongting/miniconda3/envs/NLP/lib/python3.11/site-packages/matplotlib/mpl-data/fonts/ttf/DejaVuSans.ttf.
21:52:26 DEBUG Writing TrueType font.
21:52:27 INFO Epoch: 3, 	 Iter: 50/188, 	 Loss: 1.59147978, 	 Acc: 26.312 , 	 lr: 0.000500
21:52:27 INFO Epoch: 3, 	 Iter: 100/188, 	 Loss: 1.59004501, 	 Acc: 27.719 , 	 lr: 0.000500
21:52:28 INFO Epoch: 3, 	 Iter: 150/188, 	 Loss: 1.58827654, 	 Acc: 27.875 , 	 lr: 0.000500
21:52:28 INFO Epoch: 3, 	 Valid, Loss: 1.58772752, 	 Acc: 25.800 , 	 Best Acc: 25.800
21:52:28 DEBUG Assigning font /F1 = '/home/lidongting/miniconda3/envs/NLP/lib/python3.11/site-packages/matplotlib/mpl-data/fonts/ttf/DejaVuSans.ttf'
21:52:28 DEBUG Embedding font /home/lidongting/miniconda3/envs/NLP/lib/python3.11/site-packages/matplotlib/mpl-data/fonts/ttf/DejaVuSans.ttf.
21:52:28 DEBUG Writing TrueType font.
21:52:29 INFO Epoch: 4, 	 Iter: 50/188, 	 Loss: 1.57639967, 	 Acc: 29.625 , 	 lr: 0.000500
21:52:29 INFO Epoch: 4, 	 Iter: 100/188, 	 Loss: 1.57400709, 	 Acc: 30.219 , 	 lr: 0.000500
21:52:29 INFO Epoch: 4, 	 Iter: 150/188, 	 Loss: 1.57431640, 	 Acc: 29.229 , 	 lr: 0.000500
21:52:30 INFO Epoch: 4, 	 Valid, Loss: 1.57267203, 	 Acc: 29.400 , 	 Best Acc: 29.400
21:52:30 DEBUG Assigning font /F1 = '/home/lidongting/miniconda3/envs/NLP/lib/python3.11/site-packages/matplotlib/mpl-data/fonts/ttf/DejaVuSans.ttf'
21:52:30 DEBUG Embedding font /home/lidongting/miniconda3/envs/NLP/lib/python3.11/site-packages/matplotlib/mpl-data/fonts/ttf/DejaVuSans.ttf.
21:52:30 DEBUG Writing TrueType font.
21:52:30 INFO Epoch: 5, 	 Iter: 50/188, 	 Loss: 1.56339271, 	 Acc: 30.500 , 	 lr: 0.000500
21:52:31 INFO Epoch: 5, 	 Iter: 100/188, 	 Loss: 1.56332104, 	 Acc: 30.812 , 	 lr: 0.000500
21:52:31 INFO Epoch: 5, 	 Iter: 150/188, 	 Loss: 1.56112315, 	 Acc: 31.583 , 	 lr: 0.000500
21:52:32 INFO Epoch: 5, 	 Valid, Loss: 1.55997675, 	 Acc: 31.200 , 	 Best Acc: 31.200
21:52:32 DEBUG Assigning font /F1 = '/home/lidongting/miniconda3/envs/NLP/lib/python3.11/site-packages/matplotlib/mpl-data/fonts/ttf/DejaVuSans.ttf'
21:52:32 DEBUG Embedding font /home/lidongting/miniconda3/envs/NLP/lib/python3.11/site-packages/matplotlib/mpl-data/fonts/ttf/DejaVuSans.ttf.
21:52:32 DEBUG Writing TrueType font.
21:52:33 INFO Epoch: 6, 	 Iter: 50/188, 	 Loss: 1.55173879, 	 Acc: 32.250 , 	 lr: 0.000500
21:52:33 INFO Epoch: 6, 	 Iter: 100/188, 	 Loss: 1.54923790, 	 Acc: 33.531 , 	 lr: 0.000500
21:52:33 INFO Epoch: 6, 	 Iter: 150/188, 	 Loss: 1.54524987, 	 Acc: 34.042 , 	 lr: 0.000500
21:52:34 INFO Epoch: 6, 	 Valid, Loss: 1.54607375, 	 Acc: 33.000 , 	 Best Acc: 33.000
21:52:34 DEBUG Assigning font /F1 = '/home/lidongting/miniconda3/envs/NLP/lib/python3.11/site-packages/matplotlib/mpl-data/fonts/ttf/DejaVuSans.ttf'
21:52:34 DEBUG Embedding font /home/lidongting/miniconda3/envs/NLP/lib/python3.11/site-packages/matplotlib/mpl-data/fonts/ttf/DejaVuSans.ttf.
21:52:34 DEBUG Writing TrueType font.
21:52:35 INFO Epoch: 7, 	 Iter: 50/188, 	 Loss: 1.53522228, 	 Acc: 35.250 , 	 lr: 0.000500
21:52:35 INFO Epoch: 7, 	 Iter: 100/188, 	 Loss: 1.53213107, 	 Acc: 35.375 , 	 lr: 0.000500
21:52:35 INFO Epoch: 7, 	 Iter: 150/188, 	 Loss: 1.53132748, 	 Acc: 35.708 , 	 lr: 0.000500
21:52:36 INFO Epoch: 7, 	 Valid, Loss: 1.53380970, 	 Acc: 34.200 , 	 Best Acc: 34.200
21:52:36 DEBUG Assigning font /F1 = '/home/lidongting/miniconda3/envs/NLP/lib/python3.11/site-packages/matplotlib/mpl-data/fonts/ttf/DejaVuSans.ttf'
21:52:36 DEBUG Embedding font /home/lidongting/miniconda3/envs/NLP/lib/python3.11/site-packages/matplotlib/mpl-data/fonts/ttf/DejaVuSans.ttf.
21:52:36 DEBUG Writing TrueType font.
21:52:37 INFO Epoch: 8, 	 Iter: 50/188, 	 Loss: 1.51311805, 	 Acc: 37.312 , 	 lr: 0.000500
21:52:37 INFO Epoch: 8, 	 Iter: 100/188, 	 Loss: 1.51469942, 	 Acc: 38.125 , 	 lr: 0.000500
21:52:37 INFO Epoch: 8, 	 Iter: 150/188, 	 Loss: 1.51761970, 	 Acc: 37.646 , 	 lr: 0.000500
21:52:38 INFO Epoch: 8, 	 Valid, Loss: 1.52421053, 	 Acc: 34.600 , 	 Best Acc: 34.600
21:52:38 DEBUG Assigning font /F1 = '/home/lidongting/miniconda3/envs/NLP/lib/python3.11/site-packages/matplotlib/mpl-data/fonts/ttf/DejaVuSans.ttf'
21:52:38 DEBUG Embedding font /home/lidongting/miniconda3/envs/NLP/lib/python3.11/site-packages/matplotlib/mpl-data/fonts/ttf/DejaVuSans.ttf.
21:52:38 DEBUG Writing TrueType font.
21:52:39 INFO Epoch: 9, 	 Iter: 50/188, 	 Loss: 1.52024794, 	 Acc: 36.125 , 	 lr: 0.000500
21:52:39 INFO Epoch: 9, 	 Iter: 100/188, 	 Loss: 1.51509192, 	 Acc: 36.406 , 	 lr: 0.000500
21:52:40 INFO Epoch: 9, 	 Iter: 150/188, 	 Loss: 1.51491560, 	 Acc: 37.021 , 	 lr: 0.000500
21:52:40 INFO Epoch: 9, 	 Valid, Loss: 1.51524706, 	 Acc: 36.600 , 	 Best Acc: 36.600
21:52:40 DEBUG Assigning font /F1 = '/home/lidongting/miniconda3/envs/NLP/lib/python3.11/site-packages/matplotlib/mpl-data/fonts/ttf/DejaVuSans.ttf'
21:52:40 DEBUG Embedding font /home/lidongting/miniconda3/envs/NLP/lib/python3.11/site-packages/matplotlib/mpl-data/fonts/ttf/DejaVuSans.ttf.
21:52:40 DEBUG Writing TrueType font.
21:52:41 INFO Epoch: 10, 	 Iter: 50/188, 	 Loss: 1.50238707, 	 Acc: 39.938 , 	 lr: 0.000500
21:52:41 INFO Epoch: 10, 	 Iter: 100/188, 	 Loss: 1.50252289, 	 Acc: 39.844 , 	 lr: 0.000500
21:52:41 INFO Epoch: 10, 	 Iter: 150/188, 	 Loss: 1.50217565, 	 Acc: 39.104 , 	 lr: 0.000500
21:52:42 INFO Epoch: 10, 	 Valid, Loss: 1.50619073, 	 Acc: 38.400 , 	 Best Acc: 38.400
21:52:42 DEBUG Assigning font /F1 = '/home/lidongting/miniconda3/envs/NLP/lib/python3.11/site-packages/matplotlib/mpl-data/fonts/ttf/DejaVuSans.ttf'
21:52:42 DEBUG Embedding font /home/lidongting/miniconda3/envs/NLP/lib/python3.11/site-packages/matplotlib/mpl-data/fonts/ttf/DejaVuSans.ttf.
21:52:42 DEBUG Writing TrueType font.
21:52:43 INFO Epoch: 11, 	 Iter: 50/188, 	 Loss: 1.49145856, 	 Acc: 38.438 , 	 lr: 0.000500
21:52:43 INFO Epoch: 11, 	 Iter: 100/188, 	 Loss: 1.49517155, 	 Acc: 38.688 , 	 lr: 0.000500
21:52:44 INFO Epoch: 11, 	 Iter: 150/188, 	 Loss: 1.49611713, 	 Acc: 39.438 , 	 lr: 0.000500
21:52:44 INFO Epoch: 11, 	 Valid, Loss: 1.50195419, 	 Acc: 38.200 , 	 Best Acc: 38.400
21:52:44 DEBUG Assigning font /F1 = '/home/lidongting/miniconda3/envs/NLP/lib/python3.11/site-packages/matplotlib/mpl-data/fonts/ttf/DejaVuSans.ttf'
21:52:44 DEBUG Embedding font /home/lidongting/miniconda3/envs/NLP/lib/python3.11/site-packages/matplotlib/mpl-data/fonts/ttf/DejaVuSans.ttf.
21:52:44 DEBUG Writing TrueType font.
21:52:45 INFO Epoch: 12, 	 Iter: 50/188, 	 Loss: 1.48544250, 	 Acc: 40.688 , 	 lr: 0.000500
21:52:45 INFO Epoch: 12, 	 Iter: 100/188, 	 Loss: 1.48163895, 	 Acc: 42.125 , 	 lr: 0.000500
21:52:46 INFO Epoch: 12, 	 Iter: 150/188, 	 Loss: 1.48254808, 	 Acc: 41.917 , 	 lr: 0.000500
21:52:46 INFO Epoch: 12, 	 Valid, Loss: 1.49443089, 	 Acc: 40.200 , 	 Best Acc: 40.200
21:52:46 DEBUG Assigning font /F1 = '/home/lidongting/miniconda3/envs/NLP/lib/python3.11/site-packages/matplotlib/mpl-data/fonts/ttf/DejaVuSans.ttf'
21:52:46 DEBUG Embedding font /home/lidongting/miniconda3/envs/NLP/lib/python3.11/site-packages/matplotlib/mpl-data/fonts/ttf/DejaVuSans.ttf.
21:52:46 DEBUG Writing TrueType font.
21:52:47 INFO Epoch: 13, 	 Iter: 50/188, 	 Loss: 1.48134948, 	 Acc: 40.250 , 	 lr: 0.000500
21:52:47 INFO Epoch: 13, 	 Iter: 100/188, 	 Loss: 1.48117632, 	 Acc: 41.094 , 	 lr: 0.000500
21:52:48 INFO Epoch: 13, 	 Iter: 150/188, 	 Loss: 1.47724949, 	 Acc: 41.500 , 	 lr: 0.000500
21:52:48 INFO Epoch: 13, 	 Valid, Loss: 1.48969075, 	 Acc: 40.000 , 	 Best Acc: 40.200
21:52:48 DEBUG Assigning font /F1 = '/home/lidongting/miniconda3/envs/NLP/lib/python3.11/site-packages/matplotlib/mpl-data/fonts/ttf/DejaVuSans.ttf'
21:52:48 DEBUG Embedding font /home/lidongting/miniconda3/envs/NLP/lib/python3.11/site-packages/matplotlib/mpl-data/fonts/ttf/DejaVuSans.ttf.
21:52:48 DEBUG Writing TrueType font.
21:52:49 INFO Epoch: 14, 	 Iter: 50/188, 	 Loss: 1.47533395, 	 Acc: 41.875 , 	 lr: 0.000500
21:52:49 INFO Epoch: 14, 	 Iter: 100/188, 	 Loss: 1.47530335, 	 Acc: 41.781 , 	 lr: 0.000500
21:52:50 INFO Epoch: 14, 	 Iter: 150/188, 	 Loss: 1.47050479, 	 Acc: 42.708 , 	 lr: 0.000500
21:52:50 INFO Epoch: 14, 	 Valid, Loss: 1.48440044, 	 Acc: 42.200 , 	 Best Acc: 42.200
21:52:50 DEBUG Assigning font /F1 = '/home/lidongting/miniconda3/envs/NLP/lib/python3.11/site-packages/matplotlib/mpl-data/fonts/ttf/DejaVuSans.ttf'
21:52:50 DEBUG Embedding font /home/lidongting/miniconda3/envs/NLP/lib/python3.11/site-packages/matplotlib/mpl-data/fonts/ttf/DejaVuSans.ttf.
21:52:50 DEBUG Writing TrueType font.
21:52:51 INFO Epoch: 15, 	 Iter: 50/188, 	 Loss: 1.46860748, 	 Acc: 42.562 , 	 lr: 0.000500
21:52:51 INFO Epoch: 15, 	 Iter: 100/188, 	 Loss: 1.46632410, 	 Acc: 42.812 , 	 lr: 0.000500
21:52:52 INFO Epoch: 15, 	 Iter: 150/188, 	 Loss: 1.46566452, 	 Acc: 43.333 , 	 lr: 0.000500
21:52:52 INFO Epoch: 15, 	 Valid, Loss: 1.47850298, 	 Acc: 42.400 , 	 Best Acc: 42.400
21:52:52 DEBUG Assigning font /F1 = '/home/lidongting/miniconda3/envs/NLP/lib/python3.11/site-packages/matplotlib/mpl-data/fonts/ttf/DejaVuSans.ttf'
21:52:52 DEBUG Embedding font /home/lidongting/miniconda3/envs/NLP/lib/python3.11/site-packages/matplotlib/mpl-data/fonts/ttf/DejaVuSans.ttf.
21:52:52 DEBUG Writing TrueType font.
21:52:53 INFO Epoch: 16, 	 Iter: 50/188, 	 Loss: 1.45974675, 	 Acc: 44.562 , 	 lr: 0.000500
21:52:53 INFO Epoch: 16, 	 Iter: 100/188, 	 Loss: 1.45763793, 	 Acc: 44.594 , 	 lr: 0.000500
21:52:54 INFO Epoch: 16, 	 Iter: 150/188, 	 Loss: 1.45896525, 	 Acc: 44.396 , 	 lr: 0.000500
21:52:54 INFO Epoch: 16, 	 Valid, Loss: 1.47387901, 	 Acc: 42.800 , 	 Best Acc: 42.800
21:52:54 DEBUG Assigning font /F1 = '/home/lidongting/miniconda3/envs/NLP/lib/python3.11/site-packages/matplotlib/mpl-data/fonts/ttf/DejaVuSans.ttf'
21:52:54 DEBUG Embedding font /home/lidongting/miniconda3/envs/NLP/lib/python3.11/site-packages/matplotlib/mpl-data/fonts/ttf/DejaVuSans.ttf.
21:52:54 DEBUG Writing TrueType font.
21:52:55 INFO Epoch: 17, 	 Iter: 50/188, 	 Loss: 1.44096910, 	 Acc: 46.938 , 	 lr: 0.000500
21:52:55 INFO Epoch: 17, 	 Iter: 100/188, 	 Loss: 1.45070394, 	 Acc: 45.500 , 	 lr: 0.000500
21:52:56 INFO Epoch: 17, 	 Iter: 150/188, 	 Loss: 1.44848789, 	 Acc: 45.458 , 	 lr: 0.000500
21:52:56 INFO Epoch: 17, 	 Valid, Loss: 1.46956573, 	 Acc: 43.000 , 	 Best Acc: 43.000
21:52:56 DEBUG Assigning font /F1 = '/home/lidongting/miniconda3/envs/NLP/lib/python3.11/site-packages/matplotlib/mpl-data/fonts/ttf/DejaVuSans.ttf'
21:52:56 DEBUG Embedding font /home/lidongting/miniconda3/envs/NLP/lib/python3.11/site-packages/matplotlib/mpl-data/fonts/ttf/DejaVuSans.ttf.
21:52:56 DEBUG Writing TrueType font.
21:52:57 INFO Epoch: 18, 	 Iter: 50/188, 	 Loss: 1.45113978, 	 Acc: 44.938 , 	 lr: 0.000500
21:52:57 INFO Epoch: 18, 	 Iter: 100/188, 	 Loss: 1.44290594, 	 Acc: 45.594 , 	 lr: 0.000500
21:52:58 INFO Epoch: 18, 	 Iter: 150/188, 	 Loss: 1.43976667, 	 Acc: 46.146 , 	 lr: 0.000500
21:52:58 INFO Epoch: 18, 	 Valid, Loss: 1.46555199, 	 Acc: 42.600 , 	 Best Acc: 43.000
21:52:58 DEBUG Assigning font /F1 = '/home/lidongting/miniconda3/envs/NLP/lib/python3.11/site-packages/matplotlib/mpl-data/fonts/ttf/DejaVuSans.ttf'
21:52:58 DEBUG Embedding font /home/lidongting/miniconda3/envs/NLP/lib/python3.11/site-packages/matplotlib/mpl-data/fonts/ttf/DejaVuSans.ttf.
21:52:58 DEBUG Writing TrueType font.
21:52:59 INFO Epoch: 19, 	 Iter: 50/188, 	 Loss: 1.44313808, 	 Acc: 48.688 , 	 lr: 0.000500
21:52:59 INFO Epoch: 19, 	 Iter: 100/188, 	 Loss: 1.44215910, 	 Acc: 48.062 , 	 lr: 0.000500
21:53:00 INFO Epoch: 19, 	 Iter: 150/188, 	 Loss: 1.44095857, 	 Acc: 47.562 , 	 lr: 0.000500
21:53:00 INFO Epoch: 19, 	 Valid, Loss: 1.46244954, 	 Acc: 43.000 , 	 Best Acc: 43.000
21:53:00 DEBUG Assigning font /F1 = '/home/lidongting/miniconda3/envs/NLP/lib/python3.11/site-packages/matplotlib/mpl-data/fonts/ttf/DejaVuSans.ttf'
21:53:00 DEBUG Embedding font /home/lidongting/miniconda3/envs/NLP/lib/python3.11/site-packages/matplotlib/mpl-data/fonts/ttf/DejaVuSans.ttf.
21:53:00 DEBUG Writing TrueType font.
21:53:01 INFO Epoch: 20, 	 Iter: 50/188, 	 Loss: 1.42773422, 	 Acc: 49.438 , 	 lr: 0.000500
21:53:01 INFO Epoch: 20, 	 Iter: 100/188, 	 Loss: 1.42985915, 	 Acc: 48.125 , 	 lr: 0.000500
21:53:02 INFO Epoch: 20, 	 Iter: 150/188, 	 Loss: 1.42665927, 	 Acc: 48.688 , 	 lr: 0.000500
21:53:02 INFO Epoch: 20, 	 Valid, Loss: 1.45880460, 	 Acc: 42.400 , 	 Best Acc: 43.000
21:53:02 DEBUG Assigning font /F1 = '/home/lidongting/miniconda3/envs/NLP/lib/python3.11/site-packages/matplotlib/mpl-data/fonts/ttf/DejaVuSans.ttf'
21:53:02 DEBUG Embedding font /home/lidongting/miniconda3/envs/NLP/lib/python3.11/site-packages/matplotlib/mpl-data/fonts/ttf/DejaVuSans.ttf.
21:53:02 DEBUG Writing TrueType font.
21:53:03 INFO Epoch: 21, 	 Iter: 50/188, 	 Loss: 1.42804157, 	 Acc: 48.438 , 	 lr: 0.000500
21:53:03 INFO Epoch: 21, 	 Iter: 100/188, 	 Loss: 1.42879551, 	 Acc: 47.750 , 	 lr: 0.000500
21:53:04 INFO Epoch: 21, 	 Iter: 150/188, 	 Loss: 1.42483207, 	 Acc: 48.167 , 	 lr: 0.000500
21:53:04 INFO Epoch: 21, 	 Valid, Loss: 1.45706408, 	 Acc: 43.000 , 	 Best Acc: 43.000
21:53:04 DEBUG Assigning font /F1 = '/home/lidongting/miniconda3/envs/NLP/lib/python3.11/site-packages/matplotlib/mpl-data/fonts/ttf/DejaVuSans.ttf'
21:53:04 DEBUG Embedding font /home/lidongting/miniconda3/envs/NLP/lib/python3.11/site-packages/matplotlib/mpl-data/fonts/ttf/DejaVuSans.ttf.
21:53:04 DEBUG Writing TrueType font.
21:53:05 INFO Epoch: 22, 	 Iter: 50/188, 	 Loss: 1.40454211, 	 Acc: 51.250 , 	 lr: 0.000500
21:53:05 INFO Epoch: 22, 	 Iter: 100/188, 	 Loss: 1.40924188, 	 Acc: 50.500 , 	 lr: 0.000500
21:53:06 INFO Epoch: 22, 	 Iter: 150/188, 	 Loss: 1.41926976, 	 Acc: 48.854 , 	 lr: 0.000500
21:53:06 INFO Epoch: 22, 	 Valid, Loss: 1.45436669, 	 Acc: 43.400 , 	 Best Acc: 43.400
21:53:06 DEBUG Assigning font /F1 = '/home/lidongting/miniconda3/envs/NLP/lib/python3.11/site-packages/matplotlib/mpl-data/fonts/ttf/DejaVuSans.ttf'
21:53:07 DEBUG Embedding font /home/lidongting/miniconda3/envs/NLP/lib/python3.11/site-packages/matplotlib/mpl-data/fonts/ttf/DejaVuSans.ttf.
21:53:07 DEBUG Writing TrueType font.
21:53:07 INFO Epoch: 23, 	 Iter: 50/188, 	 Loss: 1.41508985, 	 Acc: 49.125 , 	 lr: 0.000500
21:53:08 INFO Epoch: 23, 	 Iter: 100/188, 	 Loss: 1.41462586, 	 Acc: 49.594 , 	 lr: 0.000500
21:53:08 INFO Epoch: 23, 	 Iter: 150/188, 	 Loss: 1.41694835, 	 Acc: 49.229 , 	 lr: 0.000500
21:53:09 INFO Epoch: 23, 	 Valid, Loss: 1.45235564, 	 Acc: 43.400 , 	 Best Acc: 43.400
21:53:09 DEBUG Assigning font /F1 = '/home/lidongting/miniconda3/envs/NLP/lib/python3.11/site-packages/matplotlib/mpl-data/fonts/ttf/DejaVuSans.ttf'
21:53:09 DEBUG Embedding font /home/lidongting/miniconda3/envs/NLP/lib/python3.11/site-packages/matplotlib/mpl-data/fonts/ttf/DejaVuSans.ttf.
21:53:09 DEBUG Writing TrueType font.
21:53:09 INFO Epoch: 24, 	 Iter: 50/188, 	 Loss: 1.41434723, 	 Acc: 50.187 , 	 lr: 0.000500
21:53:10 INFO Epoch: 24, 	 Iter: 100/188, 	 Loss: 1.41139733, 	 Acc: 50.187 , 	 lr: 0.000500
21:53:10 INFO Epoch: 24, 	 Iter: 150/188, 	 Loss: 1.40794355, 	 Acc: 50.458 , 	 lr: 0.000500
21:53:11 INFO Epoch: 24, 	 Valid, Loss: 1.45011239, 	 Acc: 43.600 , 	 Best Acc: 43.600
21:53:11 DEBUG Assigning font /F1 = '/home/lidongting/miniconda3/envs/NLP/lib/python3.11/site-packages/matplotlib/mpl-data/fonts/ttf/DejaVuSans.ttf'
21:53:11 DEBUG Embedding font /home/lidongting/miniconda3/envs/NLP/lib/python3.11/site-packages/matplotlib/mpl-data/fonts/ttf/DejaVuSans.ttf.
21:53:11 DEBUG Writing TrueType font.
21:53:11 INFO Epoch: 25, 	 Iter: 50/188, 	 Loss: 1.41830307, 	 Acc: 48.938 , 	 lr: 0.000500
21:53:12 INFO Epoch: 25, 	 Iter: 100/188, 	 Loss: 1.41108259, 	 Acc: 50.344 , 	 lr: 0.000500
21:53:12 INFO Epoch: 25, 	 Iter: 150/188, 	 Loss: 1.41197669, 	 Acc: 50.396 , 	 lr: 0.000500
21:53:12 INFO Epoch: 25, 	 Valid, Loss: 1.44795615, 	 Acc: 43.600 , 	 Best Acc: 43.600
21:53:12 DEBUG Assigning font /F1 = '/home/lidongting/miniconda3/envs/NLP/lib/python3.11/site-packages/matplotlib/mpl-data/fonts/ttf/DejaVuSans.ttf'
21:53:13 DEBUG Embedding font /home/lidongting/miniconda3/envs/NLP/lib/python3.11/site-packages/matplotlib/mpl-data/fonts/ttf/DejaVuSans.ttf.
21:53:13 DEBUG Writing TrueType font.
21:53:13 INFO Epoch: 26, 	 Iter: 50/188, 	 Loss: 1.39762723, 	 Acc: 52.062 , 	 lr: 0.000500
21:53:14 INFO Epoch: 26, 	 Iter: 100/188, 	 Loss: 1.39594779, 	 Acc: 52.688 , 	 lr: 0.000500
21:53:14 INFO Epoch: 26, 	 Iter: 150/188, 	 Loss: 1.40196943, 	 Acc: 51.979 , 	 lr: 0.000500
21:53:14 INFO Epoch: 26, 	 Valid, Loss: 1.44702788, 	 Acc: 43.600 , 	 Best Acc: 43.600
21:53:14 DEBUG Assigning font /F1 = '/home/lidongting/miniconda3/envs/NLP/lib/python3.11/site-packages/matplotlib/mpl-data/fonts/ttf/DejaVuSans.ttf'
21:53:15 DEBUG Embedding font /home/lidongting/miniconda3/envs/NLP/lib/python3.11/site-packages/matplotlib/mpl-data/fonts/ttf/DejaVuSans.ttf.
21:53:15 DEBUG Writing TrueType font.
21:53:15 INFO Epoch: 27, 	 Iter: 50/188, 	 Loss: 1.40060427, 	 Acc: 52.000 , 	 lr: 0.000500
21:53:16 INFO Epoch: 27, 	 Iter: 100/188, 	 Loss: 1.39581834, 	 Acc: 52.562 , 	 lr: 0.000500
21:53:16 INFO Epoch: 27, 	 Iter: 150/188, 	 Loss: 1.40122822, 	 Acc: 51.479 , 	 lr: 0.000500
21:53:16 INFO Epoch: 27, 	 Valid, Loss: 1.44371227, 	 Acc: 43.400 , 	 Best Acc: 43.600
21:53:16 DEBUG Assigning font /F1 = '/home/lidongting/miniconda3/envs/NLP/lib/python3.11/site-packages/matplotlib/mpl-data/fonts/ttf/DejaVuSans.ttf'
21:53:16 DEBUG Embedding font /home/lidongting/miniconda3/envs/NLP/lib/python3.11/site-packages/matplotlib/mpl-data/fonts/ttf/DejaVuSans.ttf.
21:53:16 DEBUG Writing TrueType font.
21:53:17 INFO Epoch: 28, 	 Iter: 50/188, 	 Loss: 1.39632805, 	 Acc: 52.500 , 	 lr: 0.000500
21:53:17 INFO Epoch: 28, 	 Iter: 100/188, 	 Loss: 1.39073285, 	 Acc: 52.344 , 	 lr: 0.000500
21:53:18 INFO Epoch: 28, 	 Iter: 150/188, 	 Loss: 1.39211044, 	 Acc: 52.583 , 	 lr: 0.000500
21:53:18 INFO Epoch: 28, 	 Valid, Loss: 1.44248318, 	 Acc: 44.800 , 	 Best Acc: 44.800
21:53:18 DEBUG Assigning font /F1 = '/home/lidongting/miniconda3/envs/NLP/lib/python3.11/site-packages/matplotlib/mpl-data/fonts/ttf/DejaVuSans.ttf'
21:53:18 DEBUG Embedding font /home/lidongting/miniconda3/envs/NLP/lib/python3.11/site-packages/matplotlib/mpl-data/fonts/ttf/DejaVuSans.ttf.
21:53:18 DEBUG Writing TrueType font.
21:53:19 INFO Epoch: 29, 	 Iter: 50/188, 	 Loss: 1.38230954, 	 Acc: 55.188 , 	 lr: 0.000500
21:53:19 INFO Epoch: 29, 	 Iter: 100/188, 	 Loss: 1.38565994, 	 Acc: 54.281 , 	 lr: 0.000500
21:53:20 INFO Epoch: 29, 	 Iter: 150/188, 	 Loss: 1.39360071, 	 Acc: 53.312 , 	 lr: 0.000500
21:53:20 INFO Epoch: 29, 	 Valid, Loss: 1.43957712, 	 Acc: 45.000 , 	 Best Acc: 45.000
21:53:20 DEBUG Assigning font /F1 = '/home/lidongting/miniconda3/envs/NLP/lib/python3.11/site-packages/matplotlib/mpl-data/fonts/ttf/DejaVuSans.ttf'
21:53:20 DEBUG Embedding font /home/lidongting/miniconda3/envs/NLP/lib/python3.11/site-packages/matplotlib/mpl-data/fonts/ttf/DejaVuSans.ttf.
21:53:20 DEBUG Writing TrueType font.
21:53:21 INFO Epoch: 30, 	 Iter: 50/188, 	 Loss: 1.38718664, 	 Acc: 53.562 , 	 lr: 0.000500
21:53:21 INFO Epoch: 30, 	 Iter: 100/188, 	 Loss: 1.38322277, 	 Acc: 53.969 , 	 lr: 0.000500
21:53:22 INFO Epoch: 30, 	 Iter: 150/188, 	 Loss: 1.38445349, 	 Acc: 54.000 , 	 lr: 0.000500
21:53:22 INFO Epoch: 30, 	 Valid, Loss: 1.44030176, 	 Acc: 45.200 , 	 Best Acc: 45.200
21:53:22 DEBUG Assigning font /F1 = '/home/lidongting/miniconda3/envs/NLP/lib/python3.11/site-packages/matplotlib/mpl-data/fonts/ttf/DejaVuSans.ttf'
21:53:22 DEBUG Embedding font /home/lidongting/miniconda3/envs/NLP/lib/python3.11/site-packages/matplotlib/mpl-data/fonts/ttf/DejaVuSans.ttf.
21:53:22 DEBUG Writing TrueType font.
21:53:23 INFO valid loss: 1.440, 	 valid acc: 45.200, 	 test loss: 1.428, 	 test acc: 48.600 
