12:09:59 INFO Epoch: 1, 	 Iter: 50/188, 	 Loss: 1.63641841, 	 Acc: 24.375 , 	 lr: 0.000100
12:10:00 INFO Epoch: 1, 	 Iter: 100/188, 	 Loss: 1.60732956, 	 Acc: 26.500 , 	 lr: 0.000100
12:10:02 INFO Epoch: 1, 	 Iter: 150/188, 	 Loss: 1.58999876, 	 Acc: 28.146 , 	 lr: 0.000100
12:10:04 INFO Epoch: 1, 	 Valid, Loss: 1.57007756, 	 Acc: 31.000 , 	 Best Acc: 31.000
12:10:04 DEBUG Loaded backend agg version v2.2.
12:10:04 DEBUG findfont: Matching sans\-serif:style=normal:variant=normal:weight=normal:stretch=normal:size=10.0.
12:10:04 DEBUG findfont: score(FontEntry(fname='/home/lidongting/miniconda3/envs/NLP/lib/python3.11/site-packages/matplotlib/mpl-data/fonts/ttf/STIXSizFiveSymReg.ttf', name='STIXSizeFiveSym', style='normal', variant='normal', weight=400, stretch='normal', size='scalable')) = 10.05
12:10:04 DEBUG findfont: score(FontEntry(fname='/home/lidongting/miniconda3/envs/NLP/lib/python3.11/site-packages/matplotlib/mpl-data/fonts/ttf/DejaVuSerif.ttf', name='DejaVu Serif', style='normal', variant='normal', weight=400, stretch='normal', size='scalable')) = 10.05
12:10:04 DEBUG findfont: score(FontEntry(fname='/home/lidongting/miniconda3/envs/NLP/lib/python3.11/site-packages/matplotlib/mpl-data/fonts/ttf/STIXSizTwoSymReg.ttf', name='STIXSizeTwoSym', style='normal', variant='normal', weight=400, stretch='normal', size='scalable')) = 10.05
12:10:04 DEBUG findfont: score(FontEntry(fname='/home/lidongting/miniconda3/envs/NLP/lib/python3.11/site-packages/matplotlib/mpl-data/fonts/ttf/STIXSizThreeSymBol.ttf', name='STIXSizeThreeSym', style='normal', variant='normal', weight=700, stretch='normal', size='scalable')) = 10.335
12:10:04 DEBUG findfont: score(FontEntry(fname='/home/lidongting/miniconda3/envs/NLP/lib/python3.11/site-packages/matplotlib/mpl-data/fonts/ttf/DejaVuSans-Bold.ttf', name='DejaVu Sans', style='normal', variant='normal', weight=700, stretch='normal', size='scalable')) = 0.33499999999999996
12:10:04 DEBUG findfont: score(FontEntry(fname='/home/lidongting/miniconda3/envs/NLP/lib/python3.11/site-packages/matplotlib/mpl-data/fonts/ttf/STIXGeneral.ttf', name='STIXGeneral', style='normal', variant='normal', weight=400, stretch='normal', size='scalable')) = 10.05
12:10:04 DEBUG findfont: score(FontEntry(fname='/home/lidongting/miniconda3/envs/NLP/lib/python3.11/site-packages/matplotlib/mpl-data/fonts/ttf/DejaVuSans-Oblique.ttf', name='DejaVu Sans', style='oblique', variant='normal', weight=400, stretch='normal', size='scalable')) = 1.05
12:10:04 DEBUG findfont: score(FontEntry(fname='/home/lidongting/miniconda3/envs/NLP/lib/python3.11/site-packages/matplotlib/mpl-data/fonts/ttf/STIXSizOneSymReg.ttf', name='STIXSizeOneSym', style='normal', variant='normal', weight=400, stretch='normal', size='scalable')) = 10.05
12:10:04 DEBUG findfont: score(FontEntry(fname='/home/lidongting/miniconda3/envs/NLP/lib/python3.11/site-packages/matplotlib/mpl-data/fonts/ttf/cmtt10.ttf', name='cmtt10', style='normal', variant='normal', weight=400, stretch='normal', size='scalable')) = 10.05
12:10:04 DEBUG findfont: score(FontEntry(fname='/home/lidongting/miniconda3/envs/NLP/lib/python3.11/site-packages/matplotlib/mpl-data/fonts/ttf/DejaVuSans-BoldOblique.ttf', name='DejaVu Sans', style='oblique', variant='normal', weight=700, stretch='normal', size='scalable')) = 1.335
12:10:04 DEBUG findfont: score(FontEntry(fname='/home/lidongting/miniconda3/envs/NLP/lib/python3.11/site-packages/matplotlib/mpl-data/fonts/ttf/DejaVuSerif-Bold.ttf', name='DejaVu Serif', style='normal', variant='normal', weight=700, stretch='normal', size='scalable')) = 10.335
12:10:04 DEBUG findfont: score(FontEntry(fname='/home/lidongting/miniconda3/envs/NLP/lib/python3.11/site-packages/matplotlib/mpl-data/fonts/ttf/cmb10.ttf', name='cmb10', style='normal', variant='normal', weight=400, stretch='normal', size='scalable')) = 10.05
12:10:04 DEBUG findfont: score(FontEntry(fname='/home/lidongting/miniconda3/envs/NLP/lib/python3.11/site-packages/matplotlib/mpl-data/fonts/ttf/STIXSizFourSymBol.ttf', name='STIXSizeFourSym', style='normal', variant='normal', weight=700, stretch='normal', size='scalable')) = 10.335
12:10:04 DEBUG findfont: score(FontEntry(fname='/home/lidongting/miniconda3/envs/NLP/lib/python3.11/site-packages/matplotlib/mpl-data/fonts/ttf/DejaVuSans.ttf', name='DejaVu Sans', style='normal', variant='normal', weight=400, stretch='normal', size='scalable')) = 0.05
12:10:04 DEBUG findfont: score(FontEntry(fname='/home/lidongting/miniconda3/envs/NLP/lib/python3.11/site-packages/matplotlib/mpl-data/fonts/ttf/cmss10.ttf', name='cmss10', style='normal', variant='normal', weight=400, stretch='normal', size='scalable')) = 10.05
12:10:04 DEBUG findfont: score(FontEntry(fname='/home/lidongting/miniconda3/envs/NLP/lib/python3.11/site-packages/matplotlib/mpl-data/fonts/ttf/DejaVuSansDisplay.ttf', name='DejaVu Sans Display', style='normal', variant='normal', weight=400, stretch='normal', size='scalable')) = 10.05
12:10:04 DEBUG findfont: score(FontEntry(fname='/home/lidongting/miniconda3/envs/NLP/lib/python3.11/site-packages/matplotlib/mpl-data/fonts/ttf/DejaVuSansMono.ttf', name='DejaVu Sans Mono', style='normal', variant='normal', weight=400, stretch='normal', size='scalable')) = 10.05
12:10:04 DEBUG findfont: score(FontEntry(fname='/home/lidongting/miniconda3/envs/NLP/lib/python3.11/site-packages/matplotlib/mpl-data/fonts/ttf/STIXGeneralItalic.ttf', name='STIXGeneral', style='italic', variant='normal', weight=400, stretch='normal', size='scalable')) = 11.05
12:10:04 DEBUG findfont: score(FontEntry(fname='/home/lidongting/miniconda3/envs/NLP/lib/python3.11/site-packages/matplotlib/mpl-data/fonts/ttf/STIXNonUniBol.ttf', name='STIXNonUnicode', style='normal', variant='normal', weight=700, stretch='normal', size='scalable')) = 10.335
12:10:04 DEBUG findfont: score(FontEntry(fname='/home/lidongting/miniconda3/envs/NLP/lib/python3.11/site-packages/matplotlib/mpl-data/fonts/ttf/cmr10.ttf', name='cmr10', style='normal', variant='normal', weight=400, stretch='normal', size='scalable')) = 10.05
12:10:04 DEBUG findfont: score(FontEntry(fname='/home/lidongting/miniconda3/envs/NLP/lib/python3.11/site-packages/matplotlib/mpl-data/fonts/ttf/STIXSizThreeSymReg.ttf', name='STIXSizeThreeSym', style='normal', variant='normal', weight=400, stretch='normal', size='scalable')) = 10.05
12:10:04 DEBUG findfont: score(FontEntry(fname='/home/lidongting/miniconda3/envs/NLP/lib/python3.11/site-packages/matplotlib/mpl-data/fonts/ttf/DejaVuSansMono-Bold.ttf', name='DejaVu Sans Mono', style='normal', variant='normal', weight=700, stretch='normal', size='scalable')) = 10.335
12:10:04 DEBUG findfont: score(FontEntry(fname='/home/lidongting/miniconda3/envs/NLP/lib/python3.11/site-packages/matplotlib/mpl-data/fonts/ttf/STIXSizTwoSymBol.ttf', name='STIXSizeTwoSym', style='normal', variant='normal', weight=700, stretch='normal', size='scalable')) = 10.335
12:10:04 DEBUG findfont: score(FontEntry(fname='/home/lidongting/miniconda3/envs/NLP/lib/python3.11/site-packages/matplotlib/mpl-data/fonts/ttf/STIXNonUniBolIta.ttf', name='STIXNonUnicode', style='italic', variant='normal', weight=700, stretch='normal', size='scalable')) = 11.335
12:10:04 DEBUG findfont: score(FontEntry(fname='/home/lidongting/miniconda3/envs/NLP/lib/python3.11/site-packages/matplotlib/mpl-data/fonts/ttf/DejaVuSerif-BoldItalic.ttf', name='DejaVu Serif', style='italic', variant='normal', weight=700, stretch='normal', size='scalable')) = 11.335
12:10:04 DEBUG findfont: score(FontEntry(fname='/home/lidongting/miniconda3/envs/NLP/lib/python3.11/site-packages/matplotlib/mpl-data/fonts/ttf/STIXGeneralBol.ttf', name='STIXGeneral', style='normal', variant='normal', weight=700, stretch='normal', size='scalable')) = 10.335
12:10:04 DEBUG findfont: score(FontEntry(fname='/home/lidongting/miniconda3/envs/NLP/lib/python3.11/site-packages/matplotlib/mpl-data/fonts/ttf/DejaVuSerifDisplay.ttf', name='DejaVu Serif Display', style='normal', variant='normal', weight=400, stretch='normal', size='scalable')) = 10.05
12:10:04 DEBUG findfont: score(FontEntry(fname='/home/lidongting/miniconda3/envs/NLP/lib/python3.11/site-packages/matplotlib/mpl-data/fonts/ttf/STIXSizOneSymBol.ttf', name='STIXSizeOneSym', style='normal', variant='normal', weight=700, stretch='normal', size='scalable')) = 10.335
12:10:04 DEBUG findfont: score(FontEntry(fname='/home/lidongting/miniconda3/envs/NLP/lib/python3.11/site-packages/matplotlib/mpl-data/fonts/ttf/STIXSizFourSymReg.ttf', name='STIXSizeFourSym', style='normal', variant='normal', weight=400, stretch='normal', size='scalable')) = 10.05
12:10:04 DEBUG findfont: score(FontEntry(fname='/home/lidongting/miniconda3/envs/NLP/lib/python3.11/site-packages/matplotlib/mpl-data/fonts/ttf/DejaVuSansMono-BoldOblique.ttf', name='DejaVu Sans Mono', style='oblique', variant='normal', weight=700, stretch='normal', size='scalable')) = 11.335
12:10:04 DEBUG findfont: score(FontEntry(fname='/home/lidongting/miniconda3/envs/NLP/lib/python3.11/site-packages/matplotlib/mpl-data/fonts/ttf/STIXNonUni.ttf', name='STIXNonUnicode', style='normal', variant='normal', weight=400, stretch='normal', size='scalable')) = 10.05
12:10:04 DEBUG findfont: score(FontEntry(fname='/home/lidongting/miniconda3/envs/NLP/lib/python3.11/site-packages/matplotlib/mpl-data/fonts/ttf/STIXGeneralBolIta.ttf', name='STIXGeneral', style='italic', variant='normal', weight=700, stretch='normal', size='scalable')) = 11.335
12:10:04 DEBUG findfont: score(FontEntry(fname='/home/lidongting/miniconda3/envs/NLP/lib/python3.11/site-packages/matplotlib/mpl-data/fonts/ttf/cmsy10.ttf', name='cmsy10', style='normal', variant='normal', weight=400, stretch='normal', size='scalable')) = 10.05
12:10:04 DEBUG findfont: score(FontEntry(fname='/home/lidongting/miniconda3/envs/NLP/lib/python3.11/site-packages/matplotlib/mpl-data/fonts/ttf/cmmi10.ttf', name='cmmi10', style='normal', variant='normal', weight=400, stretch='normal', size='scalable')) = 10.05
12:10:04 DEBUG findfont: score(FontEntry(fname='/home/lidongting/miniconda3/envs/NLP/lib/python3.11/site-packages/matplotlib/mpl-data/fonts/ttf/STIXNonUniIta.ttf', name='STIXNonUnicode', style='italic', variant='normal', weight=400, stretch='normal', size='scalable')) = 11.05
12:10:04 DEBUG findfont: score(FontEntry(fname='/home/lidongting/miniconda3/envs/NLP/lib/python3.11/site-packages/matplotlib/mpl-data/fonts/ttf/DejaVuSerif-Italic.ttf', name='DejaVu Serif', style='italic', variant='normal', weight=400, stretch='normal', size='scalable')) = 11.05
12:10:04 DEBUG findfont: score(FontEntry(fname='/home/lidongting/miniconda3/envs/NLP/lib/python3.11/site-packages/matplotlib/mpl-data/fonts/ttf/DejaVuSansMono-Oblique.ttf', name='DejaVu Sans Mono', style='oblique', variant='normal', weight=400, stretch='normal', size='scalable')) = 11.05
12:10:04 DEBUG findfont: score(FontEntry(fname='/home/lidongting/miniconda3/envs/NLP/lib/python3.11/site-packages/matplotlib/mpl-data/fonts/ttf/cmex10.ttf', name='cmex10', style='normal', variant='normal', weight=400, stretch='normal', size='scalable')) = 10.05
12:10:04 DEBUG findfont: score(FontEntry(fname='/usr/share/fonts/truetype/liberation2/LiberationSerif-BoldItalic.ttf', name='Liberation Serif', style='italic', variant='normal', weight=700, stretch='normal', size='scalable')) = 11.335
12:10:04 DEBUG findfont: score(FontEntry(fname='/usr/share/fonts/truetype/lyx/msbm10.ttf', name='msbm10', style='normal', variant='normal', weight=400, stretch='normal', size='scalable')) = 10.05
12:10:04 DEBUG findfont: score(FontEntry(fname='/usr/share/fonts/opentype/urw-base35/StandardSymbolsPS.otf', name='Standard Symbols PS', style='normal', variant='normal', weight=400, stretch='normal', size='scalable')) = 10.05
12:10:04 DEBUG findfont: score(FontEntry(fname='/usr/share/fonts/truetype/Navilu/Navilu.ttf', name='Navilu', style='normal', variant='normal', weight=400, stretch='normal', size='scalable')) = 10.05
12:10:04 DEBUG findfont: score(FontEntry(fname='/usr/share/fonts/truetype/dejavu/DejaVuSans.ttf', name='DejaVu Sans', style='normal', variant='normal', weight=400, stretch='normal', size='scalable')) = 0.05
12:10:04 DEBUG findfont: score(FontEntry(fname='/usr/share/fonts/truetype/liberation/LiberationMono-BoldItalic.ttf', name='Liberation Mono', style='italic', variant='normal', weight=700, stretch='normal', size='scalable')) = 11.335
12:10:04 DEBUG findfont: score(FontEntry(fname='/usr/share/fonts/truetype/fonts-orya-extra/utkal.ttf', name='ori1Uni', style='normal', variant='normal', weight=500, stretch='normal', size='scalable')) = 10.145
12:10:04 DEBUG findfont: score(FontEntry(fname='/usr/share/fonts/truetype/tlwg/Kinnari-Bold.ttf', name='Kinnari', style='normal', variant='normal', weight=700, stretch='normal', size='scalable')) = 10.335
12:10:04 DEBUG findfont: score(FontEntry(fname='/usr/share/fonts/truetype/tlwg/Sawasdee.ttf', name='Sawasdee', style='normal', variant='normal', weight=400, stretch='normal', size='scalable')) = 10.05
12:10:04 DEBUG findfont: score(FontEntry(fname='/usr/share/fonts/truetype/tlwg/TlwgTypist-Bold.ttf', name='Tlwg Typist', style='normal', variant='normal', weight=700, stretch='normal', size='scalable')) = 10.335
12:10:04 DEBUG findfont: score(FontEntry(fname='/usr/share/fonts/truetype/tlwg/Umpush-LightOblique.ttf', name='Umpush', style='oblique', variant='normal', weight=300, stretch='normal', size='scalable')) = 11.145
12:10:04 DEBUG findfont: score(FontEntry(fname='/usr/share/fonts/truetype/fonts-deva-extra/chandas1-2.ttf', name='Chandas', style='normal', variant='normal', weight=400, stretch='normal', size='scalable')) = 10.05
12:10:04 DEBUG findfont: score(FontEntry(fname='/usr/share/fonts/truetype/dejavu/DejaVuSans-BoldOblique.ttf', name='DejaVu Sans', style='oblique', variant='normal', weight=700, stretch='normal', size='scalable')) = 1.335
12:10:04 DEBUG findfont: score(FontEntry(fname='/usr/share/fonts/truetype/kacst/KacstTitle.ttf', name='KacstTitle', style='normal', variant='normal', weight=500, stretch='normal', size='scalable')) = 10.145
12:10:04 DEBUG findfont: score(FontEntry(fname='/usr/share/fonts/truetype/fonts-deva-extra/kalimati.ttf', name='Kalimati', style='normal', variant='normal', weight=400, stretch='normal', size='scalable')) = 10.05
12:10:04 DEBUG findfont: score(FontEntry(fname='/usr/share/fonts/truetype/tlwg/Kinnari.ttf', name='Kinnari', style='normal', variant='normal', weight=400, stretch='normal', size='scalable')) = 10.05
12:10:04 DEBUG findfont: score(FontEntry(fname='/usr/share/fonts/truetype/tlwg/Loma-BoldOblique.ttf', name='Loma', style='oblique', variant='normal', weight=700, stretch='normal', size='scalable')) = 11.335
12:10:04 DEBUG findfont: score(FontEntry(fname='/usr/share/fonts/truetype/dejavu/DejaVuSerifCondensed-BoldItalic.ttf', name='DejaVu Serif', style='italic', variant='normal', weight=700, stretch='condensed', size='scalable')) = 11.535
12:10:04 DEBUG findfont: score(FontEntry(fname='/usr/share/fonts/opentype/urw-base35/URWGothic-BookOblique.otf', name='URW Gothic', style='oblique', variant='normal', weight=400, stretch='normal', size='scalable')) = 11.05
12:10:04 DEBUG findfont: score(FontEntry(fname='/usr/share/fonts/truetype/lyx/cmr10.ttf', name='cmr10', style='normal', variant='normal', weight=400, stretch='normal', size='scalable')) = 10.05
12:10:04 DEBUG findfont: score(FontEntry(fname='/usr/share/fonts/opentype/malayalam/Manjari-Bold.otf', name='Manjari', style='normal', variant='normal', weight=700, stretch='normal', size='scalable')) = 10.335
12:10:04 DEBUG findfont: score(FontEntry(fname='/usr/share/fonts/truetype/tlwg/Umpush-Oblique.ttf', name='Umpush', style='oblique', variant='normal', weight=400, stretch='normal', size='scalable')) = 11.05
12:10:04 DEBUG findfont: score(FontEntry(fname='/usr/share/fonts/truetype/tlwg/Loma-Bold.ttf', name='Loma', style='normal', variant='normal', weight=700, stretch='normal', size='scalable')) = 10.335
12:10:04 DEBUG findfont: score(FontEntry(fname='/usr/share/fonts/opentype/urw-base35/NimbusSansNarrow-Bold.otf', name='Nimbus Sans Narrow', style='normal', variant='normal', weight=700, stretch='condensed', size='scalable')) = 10.535
12:10:04 DEBUG findfont: score(FontEntry(fname='/usr/share/fonts/truetype/liberation/LiberationSerif-Italic.ttf', name='Liberation Serif', style='italic', variant='normal', weight=400, stretch='normal', size='scalable')) = 11.05
12:10:04 DEBUG findfont: score(FontEntry(fname='/usr/share/fonts/truetype/ttf-bitstream-vera/VeraMoBI.ttf', name='Bitstream Vera Sans Mono', style='oblique', variant='normal', weight=700, stretch='normal', size='scalable')) = 11.335
12:10:04 DEBUG findfont: score(FontEntry(fname='/usr/share/fonts/truetype/liberation/LiberationMono-Italic.ttf', name='Liberation Mono', style='italic', variant='normal', weight=400, stretch='normal', size='scalable')) = 11.05
12:10:04 DEBUG findfont: score(FontEntry(fname='/usr/share/fonts/truetype/dejavu/DejaVuSerifCondensed-Bold.ttf', name='DejaVu Serif', style='normal', variant='normal', weight=700, stretch='condensed', size='scalable')) = 10.535
12:10:04 DEBUG findfont: score(FontEntry(fname='/usr/share/fonts/truetype/dejavu/DejaVuSerifCondensed-Italic.ttf', name='DejaVu Serif', style='italic', variant='normal', weight=400, stretch='condensed', size='scalable')) = 11.25
12:10:04 DEBUG findfont: score(FontEntry(fname='/usr/share/fonts/opentype/urw-base35/NimbusRoman-Bold.otf', name='Nimbus Roman', style='normal', variant='normal', weight=700, stretch='normal', size='scalable')) = 10.335
12:10:04 DEBUG findfont: score(FontEntry(fname='/usr/share/fonts/truetype/lohit-devanagari/Lohit-Devanagari.ttf', name='Lohit Devanagari', style='normal', variant='normal', weight=400, stretch='normal', size='scalable')) = 10.05
12:10:04 DEBUG findfont: score(FontEntry(fname='/usr/share/fonts/truetype/tlwg/Purisa.ttf', name='Purisa', style='normal', variant='normal', weight=400, stretch='normal', size='scalable')) = 10.05
12:10:04 DEBUG findfont: score(FontEntry(fname='/usr/share/fonts/truetype/fonts-beng-extra/JamrulNormal.ttf', name='Jamrul', style='normal', variant='normal', weight=500, stretch='normal', size='scalable')) = 10.145
12:10:04 DEBUG findfont: score(FontEntry(fname='/usr/share/fonts/truetype/liberation2/LiberationSans-Italic.ttf', name='Liberation Sans', style='italic', variant='normal', weight=400, stretch='normal', size='scalable')) = 11.05
12:10:04 DEBUG findfont: score(FontEntry(fname='/usr/share/fonts/truetype/ttf-bitstream-vera/Vera.ttf', name='Bitstream Vera Sans', style='normal', variant='normal', weight=400, stretch='normal', size='scalable')) = 0.9590909090909092
12:10:04 DEBUG findfont: score(FontEntry(fname='/usr/share/fonts/truetype/tlwg/Purisa-Oblique.ttf', name='Purisa', style='oblique', variant='normal', weight=400, stretch='normal', size='scalable')) = 11.05
12:10:04 DEBUG findfont: score(FontEntry(fname='/usr/share/fonts/opentype/noto/NotoSerifCJK-Bold.ttc', name='Noto Serif CJK JP', style='normal', variant='normal', weight=700, stretch='normal', size='scalable')) = 10.335
12:10:04 DEBUG findfont: score(FontEntry(fname='/usr/share/fonts/truetype/fonts-beng-extra/LikhanNormal.ttf', name='Likhan', style='normal', variant='normal', weight=500, stretch='normal', size='scalable')) = 10.145
12:10:04 DEBUG findfont: score(FontEntry(fname='/usr/share/fonts/truetype/ttf-khmeros-core/KhmerOS.ttf', name='Khmer OS', style='normal', variant='normal', weight=400, stretch='normal', size='scalable')) = 10.05
12:10:04 DEBUG findfont: score(FontEntry(fname='/usr/share/fonts/opentype/urw-base35/NimbusRoman-Regular.otf', name='Nimbus Roman', style='normal', variant='normal', weight=400, stretch='normal', size='scalable')) = 10.05
12:10:04 DEBUG findfont: score(FontEntry(fname='/usr/share/fonts/truetype/tlwg/Norasi-Oblique.ttf', name='Norasi', style='oblique', variant='normal', weight=400, stretch='normal', size='scalable')) = 11.05
12:10:04 DEBUG findfont: score(FontEntry(fname='/usr/share/fonts/truetype/tlwg/TlwgTypewriter-BoldOblique.ttf', name='Tlwg Typewriter', style='oblique', variant='normal', weight=700, stretch='normal', size='scalable')) = 11.335
12:10:04 DEBUG findfont: score(FontEntry(fname='/usr/share/fonts/truetype/lohit-assamese/Lohit-Assamese.ttf', name='Lohit Assamese', style='normal', variant='normal', weight=400, stretch='normal', size='scalable')) = 10.05
12:10:04 DEBUG findfont: score(FontEntry(fname='/usr/share/fonts/truetype/fonts-yrsa-rasa/Rasa-SemiBold.ttf', name='Rasa', style='normal', variant='normal', weight=600, stretch='normal', size='scalable')) = 10.24
12:10:04 DEBUG findfont: score(FontEntry(fname='/usr/share/fonts/truetype/noto/NotoMono-Regular.ttf', name='Noto Mono', style='normal', variant='normal', weight=400, stretch='normal', size='scalable')) = 10.05
12:10:04 DEBUG findfont: score(FontEntry(fname='/usr/share/fonts/opentype/urw-base35/P052-BoldItalic.otf', name='P052', style='italic', variant='normal', weight=700, stretch='normal', size='scalable')) = 11.335
12:10:04 DEBUG findfont: score(FontEntry(fname='/usr/share/fonts/truetype/kacst/KacstQurn.ttf', name='KacstQurn', style='normal', variant='normal', weight=400, stretch='normal', size='scalable')) = 10.05
12:10:04 DEBUG findfont: score(FontEntry(fname='/usr/share/fonts/truetype/freefont/FreeSansOblique.ttf', name='FreeSans', style='oblique', variant='normal', weight=400, stretch='normal', size='scalable')) = 11.05
12:10:04 DEBUG findfont: score(FontEntry(fname='/usr/share/fonts/truetype/dejavu/DejaVuSerif-Bold.ttf', name='DejaVu Serif', style='normal', variant='normal', weight=700, stretch='normal', size='scalable')) = 10.335
12:10:04 DEBUG findfont: score(FontEntry(fname='/usr/share/fonts/truetype/tlwg/Waree-Oblique.ttf', name='Waree', style='oblique', variant='normal', weight=400, stretch='normal', size='scalable')) = 11.05
12:10:04 DEBUG findfont: score(FontEntry(fname='/usr/share/fonts/opentype/urw-base35/NimbusRoman-BoldItalic.otf', name='Nimbus Roman', style='italic', variant='normal', weight=700, stretch='normal', size='scalable')) = 11.335
12:10:04 DEBUG findfont: score(FontEntry(fname='/usr/share/fonts/truetype/ttf-bitstream-vera/VeraMono.ttf', name='Bitstream Vera Sans Mono', style='normal', variant='normal', weight=400, stretch='normal', size='scalable')) = 10.05
12:10:04 DEBUG findfont: score(FontEntry(fname='/usr/share/fonts/truetype/liberation2/LiberationSerif-Regular.ttf', name='Liberation Serif', style='normal', variant='normal', weight=400, stretch='normal', size='scalable')) = 10.05
12:10:04 DEBUG findfont: score(FontEntry(fname='/usr/share/fonts/truetype/Sahadeva/sahadeva.ttf', name='Sahadeva', style='normal', variant='normal', weight=400, stretch='normal', size='scalable')) = 10.05
12:10:04 DEBUG findfont: score(FontEntry(fname='/usr/share/fonts/truetype/samyak-fonts/Samyak-Malayalam.ttf', name='Samyak Malayalam', style='normal', variant='normal', weight=400, stretch='normal', size='scalable')) = 10.05
12:10:04 DEBUG findfont: score(FontEntry(fname='/usr/share/fonts/truetype/kacst/KacstLetter.ttf', name='KacstLetter', style='normal', variant='normal', weight=500, stretch='normal', size='scalable')) = 10.145
12:10:04 DEBUG findfont: score(FontEntry(fname='/usr/share/fonts/truetype/liberation2/LiberationMono-BoldItalic.ttf', name='Liberation Mono', style='italic', variant='normal', weight=700, stretch='normal', size='scalable')) = 11.335
12:10:04 DEBUG findfont: score(FontEntry(fname='/usr/share/fonts/opentype/urw-base35/URWBookman-Demi.otf', name='URW Bookman', style='normal', variant='normal', weight=600, stretch='normal', size='scalable')) = 10.24
12:10:04 DEBUG findfont: score(FontEntry(fname='/usr/share/fonts/opentype/urw-base35/D050000L.otf', name='D050000L', style='normal', variant='normal', weight=400, stretch='normal', size='scalable')) = 10.05
12:10:04 DEBUG findfont: score(FontEntry(fname='/usr/share/fonts/truetype/liberation2/LiberationSans-Regular.ttf', name='Liberation Sans', style='normal', variant='normal', weight=400, stretch='normal', size='scalable')) = 10.05
12:10:04 DEBUG findfont: score(FontEntry(fname='/usr/share/fonts/truetype/tlwg/TlwgMono.ttf', name='Tlwg Mono', style='normal', variant='normal', weight=400, stretch='normal', size='scalable')) = 10.05
12:10:04 DEBUG findfont: score(FontEntry(fname='/usr/share/fonts/truetype/fonts-yrsa-rasa/Yrsa-Medium.ttf', name='Yrsa', style='normal', variant='normal', weight=500, stretch='normal', size='scalable')) = 10.145
12:10:04 DEBUG findfont: score(FontEntry(fname='/usr/share/fonts/truetype/freefont/FreeSerif.ttf', name='FreeSerif', style='normal', variant='normal', weight=400, stretch='normal', size='scalable')) = 10.05
12:10:04 DEBUG findfont: score(FontEntry(fname='/usr/share/fonts/truetype/lohit-kannada/Lohit-Kannada.ttf', name='Lohit Kannada', style='normal', variant='normal', weight=400, stretch='normal', size='scalable')) = 10.05
12:10:04 DEBUG findfont: score(FontEntry(fname='/usr/share/fonts/truetype/dejavu/DejaVuSansMono.ttf', name='DejaVu Sans Mono', style='normal', variant='normal', weight=400, stretch='normal', size='scalable')) = 10.05
12:10:04 DEBUG findfont: score(FontEntry(fname='/usr/share/fonts/truetype/lyx/cmex10.ttf', name='cmex10', style='normal', variant='normal', weight=400, stretch='normal', size='scalable')) = 10.05
12:10:04 DEBUG findfont: score(FontEntry(fname='/usr/share/fonts/truetype/malayalam/Rachana-Regular.ttf', name='Rachana', style='normal', variant='normal', weight=400, stretch='normal', size='scalable')) = 10.05
12:10:04 DEBUG findfont: score(FontEntry(fname='/usr/share/fonts/truetype/ttf-bitstream-vera/VeraSe.ttf', name='Bitstream Vera Serif', style='normal', variant='normal', weight=400, stretch='normal', size='scalable')) = 10.05
12:10:04 DEBUG findfont: score(FontEntry(fname='/usr/share/fonts/truetype/samyak/Samyak-Devanagari.ttf', name='Samyak Devanagari', style='normal', variant='normal', weight=500, stretch='normal', size='scalable')) = 10.145
12:10:04 DEBUG findfont: score(FontEntry(fname='/usr/share/fonts/truetype/fonts-yrsa-rasa/Rasa-Regular.ttf', name='Rasa', style='normal', variant='normal', weight=400, stretch='normal', size='scalable')) = 10.05
12:10:04 DEBUG findfont: score(FontEntry(fname='/usr/share/fonts/truetype/liberation/LiberationSansNarrow-BoldItalic.ttf', name='Liberation Sans Narrow', style='italic', variant='normal', weight=700, stretch='condensed', size='scalable')) = 11.535
12:10:04 DEBUG findfont: score(FontEntry(fname='/usr/share/fonts/opentype/malayalam/Manjari-Thin.otf', name='Manjari', style='normal', variant='normal', weight=100, stretch='normal', size='scalable')) = 10.335
12:10:04 DEBUG findfont: score(FontEntry(fname='/usr/share/fonts/truetype/dejavu/DejaVuSans-ExtraLight.ttf', name='DejaVu Sans', style='normal', variant='normal', weight=200, stretch='normal', size='scalable')) = 0.24
12:10:04 DEBUG findfont: score(FontEntry(fname='/usr/share/fonts/truetype/dejavu/DejaVuSansCondensed-Oblique.ttf', name='DejaVu Sans', style='oblique', variant='normal', weight=400, stretch='condensed', size='scalable')) = 1.25
12:10:04 DEBUG findfont: score(FontEntry(fname='/usr/share/fonts/truetype/padauk/PadaukBook-Regular.ttf', name='Padauk Book', style='normal', variant='normal', weight=400, stretch='normal', size='scalable')) = 10.05
12:10:04 DEBUG findfont: score(FontEntry(fname='/usr/share/fonts/truetype/Sarai/Sarai.ttf', name='Sarai', style='normal', variant='normal', weight=400, stretch='normal', size='scalable')) = 10.05
12:10:04 DEBUG findfont: score(FontEntry(fname='/usr/share/fonts/truetype/tlwg/Umpush.ttf', name='Umpush', style='normal', variant='normal', weight=400, stretch='normal', size='scalable')) = 10.05
12:10:04 DEBUG findfont: score(FontEntry(fname='/usr/share/fonts/truetype/tlwg/Waree.ttf', name='Waree', style='normal', variant='normal', weight=400, stretch='normal', size='scalable')) = 10.05
12:10:04 DEBUG findfont: score(FontEntry(fname='/usr/share/fonts/opentype/urw-base35/NimbusMonoPS-BoldItalic.otf', name='Nimbus Mono PS', style='italic', variant='normal', weight=700, stretch='normal', size='scalable')) = 11.335
12:10:04 DEBUG findfont: score(FontEntry(fname='/usr/share/fonts/truetype/tlwg/Norasi-BoldItalic.ttf', name='Norasi', style='italic', variant='normal', weight=700, stretch='normal', size='scalable')) = 11.335
12:10:04 DEBUG findfont: score(FontEntry(fname='/usr/share/fonts/truetype/lyx/msam10.ttf', name='msam10', style='normal', variant='normal', weight=400, stretch='normal', size='scalable')) = 10.05
12:10:04 DEBUG findfont: score(FontEntry(fname='/usr/share/fonts/truetype/malayalam/Keraleeyam-Regular.ttf', name='Keraleeyam', style='normal', variant='normal', weight=400, stretch='normal', size='scalable')) = 10.05
12:10:04 DEBUG findfont: score(FontEntry(fname='/usr/share/fonts/truetype/liberation/LiberationSans-Italic.ttf', name='Liberation Sans', style='italic', variant='normal', weight=400, stretch='normal', size='scalable')) = 11.05
12:10:04 DEBUG findfont: score(FontEntry(fname='/usr/share/fonts/truetype/fonts-kalapi/Kalapi.ttf', name='Kalapi', style='normal', variant='normal', weight=400, stretch='normal', size='scalable')) = 10.05
12:10:04 DEBUG findfont: score(FontEntry(fname='/usr/share/fonts/truetype/tlwg/Umpush-Bold.ttf', name='Umpush', style='normal', variant='normal', weight=700, stretch='normal', size='scalable')) = 10.335
12:10:04 DEBUG findfont: score(FontEntry(fname='/usr/share/fonts/truetype/ttf-bitstream-vera/VeraSeBd.ttf', name='Bitstream Vera Serif', style='normal', variant='normal', weight=700, stretch='normal', size='scalable')) = 10.335
12:10:04 DEBUG findfont: score(FontEntry(fname='/usr/share/fonts/truetype/tlwg/Kinnari-Italic.ttf', name='Kinnari', style='italic', variant='normal', weight=400, stretch='normal', size='scalable')) = 11.05
12:10:04 DEBUG findfont: score(FontEntry(fname='/usr/share/fonts/truetype/liberation/LiberationSans-Regular.ttf', name='Liberation Sans', style='normal', variant='normal', weight=400, stretch='normal', size='scalable')) = 10.05
12:10:04 DEBUG findfont: score(FontEntry(fname='/usr/share/fonts/truetype/liberation2/LiberationMono-Italic.ttf', name='Liberation Mono', style='italic', variant='normal', weight=400, stretch='normal', size='scalable')) = 11.05
12:10:04 DEBUG findfont: score(FontEntry(fname='/usr/share/fonts/truetype/liberation/LiberationMono-Regular.ttf', name='Liberation Mono', style='normal', variant='normal', weight=400, stretch='normal', size='scalable')) = 10.05
12:10:04 DEBUG findfont: score(FontEntry(fname='/usr/share/fonts/truetype/fonts-telu-extra/vemana2000.ttf', name='Vemana2000', style='normal', variant='normal', weight=400, stretch='normal', size='scalable')) = 10.05
12:10:04 DEBUG findfont: score(FontEntry(fname='/usr/share/fonts/truetype/freefont/FreeSansBoldOblique.ttf', name='FreeSans', style='oblique', variant='normal', weight=600, stretch='normal', size='scalable')) = 11.24
12:10:04 DEBUG findfont: score(FontEntry(fname='/usr/share/fonts/truetype/tlwg/Kinnari-BoldOblique.ttf', name='Kinnari', style='oblique', variant='normal', weight=700, stretch='normal', size='scalable')) = 11.335
12:10:04 DEBUG findfont: score(FontEntry(fname='/usr/share/fonts/truetype/tlwg/Norasi.ttf', name='Norasi', style='normal', variant='normal', weight=400, stretch='normal', size='scalable')) = 10.05
12:10:04 DEBUG findfont: score(FontEntry(fname='/usr/share/fonts/truetype/fonts-gujr-extra/Rekha.ttf', name='Rekha', style='normal', variant='normal', weight=500, stretch='normal', size='scalable')) = 10.145
12:10:04 DEBUG findfont: score(FontEntry(fname='/usr/share/fonts/opentype/urw-base35/C059-Italic.otf', name='C059', style='italic', variant='normal', weight=400, stretch='normal', size='scalable')) = 11.05
12:10:04 DEBUG findfont: score(FontEntry(fname='/usr/share/fonts/truetype/lohit-punjabi/Lohit-Gurmukhi.ttf', name='Lohit Gurmukhi', style='normal', variant='normal', weight=400, stretch='normal', size='scalable')) = 10.05
12:10:04 DEBUG findfont: score(FontEntry(fname='/usr/share/fonts/truetype/tlwg/Sawasdee-Oblique.ttf', name='Sawasdee', style='oblique', variant='normal', weight=400, stretch='normal', size='scalable')) = 11.05
12:10:04 DEBUG findfont: score(FontEntry(fname='/usr/share/fonts/opentype/urw-base35/URWGothic-Book.otf', name='URW Gothic', style='normal', variant='normal', weight=400, stretch='normal', size='scalable')) = 10.05
12:10:04 DEBUG findfont: score(FontEntry(fname='/usr/share/fonts/truetype/samyak-fonts/Samyak-Tamil.ttf', name='Samyak Tamil', style='normal', variant='normal', weight=500, stretch='normal', size='scalable')) = 10.145
12:10:04 DEBUG findfont: score(FontEntry(fname='/usr/share/fonts/truetype/freefont/FreeSerifBoldItalic.ttf', name='FreeSerif', style='italic', variant='normal', weight=700, stretch='normal', size='scalable')) = 11.335
12:10:04 DEBUG findfont: score(FontEntry(fname='/usr/share/fonts/truetype/kacst-one/KacstOne-Bold.ttf', name='KacstOne', style='normal', variant='normal', weight=700, stretch='normal', size='scalable')) = 10.335
12:10:04 DEBUG findfont: score(FontEntry(fname='/usr/share/fonts/opentype/noto/NotoSerifCJK-Regular.ttc', name='Noto Serif CJK JP', style='normal', variant='normal', weight=400, stretch='normal', size='scalable')) = 10.05
12:10:04 DEBUG findfont: score(FontEntry(fname='/usr/share/fonts/truetype/kacst/KacstFarsi.ttf', name='KacstFarsi', style='normal', variant='normal', weight=500, stretch='normal', size='scalable')) = 10.145
12:10:04 DEBUG findfont: score(FontEntry(fname='/usr/share/fonts/truetype/lohit-malayalam/Lohit-Malayalam.ttf', name='Lohit Malayalam', style='normal', variant='normal', weight=400, stretch='normal', size='scalable')) = 10.05
12:10:04 DEBUG findfont: score(FontEntry(fname='/usr/share/fonts/truetype/fonts-yrsa-rasa/Rasa-Bold.ttf', name='Rasa', style='normal', variant='normal', weight=700, stretch='normal', size='scalable')) = 10.335
12:10:04 DEBUG findfont: score(FontEntry(fname='/usr/share/fonts/truetype/fonts-beng-extra/mitra.ttf', name='Mitra Mono', style='normal', variant='normal', weight=400, stretch='normal', size='scalable')) = 10.05
12:10:04 DEBUG findfont: score(FontEntry(fname='/usr/share/fonts/truetype/dejavu/DejaVuMathTeXGyre.ttf', name='DejaVu Math TeX Gyre', style='normal', variant='normal', weight=400, stretch='normal', size='scalable')) = 10.05
12:10:04 DEBUG findfont: score(FontEntry(fname='/usr/share/fonts/truetype/kacst/KacstDecorative.ttf', name='KacstDecorative', style='normal', variant='normal', weight=500, stretch='normal', size='scalable')) = 10.145
12:10:04 DEBUG findfont: score(FontEntry(fname='/usr/share/fonts/truetype/liberation2/LiberationSerif-Bold.ttf', name='Liberation Serif', style='normal', variant='normal', weight=700, stretch='normal', size='scalable')) = 10.335
12:10:04 DEBUG findfont: score(FontEntry(fname='/usr/share/fonts/truetype/tlwg/TlwgTypist-Oblique.ttf', name='Tlwg Typist', style='oblique', variant='normal', weight=400, stretch='normal', size='scalable')) = 11.05
12:10:04 DEBUG findfont: score(FontEntry(fname='/usr/share/fonts/truetype/droid/DroidSansFallbackFull.ttf', name='Droid Sans Fallback', style='normal', variant='normal', weight=400, stretch='normal', size='scalable')) = 10.05
12:10:04 DEBUG findfont: score(FontEntry(fname='/usr/share/fonts/opentype/malayalam/Gayathri-Bold.otf', name='Gayathri', style='normal', variant='normal', weight=700, stretch='normal', size='scalable')) = 10.335
12:10:04 DEBUG findfont: score(FontEntry(fname='/usr/share/fonts/opentype/urw-base35/P052-Roman.otf', name='P052', style='normal', variant='normal', weight=400, stretch='normal', size='scalable')) = 10.05
12:10:04 DEBUG findfont: score(FontEntry(fname='/usr/share/fonts/truetype/tlwg/Laksaman-Italic.ttf', name='Laksaman', style='italic', variant='normal', weight=400, stretch='normal', size='scalable')) = 11.05
12:10:04 DEBUG findfont: score(FontEntry(fname='/usr/share/fonts/opentype/malayalam/Gayathri-Regular.otf', name='Gayathri', style='normal', variant='normal', weight=400, stretch='normal', size='scalable')) = 10.05
12:10:04 DEBUG findfont: score(FontEntry(fname='/usr/share/fonts/truetype/pagul/Pagul.ttf', name='Pagul', style='normal', variant='normal', weight=400, stretch='normal', size='scalable')) = 10.05
12:10:04 DEBUG findfont: score(FontEntry(fname='/usr/share/fonts/opentype/urw-base35/Z003-MediumItalic.otf', name='Z003', style='italic', variant='normal', weight=500, stretch='normal', size='scalable')) = 11.145
12:10:04 DEBUG findfont: score(FontEntry(fname='/usr/share/fonts/truetype/tlwg/Sawasdee-BoldOblique.ttf', name='Sawasdee', style='oblique', variant='normal', weight=700, stretch='normal', size='scalable')) = 11.335
12:10:04 DEBUG findfont: score(FontEntry(fname='/usr/share/fonts/truetype/liberation/LiberationSans-BoldItalic.ttf', name='Liberation Sans', style='italic', variant='normal', weight=700, stretch='normal', size='scalable')) = 11.335
12:10:04 DEBUG findfont: score(FontEntry(fname='/usr/share/fonts/opentype/urw-base35/URWGothic-Demi.otf', name='URW Gothic', style='normal', variant='normal', weight=600, stretch='normal', size='scalable')) = 10.24
12:10:04 DEBUG findfont: score(FontEntry(fname='/usr/share/fonts/truetype/dejavu/DejaVuSansMono-Oblique.ttf', name='DejaVu Sans Mono', style='oblique', variant='normal', weight=400, stretch='normal', size='scalable')) = 11.05
12:10:04 DEBUG findfont: score(FontEntry(fname='/usr/share/fonts/truetype/padauk/PadaukBook-Bold.ttf', name='Padauk Book', style='normal', variant='normal', weight=700, stretch='normal', size='scalable')) = 10.335
12:10:04 DEBUG findfont: score(FontEntry(fname='/usr/share/fonts/truetype/tlwg/TlwgTypewriter-Oblique.ttf', name='Tlwg Typewriter', style='oblique', variant='normal', weight=400, stretch='normal', size='scalable')) = 11.05
12:10:04 DEBUG findfont: score(FontEntry(fname='/usr/share/fonts/truetype/liberation/LiberationSerif-Bold.ttf', name='Liberation Serif', style='normal', variant='normal', weight=700, stretch='normal', size='scalable')) = 10.335
12:10:04 DEBUG findfont: score(FontEntry(fname='/usr/share/fonts/opentype/urw-base35/NimbusSansNarrow-Oblique.otf', name='Nimbus Sans Narrow', style='oblique', variant='normal', weight=400, stretch='condensed', size='scalable')) = 11.25
12:10:04 DEBUG findfont: score(FontEntry(fname='/usr/share/fonts/truetype/fonts-yrsa-rasa/Yrsa-Bold.ttf', name='Yrsa', style='normal', variant='normal', weight=700, stretch='normal', size='scalable')) = 10.335
12:10:04 DEBUG findfont: score(FontEntry(fname='/usr/share/fonts/opentype/urw-base35/URWBookman-LightItalic.otf', name='URW Bookman', style='italic', variant='normal', weight=300, stretch='normal', size='scalable')) = 11.145
12:10:04 DEBUG findfont: score(FontEntry(fname='/usr/share/fonts/truetype/freefont/FreeMonoOblique.ttf', name='FreeMono', style='oblique', variant='normal', weight=400, stretch='normal', size='scalable')) = 11.05
12:10:04 DEBUG findfont: score(FontEntry(fname='/usr/share/fonts/truetype/dejavu/DejaVuSansMono-BoldOblique.ttf', name='DejaVu Sans Mono', style='oblique', variant='normal', weight=700, stretch='normal', size='scalable')) = 11.335
12:10:04 DEBUG findfont: score(FontEntry(fname='/usr/share/fonts/truetype/tlwg/TlwgTypo-Bold.ttf', name='Tlwg Typo', style='normal', variant='normal', weight=700, stretch='normal', size='scalable')) = 10.335
12:10:04 DEBUG findfont: score(FontEntry(fname='/usr/share/fonts/truetype/ubuntu/Ubuntu-L.ttf', name='Ubuntu', style='normal', variant='normal', weight=300, stretch='normal', size='scalable')) = 10.145
12:10:04 DEBUG findfont: score(FontEntry(fname='/usr/share/fonts/truetype/fonts-telu-extra/Pothana2000.ttf', name='Pothana2000', style='normal', variant='normal', weight=400, stretch='normal', size='scalable')) = 10.05
12:10:04 DEBUG findfont: score(FontEntry(fname='/usr/share/fonts/truetype/lyx/wasy10.ttf', name='wasy10', style='normal', variant='normal', weight=400, stretch='normal', size='scalable')) = 10.05
12:10:04 DEBUG findfont: score(FontEntry(fname='/usr/share/fonts/truetype/lohit-bengali/Lohit-Bengali.ttf', name='Lohit Bengali', style='normal', variant='normal', weight=400, stretch='normal', size='scalable')) = 10.05
12:10:04 DEBUG findfont: score(FontEntry(fname='/usr/share/fonts/truetype/liberation2/LiberationSans-BoldItalic.ttf', name='Liberation Sans', style='italic', variant='normal', weight=700, stretch='normal', size='scalable')) = 11.335
12:10:04 DEBUG findfont: score(FontEntry(fname='/usr/share/fonts/opentype/urw-base35/NimbusMonoPS-Bold.otf', name='Nimbus Mono PS', style='normal', variant='normal', weight=700, stretch='normal', size='scalable')) = 10.335
12:10:04 DEBUG findfont: score(FontEntry(fname='/usr/share/fonts/truetype/liberation/LiberationSerif-Regular.ttf', name='Liberation Serif', style='normal', variant='normal', weight=400, stretch='normal', size='scalable')) = 10.05
12:10:04 DEBUG findfont: score(FontEntry(fname='/usr/share/fonts/truetype/kacst/KacstTitleL.ttf', name='KacstTitleL', style='normal', variant='normal', weight=400, stretch='normal', size='scalable')) = 10.05
12:10:04 DEBUG findfont: score(FontEntry(fname='/usr/share/fonts/truetype/tlwg/Kinnari-Oblique.ttf', name='Kinnari', style='oblique', variant='normal', weight=400, stretch='normal', size='scalable')) = 11.05
12:10:04 DEBUG findfont: score(FontEntry(fname='/usr/share/fonts/truetype/kacst/KacstDigital.ttf', name='KacstDigital', style='normal', variant='normal', weight=500, stretch='normal', size='scalable')) = 10.145
12:10:04 DEBUG findfont: score(FontEntry(fname='/usr/share/fonts/truetype/freefont/FreeSansBold.ttf', name='FreeSans', style='normal', variant='normal', weight=600, stretch='normal', size='scalable')) = 10.24
12:10:04 DEBUG findfont: score(FontEntry(fname='/usr/share/fonts/truetype/malayalam/RaghuMalayalamSans-Regular.ttf', name='RaghuMalayalamSans', style='normal', variant='normal', weight=400, stretch='normal', size='scalable')) = 10.05
12:10:04 DEBUG findfont: score(FontEntry(fname='/usr/share/fonts/opentype/noto/NotoSansCJK-Regular.ttc', name='Noto Sans CJK JP', style='normal', variant='normal', weight=400, stretch='normal', size='scalable')) = 10.05
12:10:04 DEBUG findfont: score(FontEntry(fname='/usr/share/fonts/truetype/ubuntu/Ubuntu-MI.ttf', name='Ubuntu', style='italic', variant='normal', weight=500, stretch='normal', size='scalable')) = 11.145
12:10:04 DEBUG findfont: score(FontEntry(fname='/usr/share/fonts/truetype/tlwg/Garuda-Oblique.ttf', name='Garuda', style='oblique', variant='normal', weight=400, stretch='normal', size='scalable')) = 11.05
12:10:04 DEBUG findfont: score(FontEntry(fname='/usr/share/fonts/truetype/tlwg/Sawasdee-Bold.ttf', name='Sawasdee', style='normal', variant='normal', weight=700, stretch='normal', size='scalable')) = 10.335
12:10:04 DEBUG findfont: score(FontEntry(fname='/usr/share/fonts/truetype/freefont/FreeSerifItalic.ttf', name='FreeSerif', style='italic', variant='normal', weight=400, stretch='normal', size='scalable')) = 11.05
12:10:04 DEBUG findfont: score(FontEntry(fname='/usr/share/fonts/truetype/liberation2/LiberationSerif-Italic.ttf', name='Liberation Serif', style='italic', variant='normal', weight=400, stretch='normal', size='scalable')) = 11.05
12:10:04 DEBUG findfont: score(FontEntry(fname='/usr/share/fonts/truetype/tlwg/Umpush-Light.ttf', name='Umpush', style='normal', variant='normal', weight=300, stretch='normal', size='scalable')) = 10.145
12:10:04 DEBUG findfont: score(FontEntry(fname='/usr/share/fonts/opentype/urw-base35/NimbusRoman-Italic.otf', name='Nimbus Roman', style='italic', variant='normal', weight=400, stretch='normal', size='scalable')) = 11.05
12:10:04 DEBUG findfont: score(FontEntry(fname='/usr/share/fonts/truetype/tlwg/Garuda-Bold.ttf', name='Garuda', style='normal', variant='normal', weight=700, stretch='normal', size='scalable')) = 10.335
12:10:04 DEBUG findfont: score(FontEntry(fname='/usr/share/fonts/truetype/dejavu/DejaVuSans-Bold.ttf', name='DejaVu Sans', style='normal', variant='normal', weight=700, stretch='normal', size='scalable')) = 0.33499999999999996
12:10:04 DEBUG findfont: score(FontEntry(fname='/usr/share/fonts/truetype/fonts-yrsa-rasa/Rasa-Medium.ttf', name='Rasa', style='normal', variant='normal', weight=500, stretch='normal', size='scalable')) = 10.145
12:10:04 DEBUG findfont: score(FontEntry(fname='/usr/share/fonts/truetype/freefont/FreeMono.ttf', name='FreeMono', style='normal', variant='normal', weight=400, stretch='normal', size='scalable')) = 10.05
12:10:04 DEBUG findfont: score(FontEntry(fname='/usr/share/fonts/truetype/tlwg/Laksaman-BoldItalic.ttf', name='Laksaman', style='italic', variant='normal', weight=700, stretch='normal', size='scalable')) = 11.335
12:10:04 DEBUG findfont: score(FontEntry(fname='/usr/share/fonts/truetype/ttf-bitstream-vera/VeraBd.ttf', name='Bitstream Vera Sans', style='normal', variant='normal', weight=700, stretch='normal', size='scalable')) = 1.2440909090909091
12:10:04 DEBUG findfont: score(FontEntry(fname='/usr/share/fonts/truetype/lyx/rsfs10.ttf', name='rsfs10', style='italic', variant='normal', weight=400, stretch='normal', size='scalable')) = 11.05
12:10:04 DEBUG findfont: score(FontEntry(fname='/usr/share/fonts/truetype/ubuntu/Ubuntu-RI.ttf', name='Ubuntu', style='italic', variant='normal', weight=400, stretch='normal', size='scalable')) = 11.05
12:10:04 DEBUG findfont: score(FontEntry(fname='/usr/share/fonts/truetype/liberation/LiberationMono-Bold.ttf', name='Liberation Mono', style='normal', variant='normal', weight=700, stretch='normal', size='scalable')) = 10.335
12:10:04 DEBUG findfont: score(FontEntry(fname='/usr/share/fonts/truetype/ubuntu/Ubuntu-M.ttf', name='Ubuntu', style='normal', variant='normal', weight=500, stretch='normal', size='scalable')) = 10.145
12:10:04 DEBUG findfont: score(FontEntry(fname='/usr/share/fonts/truetype/kacst/KacstNaskh.ttf', name='KacstNaskh', style='normal', variant='normal', weight=500, stretch='normal', size='scalable')) = 10.145
12:10:04 DEBUG findfont: score(FontEntry(fname='/usr/share/fonts/truetype/tlwg/Laksaman.ttf', name='Laksaman', style='normal', variant='normal', weight=400, stretch='normal', size='scalable')) = 10.05
12:10:04 DEBUG findfont: score(FontEntry(fname='/usr/share/fonts/truetype/kacst/KacstBook.ttf', name='KacstBook', style='normal', variant='normal', weight=500, stretch='normal', size='scalable')) = 10.145
12:10:04 DEBUG findfont: score(FontEntry(fname='/usr/share/fonts/truetype/ubuntu/Ubuntu-B.ttf', name='Ubuntu', style='normal', variant='normal', weight=700, stretch='normal', size='scalable')) = 10.335
12:10:04 DEBUG findfont: score(FontEntry(fname='/usr/share/fonts/truetype/tlwg/Laksaman-Bold.ttf', name='Laksaman', style='normal', variant='normal', weight=700, stretch='normal', size='scalable')) = 10.335
12:10:04 DEBUG findfont: score(FontEntry(fname='/usr/share/fonts/truetype/ubuntu/Ubuntu-R.ttf', name='Ubuntu', style='normal', variant='normal', weight=400, stretch='normal', size='scalable')) = 10.05
12:10:04 DEBUG findfont: score(FontEntry(fname='/usr/share/fonts/truetype/tlwg/TlwgTypo.ttf', name='Tlwg Typo', style='normal', variant='normal', weight=400, stretch='normal', size='scalable')) = 10.05
12:10:04 DEBUG findfont: score(FontEntry(fname='/usr/share/fonts/truetype/kacst/KacstPen.ttf', name='KacstPen', style='normal', variant='normal', weight=500, stretch='normal', size='scalable')) = 10.145
12:10:04 DEBUG findfont: score(FontEntry(fname='/usr/share/fonts/truetype/tlwg/TlwgMono-BoldOblique.ttf', name='Tlwg Mono', style='oblique', variant='normal', weight=700, stretch='normal', size='scalable')) = 11.335
12:10:04 DEBUG findfont: score(FontEntry(fname='/usr/share/fonts/truetype/dejavu/DejaVuSansMono-Bold.ttf', name='DejaVu Sans Mono', style='normal', variant='normal', weight=700, stretch='normal', size='scalable')) = 10.335
12:10:04 DEBUG findfont: score(FontEntry(fname='/usr/share/fonts/truetype/ubuntu/UbuntuMono-BI.ttf', name='Ubuntu Mono', style='italic', variant='normal', weight=700, stretch='normal', size='scalable')) = 11.335
12:10:04 DEBUG findfont: score(FontEntry(fname='/usr/share/fonts/truetype/tlwg/Norasi-BoldOblique.ttf', name='Norasi', style='oblique', variant='normal', weight=700, stretch='normal', size='scalable')) = 11.335
12:10:04 DEBUG findfont: score(FontEntry(fname='/usr/share/fonts/truetype/fonts-yrsa-rasa/Rasa-Light.ttf', name='Rasa', style='normal', variant='normal', weight=300, stretch='normal', size='scalable')) = 10.145
12:10:04 DEBUG findfont: score(FontEntry(fname='/usr/share/fonts/truetype/kacst/mry_KacstQurn.ttf', name='mry_KacstQurn', style='normal', variant='normal', weight=400, stretch='normal', size='scalable')) = 10.05
12:10:04 DEBUG findfont: score(FontEntry(fname='/usr/share/fonts/truetype/malayalam/Karumbi-Regular.ttf', name='Karumbi', style='normal', variant='normal', weight=400, stretch='normal', size='scalable')) = 10.05
12:10:04 DEBUG findfont: score(FontEntry(fname='/usr/share/fonts/opentype/noto/NotoSansCJK-Bold.ttc', name='Noto Sans CJK JP', style='normal', variant='normal', weight=700, stretch='normal', size='scalable')) = 10.335
12:10:04 DEBUG findfont: score(FontEntry(fname='/usr/share/fonts/truetype/tlwg/Umpush-BoldOblique.ttf', name='Umpush', style='oblique', variant='normal', weight=700, stretch='normal', size='scalable')) = 11.335
12:10:04 DEBUG findfont: score(FontEntry(fname='/usr/share/fonts/truetype/lyx/esint10.ttf', name='esint10', style='normal', variant='normal', weight=400, stretch='normal', size='scalable')) = 10.05
12:10:04 DEBUG findfont: score(FontEntry(fname='/usr/share/fonts/truetype/lao/Phetsarath_OT.ttf', name='Phetsarath OT', style='normal', variant='normal', weight=400, stretch='normal', size='scalable')) = 10.05
12:10:04 DEBUG findfont: score(FontEntry(fname='/usr/share/fonts/truetype/lohit-tamil-classical/Lohit-Tamil-Classical.ttf', name='Lohit Tamil Classical', style='normal', variant='normal', weight=400, stretch='normal', size='scalable')) = 10.05
12:10:04 DEBUG findfont: score(FontEntry(fname='/usr/share/fonts/opentype/urw-base35/P052-Italic.otf', name='P052', style='italic', variant='normal', weight=400, stretch='normal', size='scalable')) = 11.05
12:10:04 DEBUG findfont: score(FontEntry(fname='/usr/share/fonts/truetype/tlwg/TlwgMono-Oblique.ttf', name='Tlwg Mono', style='oblique', variant='normal', weight=400, stretch='normal', size='scalable')) = 11.05
12:10:04 DEBUG findfont: score(FontEntry(fname='/usr/share/fonts/truetype/padauk/Padauk-Bold.ttf', name='Padauk', style='normal', variant='normal', weight=700, stretch='normal', size='scalable')) = 10.335
12:10:04 DEBUG findfont: score(FontEntry(fname='/usr/share/fonts/truetype/liberation/LiberationSerif-BoldItalic.ttf', name='Liberation Serif', style='italic', variant='normal', weight=700, stretch='normal', size='scalable')) = 11.335
12:10:04 DEBUG findfont: score(FontEntry(fname='/usr/share/fonts/truetype/malayalam/Uroob-Regular.ttf', name='Uroob', style='normal', variant='normal', weight=400, stretch='normal', size='scalable')) = 10.05
12:10:04 DEBUG findfont: score(FontEntry(fname='/usr/share/fonts/truetype/liberation2/LiberationMono-Regular.ttf', name='Liberation Mono', style='normal', variant='normal', weight=400, stretch='normal', size='scalable')) = 10.05
12:10:04 DEBUG findfont: score(FontEntry(fname='/usr/share/fonts/truetype/fonts-beng-extra/ani.ttf', name='Ani', style='normal', variant='normal', weight=400, stretch='normal', size='scalable')) = 10.05
12:10:04 DEBUG findfont: score(FontEntry(fname='/usr/share/fonts/truetype/ubuntu/Ubuntu-BI.ttf', name='Ubuntu', style='italic', variant='normal', weight=700, stretch='normal', size='scalable')) = 11.335
12:10:04 DEBUG findfont: score(FontEntry(fname='/usr/share/fonts/truetype/fonts-gujr-extra/padmaa-Bold.1.1.ttf', name='padmaa-Bold.1.1', style='normal', variant='normal', weight=700, stretch='normal', size='scalable')) = 10.335
12:10:04 DEBUG findfont: score(FontEntry(fname='/usr/share/fonts/truetype/fonts-beng-extra/MuktiNarrow.ttf', name='Mukti Narrow', style='normal', variant='normal', weight=400, stretch='normal', size='scalable')) = 10.05
12:10:04 DEBUG findfont: score(FontEntry(fname='/usr/share/fonts/truetype/tlwg/Kinnari-BoldItalic.ttf', name='Kinnari', style='italic', variant='normal', weight=700, stretch='normal', size='scalable')) = 11.335
12:10:04 DEBUG findfont: score(FontEntry(fname='/usr/share/fonts/opentype/urw-base35/NimbusSansNarrow-Regular.otf', name='Nimbus Sans Narrow', style='normal', variant='normal', weight=400, stretch='condensed', size='scalable')) = 10.25
12:10:04 DEBUG findfont: score(FontEntry(fname='/usr/share/fonts/truetype/dejavu/DejaVuSansCondensed-BoldOblique.ttf', name='DejaVu Sans', style='oblique', variant='normal', weight=700, stretch='condensed', size='scalable')) = 1.535
12:10:04 DEBUG findfont: score(FontEntry(fname='/usr/share/fonts/truetype/ubuntu/UbuntuMono-B.ttf', name='Ubuntu Mono', style='normal', variant='normal', weight=700, stretch='normal', size='scalable')) = 10.335
12:10:04 DEBUG findfont: score(FontEntry(fname='/usr/share/fonts/opentype/urw-base35/URWBookman-Light.otf', name='URW Bookman', style='normal', variant='normal', weight=300, stretch='normal', size='scalable')) = 10.145
12:10:04 DEBUG findfont: score(FontEntry(fname='/usr/share/fonts/truetype/fonts-yrsa-rasa/Yrsa-Light.ttf', name='Yrsa', style='normal', variant='normal', weight=300, stretch='normal', size='scalable')) = 10.145
12:10:04 DEBUG findfont: score(FontEntry(fname='/usr/share/fonts/truetype/fonts-yrsa-rasa/Yrsa-Regular.ttf', name='Yrsa', style='normal', variant='normal', weight=400, stretch='normal', size='scalable')) = 10.05
12:10:04 DEBUG findfont: score(FontEntry(fname='/usr/share/fonts/truetype/dejavu/DejaVuSansCondensed.ttf', name='DejaVu Sans', style='normal', variant='normal', weight=400, stretch='condensed', size='scalable')) = 0.25
12:10:04 DEBUG findfont: score(FontEntry(fname='/usr/share/fonts/truetype/tlwg/TlwgTypewriter.ttf', name='Tlwg Typewriter', style='normal', variant='normal', weight=400, stretch='normal', size='scalable')) = 10.05
12:10:04 DEBUG findfont: score(FontEntry(fname='/usr/share/fonts/truetype/ttf-bitstream-vera/VeraIt.ttf', name='Bitstream Vera Sans', style='oblique', variant='normal', weight=400, stretch='normal', size='scalable')) = 1.9590909090909092
12:10:04 DEBUG findfont: score(FontEntry(fname='/usr/share/fonts/truetype/lyx/cmsy10.ttf', name='cmsy10', style='normal', variant='normal', weight=400, stretch='normal', size='scalable')) = 10.05
12:10:04 DEBUG findfont: score(FontEntry(fname='/usr/share/fonts/truetype/ubuntu/Ubuntu-LI.ttf', name='Ubuntu', style='italic', variant='normal', weight=300, stretch='normal', size='scalable')) = 11.145
12:10:04 DEBUG findfont: score(FontEntry(fname='/usr/share/fonts/truetype/liberation2/LiberationMono-Bold.ttf', name='Liberation Mono', style='normal', variant='normal', weight=700, stretch='normal', size='scalable')) = 10.335
12:10:04 DEBUG findfont: score(FontEntry(fname='/usr/share/fonts/opentype/urw-base35/URWGothic-DemiOblique.otf', name='URW Gothic', style='oblique', variant='normal', weight=600, stretch='normal', size='scalable')) = 11.24
12:10:04 DEBUG findfont: score(FontEntry(fname='/usr/share/fonts/opentype/urw-base35/NimbusSansNarrow-BoldOblique.otf', name='Nimbus Sans Narrow', style='oblique', variant='normal', weight=700, stretch='condensed', size='scalable')) = 11.535
12:10:04 DEBUG findfont: score(FontEntry(fname='/usr/share/fonts/truetype/malayalam/AnjaliOldLipi-Regular.ttf', name='AnjaliOldLipi', style='normal', variant='normal', weight=400, stretch='normal', size='scalable')) = 10.05
12:10:04 DEBUG findfont: score(FontEntry(fname='/usr/share/fonts/truetype/kacst/KacstOffice.ttf', name='KacstOffice', style='normal', variant='normal', weight=500, stretch='normal', size='scalable')) = 10.145
12:10:04 DEBUG findfont: score(FontEntry(fname='/usr/share/fonts/truetype/liberation/LiberationSans-Bold.ttf', name='Liberation Sans', style='normal', variant='normal', weight=700, stretch='normal', size='scalable')) = 10.335
12:10:04 DEBUG findfont: score(FontEntry(fname='/usr/share/fonts/truetype/tlwg/Garuda-BoldOblique.ttf', name='Garuda', style='oblique', variant='normal', weight=700, stretch='normal', size='scalable')) = 11.335
12:10:04 DEBUG findfont: score(FontEntry(fname='/usr/share/fonts/opentype/urw-base35/URWBookman-DemiItalic.otf', name='URW Bookman', style='italic', variant='normal', weight=600, stretch='normal', size='scalable')) = 11.24
12:10:04 DEBUG findfont: score(FontEntry(fname='/usr/share/fonts/truetype/malayalam/Meera-Regular.ttf', name='Meera', style='normal', variant='normal', weight=400, stretch='normal', size='scalable')) = 10.05
12:10:04 DEBUG findfont: score(FontEntry(fname='/usr/share/fonts/truetype/lyx/stmary10.ttf', name='stmary10', style='normal', variant='normal', weight=400, stretch='normal', size='scalable')) = 10.05
12:10:04 DEBUG findfont: score(FontEntry(fname='/usr/share/fonts/truetype/tlwg/Purisa-BoldOblique.ttf', name='Purisa', style='oblique', variant='normal', weight=700, stretch='normal', size='scalable')) = 11.335
12:10:04 DEBUG findfont: score(FontEntry(fname='/usr/share/fonts/truetype/openoffice/opens___.ttf', name='OpenSymbol', style='normal', variant='normal', weight=400, stretch='normal', size='scalable')) = 10.05
12:10:04 DEBUG findfont: score(FontEntry(fname='/usr/share/fonts/truetype/fonts-gujr-extra/padmaa.ttf', name='padmaa', style='normal', variant='normal', weight=500, stretch='normal', size='scalable')) = 10.145
12:10:04 DEBUG findfont: score(FontEntry(fname='/usr/share/fonts/opentype/urw-base35/NimbusMonoPS-Regular.otf', name='Nimbus Mono PS', style='normal', variant='normal', weight=400, stretch='normal', size='scalable')) = 10.05
12:10:04 DEBUG findfont: score(FontEntry(fname='/usr/share/fonts/truetype/fonts-deva-extra/samanata.ttf', name='Samanata', style='normal', variant='normal', weight=400, stretch='normal', size='scalable')) = 10.05
12:10:04 DEBUG findfont: score(FontEntry(fname='/usr/share/fonts/opentype/urw-base35/NimbusMonoPS-Italic.otf', name='Nimbus Mono PS', style='italic', variant='normal', weight=400, stretch='normal', size='scalable')) = 11.05
12:10:04 DEBUG findfont: score(FontEntry(fname='/usr/share/fonts/truetype/lyx/cmmi10.ttf', name='cmmi10', style='normal', variant='normal', weight=400, stretch='normal', size='scalable')) = 10.05
12:10:04 DEBUG findfont: score(FontEntry(fname='/usr/share/fonts/truetype/fonts-yrsa-rasa/Yrsa-SemiBold.ttf', name='Yrsa', style='normal', variant='normal', weight=600, stretch='normal', size='scalable')) = 10.24
12:10:04 DEBUG findfont: score(FontEntry(fname='/usr/share/fonts/truetype/tlwg/Waree-BoldOblique.ttf', name='Waree', style='oblique', variant='normal', weight=700, stretch='normal', size='scalable')) = 11.335
12:10:04 DEBUG findfont: score(FontEntry(fname='/usr/share/fonts/truetype/tlwg/Waree-Bold.ttf', name='Waree', style='normal', variant='normal', weight=700, stretch='normal', size='scalable')) = 10.335
12:10:04 DEBUG findfont: score(FontEntry(fname='/usr/share/fonts/truetype/fonts-gujr-extra/aakar-medium.ttf', name='aakar', style='normal', variant='normal', weight=500, stretch='normal', size='scalable')) = 10.145
12:10:04 DEBUG findfont: score(FontEntry(fname='/usr/share/fonts/truetype/freefont/FreeMonoBoldOblique.ttf', name='FreeMono', style='oblique', variant='normal', weight=700, stretch='normal', size='scalable')) = 11.335
12:10:04 DEBUG findfont: score(FontEntry(fname='/usr/share/fonts/truetype/ttf-bitstream-vera/VeraBI.ttf', name='Bitstream Vera Sans', style='oblique', variant='normal', weight=700, stretch='normal', size='scalable')) = 2.244090909090909
12:10:04 DEBUG findfont: score(FontEntry(fname='/usr/share/fonts/truetype/lyx/eufm10.ttf', name='eufm10', style='normal', variant='normal', weight=400, stretch='normal', size='scalable')) = 10.05
12:10:04 DEBUG findfont: score(FontEntry(fname='/usr/share/fonts/truetype/ttf-bitstream-vera/VeraMoBd.ttf', name='Bitstream Vera Sans Mono', style='normal', variant='normal', weight=700, stretch='normal', size='scalable')) = 10.335
12:10:04 DEBUG findfont: score(FontEntry(fname='/usr/share/fonts/truetype/Nakula/nakula.ttf', name='Nakula', style='normal', variant='normal', weight=400, stretch='normal', size='scalable')) = 10.05
12:10:04 DEBUG findfont: score(FontEntry(fname='/usr/share/fonts/truetype/ubuntu/Ubuntu-C.ttf', name='Ubuntu Condensed', style='normal', variant='normal', weight=400, stretch='condensed', size='scalable')) = 10.25
12:10:04 DEBUG findfont: score(FontEntry(fname='/usr/share/fonts/truetype/freefont/FreeSerifBold.ttf', name='FreeSerif', style='normal', variant='normal', weight=700, stretch='normal', size='scalable')) = 10.335
12:10:04 DEBUG findfont: score(FontEntry(fname='/usr/share/fonts/opentype/urw-base35/NimbusSans-Regular.otf', name='Nimbus Sans', style='normal', variant='normal', weight=400, stretch='normal', size='scalable')) = 10.05
12:10:04 DEBUG findfont: score(FontEntry(fname='/usr/share/fonts/truetype/tlwg/Norasi-Bold.ttf', name='Norasi', style='normal', variant='normal', weight=700, stretch='normal', size='scalable')) = 10.335
12:10:04 DEBUG findfont: score(FontEntry(fname='/usr/share/fonts/truetype/liberation2/LiberationSans-Bold.ttf', name='Liberation Sans', style='normal', variant='normal', weight=700, stretch='normal', size='scalable')) = 10.335
12:10:04 DEBUG findfont: score(FontEntry(fname='/usr/share/fonts/truetype/ttf-khmeros-core/KhmerOSsys.ttf', name='Khmer OS System', style='normal', variant='normal', weight=400, stretch='normal', size='scalable')) = 10.05
12:10:04 DEBUG findfont: score(FontEntry(fname='/usr/share/fonts/truetype/ttf-bitstream-vera/VeraMoIt.ttf', name='Bitstream Vera Sans Mono', style='oblique', variant='normal', weight=400, stretch='normal', size='scalable')) = 11.05
12:10:04 DEBUG findfont: score(FontEntry(fname='/usr/share/fonts/truetype/ubuntu/UbuntuMono-R.ttf', name='Ubuntu Mono', style='normal', variant='normal', weight=400, stretch='normal', size='scalable')) = 10.05
12:10:04 DEBUG findfont: score(FontEntry(fname='/usr/share/fonts/truetype/dejavu/DejaVuSans-Oblique.ttf', name='DejaVu Sans', style='oblique', variant='normal', weight=400, stretch='normal', size='scalable')) = 1.05
12:10:04 DEBUG findfont: score(FontEntry(fname='/usr/share/fonts/truetype/dejavu/DejaVuSerif.ttf', name='DejaVu Serif', style='normal', variant='normal', weight=400, stretch='normal', size='scalable')) = 10.05
12:10:04 DEBUG findfont: score(FontEntry(fname='/usr/share/fonts/truetype/kacst/KacstPoster.ttf', name='KacstPoster', style='normal', variant='normal', weight=500, stretch='normal', size='scalable')) = 10.145
12:10:04 DEBUG findfont: score(FontEntry(fname='/usr/share/fonts/opentype/urw-base35/C059-Roman.otf', name='C059', style='normal', variant='normal', weight=400, stretch='normal', size='scalable')) = 10.05
12:10:04 DEBUG findfont: score(FontEntry(fname='/usr/share/fonts/truetype/tlwg/TlwgTypo-Oblique.ttf', name='Tlwg Typo', style='oblique', variant='normal', weight=400, stretch='normal', size='scalable')) = 11.05
12:10:04 DEBUG findfont: score(FontEntry(fname='/usr/share/fonts/opentype/urw-base35/P052-Bold.otf', name='P052', style='normal', variant='normal', weight=700, stretch='normal', size='scalable')) = 10.335
12:10:04 DEBUG findfont: score(FontEntry(fname='/usr/share/fonts/truetype/fonts-guru-extra/Saab.ttf', name='Saab', style='normal', variant='normal', weight=400, stretch='normal', size='scalable')) = 10.05
12:10:04 DEBUG findfont: score(FontEntry(fname='/usr/share/fonts/opentype/urw-base35/C059-BdIta.otf', name='C059', style='italic', variant='normal', weight=700, stretch='normal', size='scalable')) = 11.335
12:10:04 DEBUG findfont: score(FontEntry(fname='/usr/share/fonts/truetype/liberation/LiberationSansNarrow-Bold.ttf', name='Liberation Sans Narrow', style='normal', variant='normal', weight=700, stretch='condensed', size='scalable')) = 10.535
12:10:04 DEBUG findfont: score(FontEntry(fname='/usr/share/fonts/truetype/freefont/FreeMonoBold.ttf', name='FreeMono', style='normal', variant='normal', weight=700, stretch='normal', size='scalable')) = 10.335
12:10:04 DEBUG findfont: score(FontEntry(fname='/usr/share/fonts/truetype/samyak-fonts/Samyak-Gujarati.ttf', name='Samyak Gujarati', style='normal', variant='normal', weight=500, stretch='normal', size='scalable')) = 10.145
12:10:04 DEBUG findfont: score(FontEntry(fname='/usr/share/fonts/truetype/tlwg/TlwgTypo-BoldOblique.ttf', name='Tlwg Typo', style='oblique', variant='normal', weight=700, stretch='normal', size='scalable')) = 11.335
12:10:04 DEBUG findfont: score(FontEntry(fname='/usr/share/fonts/truetype/liberation/LiberationSansNarrow-Italic.ttf', name='Liberation Sans Narrow', style='italic', variant='normal', weight=400, stretch='condensed', size='scalable')) = 11.25
12:10:04 DEBUG findfont: score(FontEntry(fname='/usr/share/fonts/truetype/tlwg/TlwgTypist.ttf', name='Tlwg Typist', style='normal', variant='normal', weight=400, stretch='normal', size='scalable')) = 10.05
12:10:04 DEBUG findfont: score(FontEntry(fname='/usr/share/fonts/opentype/urw-base35/NimbusSans-Italic.otf', name='Nimbus Sans', style='italic', variant='normal', weight=400, stretch='normal', size='scalable')) = 11.05
12:10:04 DEBUG findfont: score(FontEntry(fname='/usr/share/fonts/truetype/malayalam/Dyuthi-Regular.ttf', name='Dyuthi', style='normal', variant='normal', weight=400, stretch='normal', size='scalable')) = 10.05
12:10:04 DEBUG findfont: score(FontEntry(fname='/usr/share/fonts/truetype/sinhala/lklug.ttf', name='LKLUG', style='normal', variant='normal', weight=400, stretch='normal', size='scalable')) = 10.05
12:10:04 DEBUG findfont: score(FontEntry(fname='/usr/share/fonts/truetype/malayalam/Rachana-Bold.ttf', name='Rachana', style='normal', variant='normal', weight=700, stretch='normal', size='scalable')) = 10.335
12:10:04 DEBUG findfont: score(FontEntry(fname='/usr/share/fonts/truetype/tlwg/TlwgMono-Bold.ttf', name='Tlwg Mono', style='normal', variant='normal', weight=700, stretch='normal', size='scalable')) = 10.335
12:10:04 DEBUG findfont: score(FontEntry(fname='/usr/share/fonts/opentype/urw-base35/NimbusSans-BoldItalic.otf', name='Nimbus Sans', style='italic', variant='normal', weight=700, stretch='normal', size='scalable')) = 11.335
12:10:04 DEBUG findfont: score(FontEntry(fname='/usr/share/fonts/truetype/lohit-tamil/Lohit-Tamil.ttf', name='Lohit Tamil', style='normal', variant='normal', weight=400, stretch='normal', size='scalable')) = 10.05
12:10:04 DEBUG findfont: score(FontEntry(fname='/usr/share/fonts/truetype/malayalam/Suruma.ttf', name='Suruma', style='normal', variant='normal', weight=500, stretch='normal', size='scalable')) = 10.145
12:10:04 DEBUG findfont: score(FontEntry(fname='/usr/share/fonts/truetype/ubuntu/UbuntuMono-RI.ttf', name='Ubuntu Mono', style='italic', variant='normal', weight=400, stretch='normal', size='scalable')) = 11.05
12:10:04 DEBUG findfont: score(FontEntry(fname='/usr/share/fonts/truetype/tlwg/TlwgTypewriter-Bold.ttf', name='Tlwg Typewriter', style='normal', variant='normal', weight=700, stretch='normal', size='scalable')) = 10.335
12:10:04 DEBUG findfont: score(FontEntry(fname='/usr/share/fonts/truetype/tibetan-machine/TibetanMachineUni.ttf', name='Tibetan Machine Uni', style='normal', variant='normal', weight=400, stretch='normal', size='scalable')) = 10.05
12:10:04 DEBUG findfont: score(FontEntry(fname='/usr/share/fonts/truetype/dejavu/DejaVuSerifCondensed.ttf', name='DejaVu Serif', style='normal', variant='normal', weight=400, stretch='condensed', size='scalable')) = 10.25
12:10:04 DEBUG findfont: score(FontEntry(fname='/usr/share/fonts/truetype/dejavu/DejaVuSerif-Italic.ttf', name='DejaVu Serif', style='italic', variant='normal', weight=400, stretch='normal', size='scalable')) = 11.05
12:10:04 DEBUG findfont: score(FontEntry(fname='/usr/share/fonts/truetype/dejavu/DejaVuSerif-BoldItalic.ttf', name='DejaVu Serif', style='italic', variant='normal', weight=700, stretch='normal', size='scalable')) = 11.335
12:10:04 DEBUG findfont: score(FontEntry(fname='/usr/share/fonts/truetype/liberation/LiberationSansNarrow-Regular.ttf', name='Liberation Sans Narrow', style='normal', variant='normal', weight=400, stretch='condensed', size='scalable')) = 10.25
12:10:04 DEBUG findfont: score(FontEntry(fname='/usr/share/fonts/truetype/padauk/Padauk-Regular.ttf', name='Padauk', style='normal', variant='normal', weight=400, stretch='normal', size='scalable')) = 10.05
12:10:04 DEBUG findfont: score(FontEntry(fname='/usr/share/fonts/truetype/tlwg/Norasi-Italic.ttf', name='Norasi', style='italic', variant='normal', weight=400, stretch='normal', size='scalable')) = 11.05
12:10:04 DEBUG findfont: score(FontEntry(fname='/usr/share/fonts/truetype/tlwg/Loma.ttf', name='Loma', style='normal', variant='normal', weight=400, stretch='normal', size='scalable')) = 10.05
12:10:04 DEBUG findfont: score(FontEntry(fname='/usr/share/fonts/opentype/malayalam/Gayathri-Thin.otf', name='Gayathri', style='normal', variant='normal', weight=100, stretch='normal', size='scalable')) = 10.335
12:10:04 DEBUG findfont: score(FontEntry(fname='/usr/share/fonts/opentype/malayalam/Manjari-Regular.otf', name='Manjari', style='normal', variant='normal', weight=400, stretch='normal', size='scalable')) = 10.05
12:10:04 DEBUG findfont: score(FontEntry(fname='/usr/share/fonts/truetype/Gargi/Gargi.ttf', name='Gargi', style='normal', variant='normal', weight=400, stretch='normal', size='scalable')) = 10.05
12:10:04 DEBUG findfont: score(FontEntry(fname='/usr/share/fonts/truetype/tlwg/Garuda.ttf', name='Garuda', style='normal', variant='normal', weight=400, stretch='normal', size='scalable')) = 10.05
12:10:04 DEBUG findfont: score(FontEntry(fname='/usr/share/fonts/truetype/abyssinica/AbyssinicaSIL-Regular.ttf', name='Abyssinica SIL', style='normal', variant='normal', weight=400, stretch='normal', size='scalable')) = 10.05
12:10:04 DEBUG findfont: score(FontEntry(fname='/usr/share/fonts/truetype/lohit-oriya/Lohit-Odia.ttf', name='Lohit Odia', style='normal', variant='normal', weight=400, stretch='normal', size='scalable')) = 10.05
12:10:04 DEBUG findfont: score(FontEntry(fname='/usr/share/fonts/opentype/malayalam/Chilanka-Regular.otf', name='Chilanka', style='normal', variant='normal', weight=400, stretch='normal', size='scalable')) = 10.05
12:10:04 DEBUG findfont: score(FontEntry(fname='/usr/share/fonts/truetype/lohit-telugu/Lohit-Telugu.ttf', name='Lohit Telugu', style='normal', variant='normal', weight=400, stretch='normal', size='scalable')) = 10.05
12:10:04 DEBUG findfont: score(FontEntry(fname='/usr/share/fonts/opentype/urw-base35/C059-Bold.otf', name='C059', style='normal', variant='normal', weight=700, stretch='normal', size='scalable')) = 10.335
12:10:04 DEBUG findfont: score(FontEntry(fname='/usr/share/fonts/truetype/lohit-gujarati/Lohit-Gujarati.ttf', name='Lohit Gujarati', style='normal', variant='normal', weight=400, stretch='normal', size='scalable')) = 10.05
12:10:04 DEBUG findfont: score(FontEntry(fname='/usr/share/fonts/truetype/tlwg/TlwgTypist-BoldOblique.ttf', name='Tlwg Typist', style='oblique', variant='normal', weight=700, stretch='normal', size='scalable')) = 11.335
12:10:04 DEBUG findfont: score(FontEntry(fname='/usr/share/fonts/truetype/Gubbi/Gubbi.ttf', name='Gubbi', style='normal', variant='normal', weight=400, stretch='normal', size='scalable')) = 10.05
12:10:04 DEBUG findfont: score(FontEntry(fname='/usr/share/fonts/truetype/kacst/KacstScreen.ttf', name='KacstScreen', style='normal', variant='normal', weight=500, stretch='normal', size='scalable')) = 10.145
12:10:04 DEBUG findfont: score(FontEntry(fname='/usr/share/fonts/truetype/kacst-one/KacstOne.ttf', name='KacstOne', style='normal', variant='normal', weight=400, stretch='normal', size='scalable')) = 10.05
12:10:04 DEBUG findfont: score(FontEntry(fname='/usr/share/fonts/truetype/fonts-gujr-extra/padmaa-Medium-0.5.ttf', name='padmaa', style='normal', variant='normal', weight=500, stretch='normal', size='scalable')) = 10.145
12:10:04 DEBUG findfont: score(FontEntry(fname='/usr/share/fonts/opentype/urw-base35/NimbusSans-Bold.otf', name='Nimbus Sans', style='normal', variant='normal', weight=700, stretch='normal', size='scalable')) = 10.335
12:10:04 DEBUG findfont: score(FontEntry(fname='/usr/share/fonts/truetype/dejavu/DejaVuSansCondensed-Bold.ttf', name='DejaVu Sans', style='normal', variant='normal', weight=700, stretch='condensed', size='scalable')) = 0.5349999999999999
12:10:04 DEBUG findfont: score(FontEntry(fname='/usr/share/fonts/truetype/tlwg/Purisa-Bold.ttf', name='Purisa', style='normal', variant='normal', weight=700, stretch='normal', size='scalable')) = 10.335
12:10:04 DEBUG findfont: score(FontEntry(fname='/usr/share/fonts/truetype/kacst/KacstArt.ttf', name='KacstArt', style='normal', variant='normal', weight=500, stretch='normal', size='scalable')) = 10.145
12:10:04 DEBUG findfont: score(FontEntry(fname='/usr/share/fonts/truetype/tlwg/Loma-Oblique.ttf', name='Loma', style='oblique', variant='normal', weight=400, stretch='normal', size='scalable')) = 11.05
12:10:04 DEBUG findfont: score(FontEntry(fname='/usr/share/fonts/truetype/ubuntu/Ubuntu-Th.ttf', name='Ubuntu', style='normal', variant='normal', weight=250, stretch='normal', size='scalable')) = 10.1925
12:10:04 DEBUG findfont: score(FontEntry(fname='/usr/share/fonts/truetype/fonts-beng-extra/MuktiNarrowBold.ttf', name='Mukti Narrow', style='normal', variant='normal', weight=700, stretch='normal', size='scalable')) = 10.335
12:10:04 DEBUG findfont: score(FontEntry(fname='/usr/share/fonts/truetype/freefont/FreeSans.ttf', name='FreeSans', style='normal', variant='normal', weight=400, stretch='normal', size='scalable')) = 10.05
12:10:04 DEBUG findfont: Matching sans\-serif:style=normal:variant=normal:weight=normal:stretch=normal:size=10.0 to DejaVu Sans ('/home/lidongting/miniconda3/envs/NLP/lib/python3.11/site-packages/matplotlib/mpl-data/fonts/ttf/DejaVuSans.ttf') with score of 0.050000.
12:10:04 DEBUG Assigning font /F1 = '/home/lidongting/miniconda3/envs/NLP/lib/python3.11/site-packages/matplotlib/mpl-data/fonts/ttf/DejaVuSans.ttf'
12:10:04 DEBUG Embedding font /home/lidongting/miniconda3/envs/NLP/lib/python3.11/site-packages/matplotlib/mpl-data/fonts/ttf/DejaVuSans.ttf.
12:10:04 DEBUG Writing TrueType font.
12:10:05 INFO Epoch: 2, 	 Iter: 50/188, 	 Loss: 1.50588660, 	 Acc: 38.875 , 	 lr: 0.000100
12:10:06 INFO Epoch: 2, 	 Iter: 100/188, 	 Loss: 1.48854343, 	 Acc: 39.875 , 	 lr: 0.000100
12:10:08 INFO Epoch: 2, 	 Iter: 150/188, 	 Loss: 1.48181126, 	 Acc: 40.375 , 	 lr: 0.000100
12:10:10 INFO Epoch: 2, 	 Valid, Loss: 1.51097901, 	 Acc: 37.000 , 	 Best Acc: 37.000
12:10:10 DEBUG Assigning font /F1 = '/home/lidongting/miniconda3/envs/NLP/lib/python3.11/site-packages/matplotlib/mpl-data/fonts/ttf/DejaVuSans.ttf'
12:10:10 DEBUG Embedding font /home/lidongting/miniconda3/envs/NLP/lib/python3.11/site-packages/matplotlib/mpl-data/fonts/ttf/DejaVuSans.ttf.
12:10:10 DEBUG Writing TrueType font.
12:10:11 INFO Epoch: 3, 	 Iter: 50/188, 	 Loss: 1.41564799, 	 Acc: 47.500 , 	 lr: 0.000100
12:10:12 INFO Epoch: 3, 	 Iter: 100/188, 	 Loss: 1.41427338, 	 Acc: 47.906 , 	 lr: 0.000100
12:10:13 INFO Epoch: 3, 	 Iter: 150/188, 	 Loss: 1.41733965, 	 Acc: 47.375 , 	 lr: 0.000100
12:10:16 INFO Epoch: 3, 	 Valid, Loss: 1.47737597, 	 Acc: 41.600 , 	 Best Acc: 41.600
12:10:16 DEBUG Assigning font /F1 = '/home/lidongting/miniconda3/envs/NLP/lib/python3.11/site-packages/matplotlib/mpl-data/fonts/ttf/DejaVuSans.ttf'
12:10:16 DEBUG Embedding font /home/lidongting/miniconda3/envs/NLP/lib/python3.11/site-packages/matplotlib/mpl-data/fonts/ttf/DejaVuSans.ttf.
12:10:16 DEBUG Writing TrueType font.
12:10:17 INFO Epoch: 4, 	 Iter: 50/188, 	 Loss: 1.37414182, 	 Acc: 51.938 , 	 lr: 0.000100
12:10:18 INFO Epoch: 4, 	 Iter: 100/188, 	 Loss: 1.37264484, 	 Acc: 52.406 , 	 lr: 0.000100
12:10:19 INFO Epoch: 4, 	 Iter: 150/188, 	 Loss: 1.37520720, 	 Acc: 52.229 , 	 lr: 0.000100
12:10:22 INFO Epoch: 4, 	 Valid, Loss: 1.44259050, 	 Acc: 44.600 , 	 Best Acc: 44.600
12:10:22 DEBUG Assigning font /F1 = '/home/lidongting/miniconda3/envs/NLP/lib/python3.11/site-packages/matplotlib/mpl-data/fonts/ttf/DejaVuSans.ttf'
12:10:22 DEBUG Embedding font /home/lidongting/miniconda3/envs/NLP/lib/python3.11/site-packages/matplotlib/mpl-data/fonts/ttf/DejaVuSans.ttf.
12:10:22 DEBUG Writing TrueType font.
12:10:23 INFO Epoch: 5, 	 Iter: 50/188, 	 Loss: 1.32715473, 	 Acc: 57.375 , 	 lr: 0.000100
12:10:24 INFO Epoch: 5, 	 Iter: 100/188, 	 Loss: 1.32570852, 	 Acc: 57.844 , 	 lr: 0.000100
12:10:25 INFO Epoch: 5, 	 Iter: 150/188, 	 Loss: 1.33462650, 	 Acc: 57.042 , 	 lr: 0.000100
12:10:28 INFO Epoch: 5, 	 Valid, Loss: 1.43817863, 	 Acc: 44.400 , 	 Best Acc: 44.600
12:10:28 DEBUG Assigning font /F1 = '/home/lidongting/miniconda3/envs/NLP/lib/python3.11/site-packages/matplotlib/mpl-data/fonts/ttf/DejaVuSans.ttf'
12:10:28 DEBUG Embedding font /home/lidongting/miniconda3/envs/NLP/lib/python3.11/site-packages/matplotlib/mpl-data/fonts/ttf/DejaVuSans.ttf.
12:10:28 DEBUG Writing TrueType font.
12:10:29 INFO Epoch: 6, 	 Iter: 50/188, 	 Loss: 1.28662298, 	 Acc: 62.187 , 	 lr: 0.000100
12:10:30 INFO Epoch: 6, 	 Iter: 100/188, 	 Loss: 1.28795090, 	 Acc: 62.375 , 	 lr: 0.000100
12:10:31 INFO Epoch: 6, 	 Iter: 150/188, 	 Loss: 1.29843984, 	 Acc: 61.479 , 	 lr: 0.000100
12:10:34 INFO Epoch: 6, 	 Valid, Loss: 1.44950728, 	 Acc: 42.800 , 	 Best Acc: 44.600
12:10:34 DEBUG Assigning font /F1 = '/home/lidongting/miniconda3/envs/NLP/lib/python3.11/site-packages/matplotlib/mpl-data/fonts/ttf/DejaVuSans.ttf'
12:10:34 DEBUG Embedding font /home/lidongting/miniconda3/envs/NLP/lib/python3.11/site-packages/matplotlib/mpl-data/fonts/ttf/DejaVuSans.ttf.
12:10:34 DEBUG Writing TrueType font.
12:10:34 INFO Epoch: 7, 	 Iter: 50/188, 	 Loss: 1.25890300, 	 Acc: 65.125 , 	 lr: 0.000100
12:10:35 INFO Epoch: 7, 	 Iter: 100/188, 	 Loss: 1.26013979, 	 Acc: 65.000 , 	 lr: 0.000100
12:10:37 INFO Epoch: 7, 	 Iter: 150/188, 	 Loss: 1.27303078, 	 Acc: 63.708 , 	 lr: 0.000100
12:10:39 INFO Epoch: 7, 	 Valid, Loss: 1.44943768, 	 Acc: 42.000 , 	 Best Acc: 44.600
12:10:39 DEBUG Assigning font /F1 = '/home/lidongting/miniconda3/envs/NLP/lib/python3.11/site-packages/matplotlib/mpl-data/fonts/ttf/DejaVuSans.ttf'
12:10:39 DEBUG Embedding font /home/lidongting/miniconda3/envs/NLP/lib/python3.11/site-packages/matplotlib/mpl-data/fonts/ttf/DejaVuSans.ttf.
12:10:39 DEBUG Writing TrueType font.
12:10:40 INFO Epoch: 8, 	 Iter: 50/188, 	 Loss: 1.23753606, 	 Acc: 67.375 , 	 lr: 0.000100
12:10:41 INFO Epoch: 8, 	 Iter: 100/188, 	 Loss: 1.24040832, 	 Acc: 67.125 , 	 lr: 0.000100
12:10:43 INFO Epoch: 8, 	 Iter: 150/188, 	 Loss: 1.25457325, 	 Acc: 65.771 , 	 lr: 0.000100
12:10:45 INFO Epoch: 8, 	 Valid, Loss: 1.44421670, 	 Acc: 44.200 , 	 Best Acc: 44.600
12:10:45 DEBUG Assigning font /F1 = '/home/lidongting/miniconda3/envs/NLP/lib/python3.11/site-packages/matplotlib/mpl-data/fonts/ttf/DejaVuSans.ttf'
12:10:45 DEBUG Embedding font /home/lidongting/miniconda3/envs/NLP/lib/python3.11/site-packages/matplotlib/mpl-data/fonts/ttf/DejaVuSans.ttf.
12:10:45 DEBUG Writing TrueType font.
12:10:46 INFO Epoch: 9, 	 Iter: 50/188, 	 Loss: 1.21063152, 	 Acc: 69.812 , 	 lr: 0.000100
12:10:47 INFO Epoch: 9, 	 Iter: 100/188, 	 Loss: 1.21431937, 	 Acc: 69.781 , 	 lr: 0.000100
12:10:49 INFO Epoch: 9, 	 Iter: 150/188, 	 Loss: 1.23680184, 	 Acc: 67.646 , 	 lr: 0.000100
12:10:51 INFO Epoch: 9, 	 Valid, Loss: 1.45777436, 	 Acc: 43.200 , 	 Best Acc: 44.600
12:10:51 DEBUG Assigning font /F1 = '/home/lidongting/miniconda3/envs/NLP/lib/python3.11/site-packages/matplotlib/mpl-data/fonts/ttf/DejaVuSans.ttf'
12:10:51 DEBUG Embedding font /home/lidongting/miniconda3/envs/NLP/lib/python3.11/site-packages/matplotlib/mpl-data/fonts/ttf/DejaVuSans.ttf.
12:10:51 DEBUG Writing TrueType font.
12:10:52 INFO Epoch: 10, 	 Iter: 50/188, 	 Loss: 1.20062632, 	 Acc: 70.875 , 	 lr: 0.000100
12:10:53 INFO Epoch: 10, 	 Iter: 100/188, 	 Loss: 1.20375677, 	 Acc: 70.469 , 	 lr: 0.000100
12:10:54 INFO Epoch: 10, 	 Iter: 150/188, 	 Loss: 1.22644072, 	 Acc: 67.854 , 	 lr: 0.000100
12:10:57 INFO Epoch: 10, 	 Valid, Loss: 1.45179223, 	 Acc: 43.600 , 	 Best Acc: 44.600
12:10:57 DEBUG Assigning font /F1 = '/home/lidongting/miniconda3/envs/NLP/lib/python3.11/site-packages/matplotlib/mpl-data/fonts/ttf/DejaVuSans.ttf'
12:10:57 DEBUG Embedding font /home/lidongting/miniconda3/envs/NLP/lib/python3.11/site-packages/matplotlib/mpl-data/fonts/ttf/DejaVuSans.ttf.
12:10:57 DEBUG Writing TrueType font.
12:10:58 INFO Epoch: 11, 	 Iter: 50/188, 	 Loss: 1.20776258, 	 Acc: 69.500 , 	 lr: 0.000100
12:10:59 INFO Epoch: 11, 	 Iter: 100/188, 	 Loss: 1.20558806, 	 Acc: 70.062 , 	 lr: 0.000100
12:11:00 INFO Epoch: 11, 	 Iter: 150/188, 	 Loss: 1.22323352, 	 Acc: 68.312 , 	 lr: 0.000100
12:11:02 INFO Epoch: 11, 	 Valid, Loss: 1.43380412, 	 Acc: 43.600 , 	 Best Acc: 44.600
12:11:02 DEBUG Assigning font /F1 = '/home/lidongting/miniconda3/envs/NLP/lib/python3.11/site-packages/matplotlib/mpl-data/fonts/ttf/DejaVuSans.ttf'
12:11:02 DEBUG Embedding font /home/lidongting/miniconda3/envs/NLP/lib/python3.11/site-packages/matplotlib/mpl-data/fonts/ttf/DejaVuSans.ttf.
12:11:02 DEBUG Writing TrueType font.
12:11:03 INFO Epoch: 12, 	 Iter: 50/188, 	 Loss: 1.17683281, 	 Acc: 73.250 , 	 lr: 0.000100
12:11:04 INFO Epoch: 12, 	 Iter: 100/188, 	 Loss: 1.18164170, 	 Acc: 72.531 , 	 lr: 0.000100
12:11:06 INFO Epoch: 12, 	 Iter: 150/188, 	 Loss: 1.20209752, 	 Acc: 70.708 , 	 lr: 0.000100
12:11:08 INFO Epoch: 12, 	 Valid, Loss: 1.43174681, 	 Acc: 45.400 , 	 Best Acc: 45.400
12:11:08 DEBUG Assigning font /F1 = '/home/lidongting/miniconda3/envs/NLP/lib/python3.11/site-packages/matplotlib/mpl-data/fonts/ttf/DejaVuSans.ttf'
12:11:08 DEBUG Embedding font /home/lidongting/miniconda3/envs/NLP/lib/python3.11/site-packages/matplotlib/mpl-data/fonts/ttf/DejaVuSans.ttf.
12:11:08 DEBUG Writing TrueType font.
12:11:09 INFO Epoch: 13, 	 Iter: 50/188, 	 Loss: 1.15521780, 	 Acc: 75.562 , 	 lr: 0.000100
12:11:10 INFO Epoch: 13, 	 Iter: 100/188, 	 Loss: 1.15538769, 	 Acc: 75.781 , 	 lr: 0.000100
12:11:12 INFO Epoch: 13, 	 Iter: 150/188, 	 Loss: 1.17847107, 	 Acc: 73.333 , 	 lr: 0.000100
12:11:14 INFO Epoch: 13, 	 Valid, Loss: 1.42207146, 	 Acc: 47.200 , 	 Best Acc: 47.200
12:11:15 DEBUG Assigning font /F1 = '/home/lidongting/miniconda3/envs/NLP/lib/python3.11/site-packages/matplotlib/mpl-data/fonts/ttf/DejaVuSans.ttf'
12:11:15 DEBUG Embedding font /home/lidongting/miniconda3/envs/NLP/lib/python3.11/site-packages/matplotlib/mpl-data/fonts/ttf/DejaVuSans.ttf.
12:11:15 DEBUG Writing TrueType font.
12:11:15 INFO Epoch: 14, 	 Iter: 50/188, 	 Loss: 1.14662851, 	 Acc: 76.188 , 	 lr: 0.000100
12:11:17 INFO Epoch: 14, 	 Iter: 100/188, 	 Loss: 1.13877841, 	 Acc: 77.188 , 	 lr: 0.000100
12:11:18 INFO Epoch: 14, 	 Iter: 150/188, 	 Loss: 1.15759066, 	 Acc: 75.208 , 	 lr: 0.000100
12:11:20 INFO Epoch: 14, 	 Valid, Loss: 1.42526113, 	 Acc: 45.600 , 	 Best Acc: 47.200
12:11:20 DEBUG Assigning font /F1 = '/home/lidongting/miniconda3/envs/NLP/lib/python3.11/site-packages/matplotlib/mpl-data/fonts/ttf/DejaVuSans.ttf'
12:11:20 DEBUG Embedding font /home/lidongting/miniconda3/envs/NLP/lib/python3.11/site-packages/matplotlib/mpl-data/fonts/ttf/DejaVuSans.ttf.
12:11:20 DEBUG Writing TrueType font.
12:11:21 INFO Epoch: 15, 	 Iter: 50/188, 	 Loss: 1.14373995, 	 Acc: 76.438 , 	 lr: 0.000100
12:11:22 INFO Epoch: 15, 	 Iter: 100/188, 	 Loss: 1.13360241, 	 Acc: 77.594 , 	 lr: 0.000100
12:11:24 INFO Epoch: 15, 	 Iter: 150/188, 	 Loss: 1.14395852, 	 Acc: 76.708 , 	 lr: 0.000100
12:11:26 INFO Epoch: 15, 	 Valid, Loss: 1.42135098, 	 Acc: 46.200 , 	 Best Acc: 47.200
12:11:26 DEBUG Assigning font /F1 = '/home/lidongting/miniconda3/envs/NLP/lib/python3.11/site-packages/matplotlib/mpl-data/fonts/ttf/DejaVuSans.ttf'
12:11:26 DEBUG Embedding font /home/lidongting/miniconda3/envs/NLP/lib/python3.11/site-packages/matplotlib/mpl-data/fonts/ttf/DejaVuSans.ttf.
12:11:26 DEBUG Writing TrueType font.
12:11:27 INFO Epoch: 16, 	 Iter: 50/188, 	 Loss: 1.13630002, 	 Acc: 77.188 , 	 lr: 0.000100
12:11:28 INFO Epoch: 16, 	 Iter: 100/188, 	 Loss: 1.12941481, 	 Acc: 77.906 , 	 lr: 0.000100
12:11:30 INFO Epoch: 16, 	 Iter: 150/188, 	 Loss: 1.13367529, 	 Acc: 77.562 , 	 lr: 0.000100
12:11:32 INFO Epoch: 16, 	 Valid, Loss: 1.42632238, 	 Acc: 47.000 , 	 Best Acc: 47.200
12:11:32 DEBUG Assigning font /F1 = '/home/lidongting/miniconda3/envs/NLP/lib/python3.11/site-packages/matplotlib/mpl-data/fonts/ttf/DejaVuSans.ttf'
12:11:32 DEBUG Embedding font /home/lidongting/miniconda3/envs/NLP/lib/python3.11/site-packages/matplotlib/mpl-data/fonts/ttf/DejaVuSans.ttf.
12:11:32 DEBUG Writing TrueType font.
12:11:33 INFO Epoch: 17, 	 Iter: 50/188, 	 Loss: 1.12783679, 	 Acc: 77.812 , 	 lr: 0.000100
12:11:34 INFO Epoch: 17, 	 Iter: 100/188, 	 Loss: 1.12025109, 	 Acc: 78.844 , 	 lr: 0.000100
12:11:35 INFO Epoch: 17, 	 Iter: 150/188, 	 Loss: 1.12371250, 	 Acc: 78.583 , 	 lr: 0.000100
12:11:38 INFO Epoch: 17, 	 Valid, Loss: 1.43303568, 	 Acc: 45.200 , 	 Best Acc: 47.200
12:11:38 DEBUG Assigning font /F1 = '/home/lidongting/miniconda3/envs/NLP/lib/python3.11/site-packages/matplotlib/mpl-data/fonts/ttf/DejaVuSans.ttf'
12:11:38 DEBUG Embedding font /home/lidongting/miniconda3/envs/NLP/lib/python3.11/site-packages/matplotlib/mpl-data/fonts/ttf/DejaVuSans.ttf.
12:11:38 DEBUG Writing TrueType font.
12:11:39 INFO Epoch: 18, 	 Iter: 50/188, 	 Loss: 1.11999624, 	 Acc: 78.688 , 	 lr: 0.000100
12:11:40 INFO Epoch: 18, 	 Iter: 100/188, 	 Loss: 1.10897682, 	 Acc: 80.000 , 	 lr: 0.000100
12:11:41 INFO Epoch: 18, 	 Iter: 150/188, 	 Loss: 1.11394480, 	 Acc: 79.500 , 	 lr: 0.000100
12:11:43 INFO Epoch: 18, 	 Valid, Loss: 1.42974179, 	 Acc: 45.200 , 	 Best Acc: 47.200
12:11:43 DEBUG Assigning font /F1 = '/home/lidongting/miniconda3/envs/NLP/lib/python3.11/site-packages/matplotlib/mpl-data/fonts/ttf/DejaVuSans.ttf'
12:11:43 DEBUG Embedding font /home/lidongting/miniconda3/envs/NLP/lib/python3.11/site-packages/matplotlib/mpl-data/fonts/ttf/DejaVuSans.ttf.
12:11:43 DEBUG Writing TrueType font.
12:11:44 INFO Epoch: 19, 	 Iter: 50/188, 	 Loss: 1.12327510, 	 Acc: 78.250 , 	 lr: 0.000100
12:11:45 INFO Epoch: 19, 	 Iter: 100/188, 	 Loss: 1.11536899, 	 Acc: 79.062 , 	 lr: 0.000100
12:11:47 INFO Epoch: 19, 	 Iter: 150/188, 	 Loss: 1.11535196, 	 Acc: 79.229 , 	 lr: 0.000100
12:11:49 INFO Epoch: 19, 	 Valid, Loss: 1.43382571, 	 Acc: 46.200 , 	 Best Acc: 47.200
12:11:49 DEBUG Assigning font /F1 = '/home/lidongting/miniconda3/envs/NLP/lib/python3.11/site-packages/matplotlib/mpl-data/fonts/ttf/DejaVuSans.ttf'
12:11:49 DEBUG Embedding font /home/lidongting/miniconda3/envs/NLP/lib/python3.11/site-packages/matplotlib/mpl-data/fonts/ttf/DejaVuSans.ttf.
12:11:49 DEBUG Writing TrueType font.
12:11:50 INFO Epoch: 20, 	 Iter: 50/188, 	 Loss: 1.11649991, 	 Acc: 78.938 , 	 lr: 0.000100
12:11:51 INFO Epoch: 20, 	 Iter: 100/188, 	 Loss: 1.11204279, 	 Acc: 79.500 , 	 lr: 0.000100
12:11:52 INFO Epoch: 20, 	 Iter: 150/188, 	 Loss: 1.11282429, 	 Acc: 79.583 , 	 lr: 0.000100
12:11:55 INFO Epoch: 20, 	 Valid, Loss: 1.43211833, 	 Acc: 46.400 , 	 Best Acc: 47.200
12:11:55 DEBUG Assigning font /F1 = '/home/lidongting/miniconda3/envs/NLP/lib/python3.11/site-packages/matplotlib/mpl-data/fonts/ttf/DejaVuSans.ttf'
12:11:55 DEBUG Embedding font /home/lidongting/miniconda3/envs/NLP/lib/python3.11/site-packages/matplotlib/mpl-data/fonts/ttf/DejaVuSans.ttf.
12:11:55 DEBUG Writing TrueType font.
12:11:56 INFO Epoch: 21, 	 Iter: 50/188, 	 Loss: 1.10790992, 	 Acc: 79.625 , 	 lr: 0.000100
12:11:57 INFO Epoch: 21, 	 Iter: 100/188, 	 Loss: 1.09621092, 	 Acc: 81.125 , 	 lr: 0.000100
12:11:58 INFO Epoch: 21, 	 Iter: 150/188, 	 Loss: 1.10299827, 	 Acc: 80.583 , 	 lr: 0.000100
12:12:00 INFO Epoch: 21, 	 Valid, Loss: 1.43028616, 	 Acc: 47.200 , 	 Best Acc: 47.200
12:12:00 DEBUG Assigning font /F1 = '/home/lidongting/miniconda3/envs/NLP/lib/python3.11/site-packages/matplotlib/mpl-data/fonts/ttf/DejaVuSans.ttf'
12:12:01 DEBUG Embedding font /home/lidongting/miniconda3/envs/NLP/lib/python3.11/site-packages/matplotlib/mpl-data/fonts/ttf/DejaVuSans.ttf.
12:12:01 DEBUG Writing TrueType font.
12:12:01 INFO Epoch: 22, 	 Iter: 50/188, 	 Loss: 1.10726578, 	 Acc: 79.438 , 	 lr: 0.000100
12:12:02 INFO Epoch: 22, 	 Iter: 100/188, 	 Loss: 1.09344184, 	 Acc: 81.250 , 	 lr: 0.000100
12:12:04 INFO Epoch: 22, 	 Iter: 150/188, 	 Loss: 1.09552018, 	 Acc: 81.125 , 	 lr: 0.000100
12:12:06 INFO Epoch: 22, 	 Valid, Loss: 1.43559989, 	 Acc: 45.400 , 	 Best Acc: 47.200
12:12:06 DEBUG Assigning font /F1 = '/home/lidongting/miniconda3/envs/NLP/lib/python3.11/site-packages/matplotlib/mpl-data/fonts/ttf/DejaVuSans.ttf'
12:12:06 DEBUG Embedding font /home/lidongting/miniconda3/envs/NLP/lib/python3.11/site-packages/matplotlib/mpl-data/fonts/ttf/DejaVuSans.ttf.
12:12:06 DEBUG Writing TrueType font.
12:12:07 INFO Epoch: 23, 	 Iter: 50/188, 	 Loss: 1.09802668, 	 Acc: 80.438 , 	 lr: 0.000100
12:12:08 INFO Epoch: 23, 	 Iter: 100/188, 	 Loss: 1.09009674, 	 Acc: 81.250 , 	 lr: 0.000100
12:12:10 INFO Epoch: 23, 	 Iter: 150/188, 	 Loss: 1.09792163, 	 Acc: 80.625 , 	 lr: 0.000100
12:12:12 INFO Epoch: 23, 	 Valid, Loss: 1.41852817, 	 Acc: 47.000 , 	 Best Acc: 47.200
12:12:12 DEBUG Assigning font /F1 = '/home/lidongting/miniconda3/envs/NLP/lib/python3.11/site-packages/matplotlib/mpl-data/fonts/ttf/DejaVuSans.ttf'
12:12:12 DEBUG Embedding font /home/lidongting/miniconda3/envs/NLP/lib/python3.11/site-packages/matplotlib/mpl-data/fonts/ttf/DejaVuSans.ttf.
12:12:12 DEBUG Writing TrueType font.
12:12:13 INFO Epoch: 24, 	 Iter: 50/188, 	 Loss: 1.09616475, 	 Acc: 80.688 , 	 lr: 0.000100
12:12:14 INFO Epoch: 24, 	 Iter: 100/188, 	 Loss: 1.07951054, 	 Acc: 82.594 , 	 lr: 0.000100
12:12:15 INFO Epoch: 24, 	 Iter: 150/188, 	 Loss: 1.08889183, 	 Acc: 81.833 , 	 lr: 0.000100
12:12:18 INFO Epoch: 24, 	 Valid, Loss: 1.42863969, 	 Acc: 46.800 , 	 Best Acc: 47.200
12:12:18 DEBUG Assigning font /F1 = '/home/lidongting/miniconda3/envs/NLP/lib/python3.11/site-packages/matplotlib/mpl-data/fonts/ttf/DejaVuSans.ttf'
12:12:18 DEBUG Embedding font /home/lidongting/miniconda3/envs/NLP/lib/python3.11/site-packages/matplotlib/mpl-data/fonts/ttf/DejaVuSans.ttf.
12:12:18 DEBUG Writing TrueType font.
12:12:19 INFO Epoch: 25, 	 Iter: 50/188, 	 Loss: 1.08730235, 	 Acc: 81.812 , 	 lr: 0.000100
12:12:19 INFO Epoch: 25, 	 Iter: 100/188, 	 Loss: 1.07365079, 	 Acc: 83.250 , 	 lr: 0.000100
12:12:21 INFO Epoch: 25, 	 Iter: 150/188, 	 Loss: 1.07864411, 	 Acc: 82.875 , 	 lr: 0.000100
12:12:23 INFO Epoch: 25, 	 Valid, Loss: 1.43071730, 	 Acc: 46.600 , 	 Best Acc: 47.200
12:12:23 DEBUG Assigning font /F1 = '/home/lidongting/miniconda3/envs/NLP/lib/python3.11/site-packages/matplotlib/mpl-data/fonts/ttf/DejaVuSans.ttf'
12:12:23 DEBUG Embedding font /home/lidongting/miniconda3/envs/NLP/lib/python3.11/site-packages/matplotlib/mpl-data/fonts/ttf/DejaVuSans.ttf.
12:12:23 DEBUG Writing TrueType font.
12:12:24 INFO Epoch: 26, 	 Iter: 50/188, 	 Loss: 1.07937374, 	 Acc: 82.375 , 	 lr: 0.000100
12:12:25 INFO Epoch: 26, 	 Iter: 100/188, 	 Loss: 1.06947621, 	 Acc: 83.531 , 	 lr: 0.000100
12:12:27 INFO Epoch: 26, 	 Iter: 150/188, 	 Loss: 1.07334359, 	 Acc: 83.208 , 	 lr: 0.000100
12:12:29 INFO Epoch: 26, 	 Valid, Loss: 1.42849719, 	 Acc: 46.400 , 	 Best Acc: 47.200
12:12:29 DEBUG Assigning font /F1 = '/home/lidongting/miniconda3/envs/NLP/lib/python3.11/site-packages/matplotlib/mpl-data/fonts/ttf/DejaVuSans.ttf'
12:12:29 DEBUG Embedding font /home/lidongting/miniconda3/envs/NLP/lib/python3.11/site-packages/matplotlib/mpl-data/fonts/ttf/DejaVuSans.ttf.
12:12:29 DEBUG Writing TrueType font.
12:12:30 INFO Epoch: 27, 	 Iter: 50/188, 	 Loss: 1.07757180, 	 Acc: 82.438 , 	 lr: 0.000100
12:12:31 INFO Epoch: 27, 	 Iter: 100/188, 	 Loss: 1.06449922, 	 Acc: 84.031 , 	 lr: 0.000100
12:12:33 INFO Epoch: 27, 	 Iter: 150/188, 	 Loss: 1.06519172, 	 Acc: 84.083 , 	 lr: 0.000100
12:12:35 INFO Epoch: 27, 	 Valid, Loss: 1.41578381, 	 Acc: 47.800 , 	 Best Acc: 47.800
12:12:35 DEBUG Assigning font /F1 = '/home/lidongting/miniconda3/envs/NLP/lib/python3.11/site-packages/matplotlib/mpl-data/fonts/ttf/DejaVuSans.ttf'
12:12:35 DEBUG Embedding font /home/lidongting/miniconda3/envs/NLP/lib/python3.11/site-packages/matplotlib/mpl-data/fonts/ttf/DejaVuSans.ttf.
12:12:35 DEBUG Writing TrueType font.
12:12:36 INFO Epoch: 28, 	 Iter: 50/188, 	 Loss: 1.06886371, 	 Acc: 83.812 , 	 lr: 0.000100
12:12:37 INFO Epoch: 28, 	 Iter: 100/188, 	 Loss: 1.05735133, 	 Acc: 84.969 , 	 lr: 0.000100
12:12:38 INFO Epoch: 28, 	 Iter: 150/188, 	 Loss: 1.05881183, 	 Acc: 84.729 , 	 lr: 0.000100
12:12:41 INFO Epoch: 28, 	 Valid, Loss: 1.40583587, 	 Acc: 49.000 , 	 Best Acc: 49.000
12:12:41 DEBUG Assigning font /F1 = '/home/lidongting/miniconda3/envs/NLP/lib/python3.11/site-packages/matplotlib/mpl-data/fonts/ttf/DejaVuSans.ttf'
12:12:41 DEBUG Embedding font /home/lidongting/miniconda3/envs/NLP/lib/python3.11/site-packages/matplotlib/mpl-data/fonts/ttf/DejaVuSans.ttf.
12:12:41 DEBUG Writing TrueType font.
12:12:42 INFO Epoch: 29, 	 Iter: 50/188, 	 Loss: 1.06391641, 	 Acc: 84.250 , 	 lr: 0.000100
12:12:43 INFO Epoch: 29, 	 Iter: 100/188, 	 Loss: 1.05131465, 	 Acc: 85.500 , 	 lr: 0.000100
12:12:44 INFO Epoch: 29, 	 Iter: 150/188, 	 Loss: 1.05007607, 	 Acc: 85.604 , 	 lr: 0.000100
12:12:47 INFO Epoch: 29, 	 Valid, Loss: 1.41565827, 	 Acc: 47.800 , 	 Best Acc: 49.000
12:12:47 DEBUG Assigning font /F1 = '/home/lidongting/miniconda3/envs/NLP/lib/python3.11/site-packages/matplotlib/mpl-data/fonts/ttf/DejaVuSans.ttf'
12:12:47 DEBUG Embedding font /home/lidongting/miniconda3/envs/NLP/lib/python3.11/site-packages/matplotlib/mpl-data/fonts/ttf/DejaVuSans.ttf.
12:12:47 DEBUG Writing TrueType font.
12:12:47 INFO Epoch: 30, 	 Iter: 50/188, 	 Loss: 1.06606015, 	 Acc: 84.062 , 	 lr: 0.000100
12:12:48 INFO Epoch: 30, 	 Iter: 100/188, 	 Loss: 1.05245253, 	 Acc: 85.406 , 	 lr: 0.000100
12:12:50 INFO Epoch: 30, 	 Iter: 150/188, 	 Loss: 1.04798401, 	 Acc: 85.875 , 	 lr: 0.000100
12:12:52 INFO Epoch: 30, 	 Valid, Loss: 1.41527419, 	 Acc: 48.400 , 	 Best Acc: 49.000
12:12:52 DEBUG Assigning font /F1 = '/home/lidongting/miniconda3/envs/NLP/lib/python3.11/site-packages/matplotlib/mpl-data/fonts/ttf/DejaVuSans.ttf'
12:12:52 DEBUG Embedding font /home/lidongting/miniconda3/envs/NLP/lib/python3.11/site-packages/matplotlib/mpl-data/fonts/ttf/DejaVuSans.ttf.
12:12:52 DEBUG Writing TrueType font.
12:12:53 INFO valid loss: 1.406, 	 valid acc: 49.000, 	 test loss: 1.385, 	 test acc: 51.200 
